#
# There is insufficient memory for the Java Runtime Environment to continue.
# Native memory allocation (malloc) failed to allocate 1062656 bytes for Chunk::new
# Possible reasons:
#   The system is out of physical RAM or swap space
#   The process is running with CompressedOops enabled, and the Java Heap may be blocking the growth of the native heap
# Possible solutions:
#   Reduce memory load on the system
#   Increase physical memory or swap space
#   Check if swap backing store is full
#   Decrease Java heap size (-Xmx/-Xms)
#   Decrease number of Java threads
#   Decrease Java thread stack sizes (-Xss)
#   Set larger code cache with -XX:ReservedCodeCacheSize=
#   JVM is running with Unscaled Compressed Oops mode in which the Java heap is
#     placed in the first 4GB address space. The Java Heap base address is the
#     maximum limit for the native heap growth. Please use -XX:HeapBaseMinAddress
#     to set the Java Heap base and to place the Java Heap above 4GB virtual address.
# This output file may be truncated or incomplete.
#
#  Out of Memory Error (arena.cpp:191), pid=129696, tid=159576
#
# JRE version: OpenJDK Runtime Environment Temurin-17.0.10+7 (17.0.10+7) (build 17.0.10+7)
# Java VM: OpenJDK 64-Bit Server VM Temurin-17.0.10+7 (17.0.10+7, mixed mode, tiered, compressed oops, compressed class ptrs, parallel gc, windows-amd64)
# No core dump will be written. Minidumps are not enabled by default on client versions of Windows
#

---------------  S U M M A R Y ------------

Command Line: --add-modules=ALL-SYSTEM --add-opens=java.base/java.util=ALL-UNNAMED --add-opens=java.base/java.lang=ALL-UNNAMED --add-opens=java.base/sun.nio.fs=ALL-UNNAMED -Declipse.application=org.eclipse.jdt.ls.core.id1 -Dosgi.bundles.defaultStartLevel=4 -Declipse.product=org.eclipse.jdt.ls.core.product -Djava.import.generatesMetadataFilesAtProjectRoot=false -DDetectVMInstallationsJob.disabled=true -Dfile.encoding=utf8 -XX:+UseParallelGC -XX:GCTimeRatio=4 -XX:AdaptiveSizePolicyWeight=90 -Dsun.zip.disableMemoryMapping=true -Xmx1G -Xms100m -Xlog:disable -javaagent:c:\Users\aDMINISTRATOR\.vscode\extensions\redhat.java-1.30.0-win32-x64\lombok\lombok-1.18.32.jar c:\Users\aDMINISTRATOR\.vscode\extensions\redhat.java-1.30.0-win32-x64\server\plugins\org.eclipse.equinox.launcher_1.6.800.v20240330-1250.jar -configuration c:\Users\aDMINISTRATOR\AppData\Roaming\Code\User\globalStorage\redhat.java\1.30.0\config_ss_win -data c:\Users\aDMINISTRATOR\AppData\Roaming\Code\User\workspaceStorage\615ccf0f16dc16ebe47b9a3c97cb4bae\redhat.java\ss_ws --pipe=\\.\pipe\lsp-9927e3d94f647ddf6a71c2b70043c163-sock

Host: Intel(R) Core(TM) i7-10700F CPU @ 2.90GHz, 16 cores, 15G,  Windows 10 , 64 bit Build 19041 (10.0.19041.3636)
Time: Tue May  7 13:51:27 2024 Hora oficial do Brasil elapsed time: 14.756616 seconds (0d 0h 0m 14s)

---------------  T H R E A D  ---------------

Current thread (0x0000019375769420):  JavaThread "C2 CompilerThread2" daemon [_thread_in_native, id=159576, stack(0x0000005e60200000,0x0000005e60300000)]


Current CompileTask:
C2:  14756 5866       4       lombok.core.AST::buildWithField (21 bytes)

Stack: [0x0000005e60200000,0x0000005e60300000]
Native frames: (J=compiled Java code, j=interpreted, Vv=VM code, C=native code)
V  [jvm.dll+0x67d2c9]
V  [jvm.dll+0x834afa]
V  [jvm.dll+0x8365be]
V  [jvm.dll+0x836c23]
V  [jvm.dll+0x2477ff]
V  [jvm.dll+0xac514]
V  [jvm.dll+0xacb5c]
V  [jvm.dll+0x2aed1f]
V  [jvm.dll+0x584b67]
V  [jvm.dll+0x2228a2]
V  [jvm.dll+0x222c8f]
V  [jvm.dll+0x21bdb6]
V  [jvm.dll+0x219201]
V  [jvm.dll+0x1a502d]
V  [jvm.dll+0x2290de]
V  [jvm.dll+0x2272ac]
V  [jvm.dll+0x7e9bb7]
V  [jvm.dll+0x7e3fba]
V  [jvm.dll+0x67c1b5]
C  [ucrtbase.dll+0x21bb2]
C  [KERNEL32.DLL+0x17344]
C  [ntdll.dll+0x526b1]


---------------  P R O C E S S  ---------------

Threads class SMR info:
_java_thread_list=0x000001930014b5d0, length=55, elements={
0x00000193580fe4c0, 0x00000193731f9740, 0x00000193731fbf00, 0x000001936deea690,
0x000001936deeb220, 0x000001936deee560, 0x0000019373239960, 0x00000193732436d0,
0x0000019373244090, 0x000001937324f180, 0x00000193733c79e0, 0x0000019373382010,
0x0000019375114030, 0x00000193733c8400, 0x00000193733c8910, 0x00000193733c7ef0,
0x00000193733c6ab0, 0x00000193733c8e20, 0x00000193733c6090, 0x00000193733c6fc0,
0x00000193733c74d0, 0x000001937664a2f0, 0x000001937664d080, 0x0000019376647f80,
0x0000019376647050, 0x000001937664b220, 0x0000019376649de0, 0x00000193766489a0,
0x000001937664bc40, 0x0000019376648eb0, 0x00000193766493c0, 0x0000019376648490,
0x000001937664c150, 0x000001937664a800, 0x000001937664c660, 0x000001937664dfb0,
0x000001937664d590, 0x0000019376646b40, 0x000001937664cb70, 0x00000193766498d0,
0x0000019376647a70, 0x000001937664e4c0, 0x0000019376647560, 0x000001937664ad10,
0x00000193733c9840, 0x0000019300982ef0, 0x000001930097e300, 0x000001930097bf90,
0x0000019300980b80, 0x0000019300981fc0, 0x000001930097cec0, 0x000001930012d830,
0x0000019375769420, 0x000001937351d310, 0x0000019376c34160
}

Java Threads: ( => current thread )
  0x00000193580fe4c0 JavaThread "main" [_thread_blocked, id=152084, stack(0x0000005e5bd00000,0x0000005e5be00000)]
  0x00000193731f9740 JavaThread "Reference Handler" daemon [_thread_blocked, id=149612, stack(0x0000005e5c000000,0x0000005e5c100000)]
  0x00000193731fbf00 JavaThread "Finalizer" daemon [_thread_blocked, id=137560, stack(0x0000005e5c100000,0x0000005e5c200000)]
  0x000001936deea690 JavaThread "Signal Dispatcher" daemon [_thread_blocked, id=149800, stack(0x0000005e5c200000,0x0000005e5c300000)]
  0x000001936deeb220 JavaThread "Attach Listener" daemon [_thread_blocked, id=148156, stack(0x0000005e5c300000,0x0000005e5c400000)]
  0x000001936deee560 JavaThread "Service Thread" daemon [_thread_blocked, id=158556, stack(0x0000005e5c400000,0x0000005e5c500000)]
  0x0000019373239960 JavaThread "Monitor Deflation Thread" daemon [_thread_blocked, id=158632, stack(0x0000005e5c500000,0x0000005e5c600000)]
  0x00000193732436d0 JavaThread "C2 CompilerThread0" daemon [_thread_in_native, id=157756, stack(0x0000005e5c600000,0x0000005e5c700000)]
  0x0000019373244090 JavaThread "C1 CompilerThread0" daemon [_thread_blocked, id=148904, stack(0x0000005e5c700000,0x0000005e5c800000)]
  0x000001937324f180 JavaThread "Sweeper thread" daemon [_thread_blocked, id=138824, stack(0x0000005e5c800000,0x0000005e5c900000)]
  0x00000193733c79e0 JavaThread "Common-Cleaner" daemon [_thread_blocked, id=158256, stack(0x0000005e5c900000,0x0000005e5ca00000)]
  0x0000019373382010 JavaThread "C1 CompilerThread1" daemon [_thread_blocked, id=155320, stack(0x0000005e5ca00000,0x0000005e5cb00000)]
  0x0000019375114030 JavaThread "C1 CompilerThread2" daemon [_thread_blocked, id=135580, stack(0x0000005e5cc00000,0x0000005e5cd00000)]
  0x00000193733c8400 JavaThread "Notification Thread" daemon [_thread_blocked, id=149436, stack(0x0000005e5cb00000,0x0000005e5cc00000)]
  0x00000193733c8910 JavaThread "Active Thread: Equinox Container: 47cda846-e450-4d41-8be6-af6af354c9cd" [_thread_blocked, id=154032, stack(0x0000005e5d500000,0x0000005e5d600000)]
  0x00000193733c7ef0 JavaThread "Framework Event Dispatcher: Equinox Container: 47cda846-e450-4d41-8be6-af6af354c9cd" daemon [_thread_blocked, id=149956, stack(0x0000005e5d600000,0x0000005e5d700000)]
  0x00000193733c6ab0 JavaThread "Start Level: Equinox Container: 47cda846-e450-4d41-8be6-af6af354c9cd" daemon [_thread_blocked, id=134256, stack(0x0000005e5d700000,0x0000005e5d800000)]
  0x00000193733c8e20 JavaThread "SCR Component Actor" daemon [_thread_blocked, id=147784, stack(0x0000005e5d800000,0x0000005e5d900000)]
  0x00000193733c6090 JavaThread "Worker-JM" [_thread_blocked, id=139680, stack(0x0000005e5d400000,0x0000005e5d500000)]
  0x00000193733c6fc0 JavaThread "Worker-0: Publish Diagnostics" [_thread_in_native, id=151232, stack(0x0000005e5e000000,0x0000005e5e100000)]
  0x00000193733c74d0 JavaThread "Worker-1" [_thread_blocked, id=143036, stack(0x0000005e5e100000,0x0000005e5e200000)]
  0x000001937664a2f0 JavaThread "Worker-2" [_thread_blocked, id=151620, stack(0x0000005e5e300000,0x0000005e5e400000)]
  0x000001937664d080 JavaThread "JNA Cleaner" daemon [_thread_blocked, id=158580, stack(0x0000005e5e600000,0x0000005e5e700000)]
  0x0000019376647f80 JavaThread "Thread-2" daemon [_thread_in_native, id=153652, stack(0x0000005e5e900000,0x0000005e5ea00000)]
  0x0000019376647050 JavaThread "Thread-3" daemon [_thread_in_native, id=142808, stack(0x0000005e5ea00000,0x0000005e5eb00000)]
  0x000001937664b220 JavaThread "Thread-4" daemon [_thread_in_native, id=156204, stack(0x0000005e5eb00000,0x0000005e5ec00000)]
  0x0000019376649de0 JavaThread "Thread-5" daemon [_thread_in_native, id=158764, stack(0x0000005e5ec00000,0x0000005e5ed00000)]
  0x00000193766489a0 JavaThread "Thread-6" daemon [_thread_in_native, id=153852, stack(0x0000005e5ed00000,0x0000005e5ee00000)]
  0x000001937664bc40 JavaThread "Thread-7" daemon [_thread_in_native, id=152776, stack(0x0000005e5ee00000,0x0000005e5ef00000)]
  0x0000019376648eb0 JavaThread "Thread-8" daemon [_thread_in_native, id=154944, stack(0x0000005e5ef00000,0x0000005e5f000000)]
  0x00000193766493c0 JavaThread "Thread-9" daemon [_thread_in_native, id=158476, stack(0x0000005e5f000000,0x0000005e5f100000)]
  0x0000019376648490 JavaThread "Thread-10" daemon [_thread_in_native, id=142896, stack(0x0000005e5f100000,0x0000005e5f200000)]
  0x000001937664c150 JavaThread "Thread-11" daemon [_thread_in_native, id=127120, stack(0x0000005e5f200000,0x0000005e5f300000)]
  0x000001937664a800 JavaThread "Thread-12" daemon [_thread_in_native, id=156064, stack(0x0000005e5f300000,0x0000005e5f400000)]
  0x000001937664c660 JavaThread "Thread-13" daemon [_thread_in_native, id=153864, stack(0x0000005e5f400000,0x0000005e5f500000)]
  0x000001937664dfb0 JavaThread "Thread-14" daemon [_thread_in_native, id=159436, stack(0x0000005e5f500000,0x0000005e5f600000)]
  0x000001937664d590 JavaThread "Thread-15" daemon [_thread_in_native, id=149696, stack(0x0000005e5f600000,0x0000005e5f700000)]
  0x0000019376646b40 JavaThread "Thread-16" daemon [_thread_in_native, id=158072, stack(0x0000005e5f700000,0x0000005e5f800000)]
  0x000001937664cb70 JavaThread "Thread-17" daemon [_thread_in_native, id=140720, stack(0x0000005e5f800000,0x0000005e5f900000)]
  0x00000193766498d0 JavaThread "Thread-18" daemon [_thread_in_native, id=157948, stack(0x0000005e5f900000,0x0000005e5fa00000)]
  0x0000019376647a70 JavaThread "pool-2-thread-1" [_thread_blocked, id=158180, stack(0x0000005e5e200000,0x0000005e5e300000)]
  0x000001937664e4c0 JavaThread "WorkspaceEventsHandler" [_thread_blocked, id=141520, stack(0x0000005e5fa00000,0x0000005e5fb00000)]
  0x0000019376647560 JavaThread "pool-1-thread-1" [_thread_blocked, id=152104, stack(0x0000005e5fb00000,0x0000005e5fc00000)]
  0x000001937664ad10 JavaThread "ForkJoinPool.commonPool-worker-1" daemon [_thread_blocked, id=149260, stack(0x0000005e60100000,0x0000005e60200000)]
  0x00000193733c9840 JavaThread "ForkJoinPool.commonPool-worker-2" daemon [_thread_blocked, id=158788, stack(0x0000005e5db00000,0x0000005e5dc00000)]
  0x0000019300982ef0 JavaThread "ForkJoinPool.commonPool-worker-3" daemon [_thread_blocked, id=119572, stack(0x0000005e5e500000,0x0000005e5e600000)]
  0x000001930097e300 JavaThread "ForkJoinPool.commonPool-worker-4" daemon [_thread_blocked, id=156196, stack(0x0000005e5fc00000,0x0000005e5fd00000)]
  0x000001930097bf90 JavaThread "ForkJoinPool.commonPool-worker-5" daemon [_thread_blocked, id=147184, stack(0x0000005e5fd00000,0x0000005e5fe00000)]
  0x0000019300980b80 JavaThread "ForkJoinPool.commonPool-worker-6" daemon [_thread_blocked, id=159200, stack(0x0000005e5fe00000,0x0000005e5ff00000)]
  0x0000019300981fc0 JavaThread "ForkJoinPool.commonPool-worker-7" daemon [_thread_blocked, id=151508, stack(0x0000005e5ff00000,0x0000005e60000000)]
  0x000001930097cec0 JavaThread "ForkJoinPool.commonPool-worker-8" daemon [_thread_blocked, id=159624, stack(0x0000005e60000000,0x0000005e60100000)]
  0x000001930012d830 JavaThread "C2 CompilerThread1" daemon [_thread_in_native, id=14852, stack(0x0000005e5cd00000,0x0000005e5ce00000)]
=>0x0000019375769420 JavaThread "C2 CompilerThread2" daemon [_thread_in_native, id=159576, stack(0x0000005e60200000,0x0000005e60300000)]
  0x000001937351d310 JavaThread "C2 CompilerThread3" daemon [_thread_in_native, id=139876, stack(0x0000005e60300000,0x0000005e60400000)]
  0x0000019376c34160 JavaThread "C2 CompilerThread4" daemon [_thread_in_native, id=159640, stack(0x0000005e60400000,0x0000005e60500000)]

Other Threads:
  0x00000193731e6b80 VMThread "VM Thread" [stack: 0x0000005e5bf00000,0x0000005e5c000000] [id=150316]
  0x00000193751a5f20 WatcherThread [stack: 0x0000005e5ce00000,0x0000005e5cf00000] [id=153404]
  0x0000019358114870 GCTaskThread "GC Thread#0" [stack: 0x0000005e5be00000,0x0000005e5bf00000] [id=153888]
  0x0000019375331fc0 GCTaskThread "GC Thread#1" [stack: 0x0000005e5cf00000,0x0000005e5d000000] [id=135892]
  0x00000193754497d0 GCTaskThread "GC Thread#2" [stack: 0x0000005e5d000000,0x0000005e5d100000] [id=152480]
  0x0000019375449a90 GCTaskThread "GC Thread#3" [stack: 0x0000005e5d100000,0x0000005e5d200000] [id=142572]
  0x0000019375449d50 GCTaskThread "GC Thread#4" [stack: 0x0000005e5d200000,0x0000005e5d300000] [id=152688]
  0x00000193757383a0 GCTaskThread "GC Thread#5" [stack: 0x0000005e5d300000,0x0000005e5d400000] [id=142260]
  0x0000019375a11fe0 GCTaskThread "GC Thread#6" [stack: 0x0000005e5d900000,0x0000005e5da00000] [id=156636]
  0x0000019375a1afd0 GCTaskThread "GC Thread#7" [stack: 0x0000005e5da00000,0x0000005e5db00000] [id=157008]
  0x0000019375d1a730 GCTaskThread "GC Thread#8" [stack: 0x0000005e5dc00000,0x0000005e5dd00000] [id=149240]
  0x0000019375d2daa0 GCTaskThread "GC Thread#9" [stack: 0x0000005e5dd00000,0x0000005e5de00000] [id=151100]
  0x0000019375efad70 GCTaskThread "GC Thread#10" [stack: 0x0000005e5de00000,0x0000005e5df00000] [id=124364]
  0x0000019375d54830 GCTaskThread "GC Thread#11" [stack: 0x0000005e5df00000,0x0000005e5e000000] [id=153012]
  0x0000019375ec1880 GCTaskThread "GC Thread#12" [stack: 0x0000005e5e400000,0x0000005e5e500000] [id=93988]

Threads with active compile tasks:
C2 CompilerThread0    14785 5868       4       lombok.eclipse.EclipseAST::buildStatement (57 bytes)
C2 CompilerThread1    14785 5889       4       org.eclipse.jdt.internal.compiler.parser.Parser::consumeRule (7943 bytes)
C2 CompilerThread2    14786 5866       4       lombok.core.AST::buildWithField (21 bytes)
C2 CompilerThread3    14786 5852   !   4       lombok.core.AST::buildWithField0 (121 bytes)
C2 CompilerThread4    14786 5944       4       lombok.eclipse.EclipseAST::drill (80 bytes)

VM state: not at safepoint (normal execution)

VM Mutex/Monitor currently owned by a thread: None

Heap address: 0x00000000c0000000, size: 1024 MB, Compressed Oops mode: 32-bit

CDS archive(s) not mapped
Compressed class space mapped at: 0x0000000100000000-0x0000000140000000, reserved size: 1073741824
Narrow klass base: 0x0000000000000000, Narrow klass shift: 3, Narrow klass range: 0x140000000

GC Precious Log:
 CPUs: 16 total, 16 available
 Memory: 15999M
 Large Page Support: Disabled
 NUMA Support: Disabled
 Compressed Oops: Enabled (32-bit)
 Alignments: Space 512K, Generation 512K, Heap 2M
 Heap Min Capacity: 100M
 Heap Initial Capacity: 100M
 Heap Max Capacity: 1G
 Pre-touch: Disabled
 Parallel Workers: 13

Heap:
 PSYoungGen      total 18432K, used 5562K [0x00000000eab00000, 0x00000000ebf80000, 0x0000000100000000)
  eden space 17408K, 26% used [0x00000000eab00000,0x00000000eaf86b30,0x00000000ebc00000)
  from space 1024K, 90% used [0x00000000ebe80000,0x00000000ebf68020,0x00000000ebf80000)
  to   space 1536K, 0% used [0x00000000ebc80000,0x00000000ebc80000,0x00000000ebe00000)
 ParOldGen       total 68608K, used 33266K [0x00000000c0000000, 0x00000000c4300000, 0x00000000eab00000)
  object space 68608K, 48% used [0x00000000c0000000,0x00000000c207c828,0x00000000c4300000)
 Metaspace       used 48253K, committed 49024K, reserved 1114112K
  class space    used 4811K, committed 5184K, reserved 1048576K

Card table byte_map: [0x000001936b760000,0x000001936b970000] _byte_map_base: 0x000001936b160000

Marking Bits: (ParMarkBitMap*) 0x00007fff21ebd7d0
 Begin Bits: [0x000001936bad0000, 0x000001936cad0000)
 End Bits:   [0x000001936cad0000, 0x000001936dad0000)

Polling page: 0x00000193581c0000

Metaspace:

Usage:
  Non-class:     42.43 MB used.
      Class:      4.70 MB used.
       Both:     47.13 MB used.

Virtual space:
  Non-class space:       64.00 MB reserved,      42.81 MB ( 67%) committed,  1 nodes.
      Class space:        1.00 GB reserved,       5.06 MB ( <1%) committed,  1 nodes.
             Both:        1.06 GB reserved,      47.88 MB (  4%) committed. 

Chunk freelists:
   Non-Class:  5.00 MB
       Class:  10.76 MB
        Both:  15.76 MB

MaxMetaspaceSize: unlimited
CompressedClassSpaceSize: 1.00 GB
Initial GC threshold: 21.00 MB
Current GC threshold: 58.38 MB
CDS: off
MetaspaceReclaimPolicy: balanced
 - commit_granule_bytes: 65536.
 - commit_granule_words: 8192.
 - virtual_space_node_default_size: 8388608.
 - enlarge_chunks_in_place: 1.
 - new_chunks_are_fully_committed: 0.
 - uncommit_free_chunks: 1.
 - use_allocation_guard: 0.
 - handle_deallocations: 1.


Internal statistics:

num_allocs_failed_limit: 6.
num_arena_births: 424.
num_arena_deaths: 14.
num_vsnodes_births: 2.
num_vsnodes_deaths: 0.
num_space_committed: 766.
num_space_uncommitted: 0.
num_chunks_returned_to_freelist: 20.
num_chunks_taken_from_freelist: 2074.
num_chunk_merges: 8.
num_chunk_splits: 1343.
num_chunks_enlarged: 888.
num_inconsistent_stats: 0.

CodeHeap 'non-profiled nmethods': size=119168Kb used=3085Kb max_used=3152Kb free=116082Kb
 bounds [0x0000019364110000, 0x0000019364460000, 0x000001936b570000]
CodeHeap 'profiled nmethods': size=119104Kb used=11293Kb max_used=12038Kb free=107811Kb
 bounds [0x000001935c570000, 0x000001935d140000, 0x00000193639c0000]
CodeHeap 'non-nmethods': size=7488Kb used=2465Kb max_used=3049Kb free=5022Kb
 bounds [0x00000193639c0000, 0x0000019363cd0000, 0x0000019364110000]
 total_blobs=5878 nmethods=5194 adapters=593
 compilation: enabled
              stopped_count=0, restarted_count=0
 full_count=0

Compilation events (20 events):
Event: 14.748 Thread 0x0000019375114030 nmethod 6063 0x000001935ce04b10 code [0x000001935ce04cc0, 0x000001935ce04fb8]
Event: 14.748 Thread 0x0000019375114030 6061       3       org.eclipse.jdt.internal.core.JavaProject::<init> (11 bytes)
Event: 14.748 Thread 0x0000019373382010 nmethod 6057 0x000001935ce03910 code [0x000001935ce03b60, 0x000001935ce04628]
Event: 14.748 Thread 0x0000019373382010 6064   !   3       org.eclipse.jdt.core.Signature::getParameterTypes (117 bytes)
Event: 14.748 Thread 0x0000019373244090 nmethod 6062 0x000001935c7f7590 code [0x000001935c7f7820, 0x000001935c7f8558]
Event: 14.748 Thread 0x0000019373244090 6060       1       org.eclipse.jdt.internal.compiler.problem.DefaultProblem::getID (5 bytes)
Event: 14.749 Thread 0x0000019373244090 nmethod 6060 0x000001936424c510 code [0x000001936424c6a0, 0x000001936424c778]
Event: 14.749 Thread 0x0000019375114030 nmethod 6061 0x000001935ce03210 code [0x000001935ce033c0, 0x000001935ce03798]
Event: 14.749 Thread 0x0000019373244090 6065  s    3       org.eclipse.jdt.internal.compiler.classfmt.MethodInfo::readModifierRelatedAttributes (216 bytes)
Event: 14.749 Thread 0x0000019375114030 6066       3       org.eclipse.jdt.internal.compiler.lookup.PackageBinding::addType (247 bytes)
Event: 14.749 Thread 0x0000019373382010 nmethod 6064 0x000001935cbb8390 code [0x000001935cbb8620, 0x000001935cbb92e8]
Event: 14.749 Thread 0x0000019373382010 6068       3       org.eclipse.jdt.internal.compiler.lookup.Scope::referenceCompilationUnit (8 bytes)
Event: 14.749 Thread 0x0000019373382010 nmethod 6068 0x000001935cd4ec10 code [0x000001935cd4eda0, 0x000001935cd4eeb8]
Event: 14.749 Thread 0x0000019373382010 6067       3       org.eclipse.jdt.internal.compiler.lookup.CompilationUnitScope::recordQualifiedReference (103 bytes)
Event: 14.750 Thread 0x0000019373244090 nmethod 6065 0x000001935c77cb10 code [0x000001935c77cd80, 0x000001935c77dbf8]
Event: 14.750 Thread 0x0000019373382010 nmethod 6067 0x000001935c77b910 code [0x000001935c77bba0, 0x000001935c77c6f8]
Event: 14.750 Thread 0x0000019375114030 nmethod 6066 0x000001935c9ca390 code [0x000001935c9ca6a0, 0x000001935c9cbc78]
Event: 14.750 Thread 0x0000019373382010 6069       3       org.eclipse.jdt.internal.core.NameLookup::seekTypesInWorkingCopies (441 bytes)
Event: 14.750 Thread 0x0000019375114030 6071   !   3       org.eclipse.jdt.internal.core.NameLookup::seekTypes (281 bytes)
Event: 14.750 Thread 0x0000019373244090 6070       3       org.eclipse.jdt.internal.core.NameLookup::findType (70 bytes)

GC Heap History (20 events):
Event: 5.007 GC heap before
{Heap before GC invocations=17 (full 2):
 PSYoungGen      total 24576K, used 24224K [0x00000000eab00000, 0x00000000ec600000, 0x0000000100000000)
  eden space 22016K, 100% used [0x00000000eab00000,0x00000000ec080000,0x00000000ec080000)
  from space 2560K, 86% used [0x00000000ec380000,0x00000000ec5a8000,0x00000000ec600000)
  to   space 2560K, 0% used [0x00000000ec080000,0x00000000ec080000,0x00000000ec300000)
 ParOldGen       total 68608K, used 19908K [0x00000000c0000000, 0x00000000c4300000, 0x00000000eab00000)
  object space 68608K, 29% used [0x00000000c0000000,0x00000000c1371010,0x00000000c4300000)
 Metaspace       used 38061K, committed 38912K, reserved 1114112K
  class space    used 3798K, committed 4160K, reserved 1048576K
}
Event: 5.009 GC heap after
{Heap after GC invocations=17 (full 2):
 PSYoungGen      total 24576K, used 2272K [0x00000000eab00000, 0x00000000ec580000, 0x0000000100000000)
  eden space 22016K, 0% used [0x00000000eab00000,0x00000000eab00000,0x00000000ec080000)
  from space 2560K, 88% used [0x00000000ec080000,0x00000000ec2b8010,0x00000000ec300000)
  to   space 2560K, 0% used [0x00000000ec300000,0x00000000ec300000,0x00000000ec580000)
 ParOldGen       total 68608K, used 21924K [0x00000000c0000000, 0x00000000c4300000, 0x00000000eab00000)
  object space 68608K, 31% used [0x00000000c0000000,0x00000000c1569010,0x00000000c4300000)
 Metaspace       used 38061K, committed 38912K, reserved 1114112K
  class space    used 3798K, committed 4160K, reserved 1048576K
}
Event: 5.300 GC heap before
{Heap before GC invocations=18 (full 2):
 PSYoungGen      total 24576K, used 24288K [0x00000000eab00000, 0x00000000ec580000, 0x0000000100000000)
  eden space 22016K, 100% used [0x00000000eab00000,0x00000000ec080000,0x00000000ec080000)
  from space 2560K, 88% used [0x00000000ec080000,0x00000000ec2b8010,0x00000000ec300000)
  to   space 2560K, 0% used [0x00000000ec300000,0x00000000ec300000,0x00000000ec580000)
 ParOldGen       total 68608K, used 21924K [0x00000000c0000000, 0x00000000c4300000, 0x00000000eab00000)
  object space 68608K, 31% used [0x00000000c0000000,0x00000000c1569010,0x00000000c4300000)
 Metaspace       used 38596K, committed 39296K, reserved 1114112K
  class space    used 3848K, committed 4160K, reserved 1048576K
}
Event: 5.304 GC heap after
{Heap after GC invocations=18 (full 2):
 PSYoungGen      total 19968K, used 2529K [0x00000000eab00000, 0x00000000ece80000, 0x0000000100000000)
  eden space 17408K, 0% used [0x00000000eab00000,0x00000000eab00000,0x00000000ebc00000)
  from space 2560K, 98% used [0x00000000ec300000,0x00000000ec578790,0x00000000ec580000)
  to   space 7168K, 0% used [0x00000000ebc00000,0x00000000ebc00000,0x00000000ec300000)
 ParOldGen       total 68608K, used 25624K [0x00000000c0000000, 0x00000000c4300000, 0x00000000eab00000)
  object space 68608K, 37% used [0x00000000c0000000,0x00000000c1906108,0x00000000c4300000)
 Metaspace       used 38596K, committed 39296K, reserved 1114112K
  class space    used 3848K, committed 4160K, reserved 1048576K
}
Event: 6.455 GC heap before
{Heap before GC invocations=19 (full 2):
 PSYoungGen      total 19968K, used 19905K [0x00000000eab00000, 0x00000000ece80000, 0x0000000100000000)
  eden space 17408K, 99% used [0x00000000eab00000,0x00000000ebbf7ff0,0x00000000ebc00000)
  from space 2560K, 98% used [0x00000000ec300000,0x00000000ec578790,0x00000000ec580000)
  to   space 7168K, 0% used [0x00000000ebc00000,0x00000000ebc00000,0x00000000ec300000)
 ParOldGen       total 68608K, used 25624K [0x00000000c0000000, 0x00000000c4300000, 0x00000000eab00000)
  object space 68608K, 37% used [0x00000000c0000000,0x00000000c1906108,0x00000000c4300000)
 Metaspace       used 40998K, committed 41792K, reserved 1114112K
  class space    used 4109K, committed 4480K, reserved 1048576K
}
Event: 6.458 GC heap after
{Heap after GC invocations=19 (full 2):
 PSYoungGen      total 18944K, used 1090K [0x00000000eab00000, 0x00000000ec380000, 0x0000000100000000)
  eden space 17408K, 0% used [0x00000000eab00000,0x00000000eab00000,0x00000000ebc00000)
  from space 1536K, 71% used [0x00000000ebc00000,0x00000000ebd10bb0,0x00000000ebd80000)
  to   space 3072K, 0% used [0x00000000ec080000,0x00000000ec080000,0x00000000ec380000)
 ParOldGen       total 68608K, used 28169K [0x00000000c0000000, 0x00000000c4300000, 0x00000000eab00000)
  object space 68608K, 41% used [0x00000000c0000000,0x00000000c1b824e0,0x00000000c4300000)
 Metaspace       used 40998K, committed 41792K, reserved 1114112K
  class space    used 4109K, committed 4480K, reserved 1048576K
}
Event: 8.930 GC heap before
{Heap before GC invocations=20 (full 2):
 PSYoungGen      total 18944K, used 18477K [0x00000000eab00000, 0x00000000ec380000, 0x0000000100000000)
  eden space 17408K, 99% used [0x00000000eab00000,0x00000000ebbfab70,0x00000000ebc00000)
  from space 1536K, 71% used [0x00000000ebc00000,0x00000000ebd10bb0,0x00000000ebd80000)
  to   space 3072K, 0% used [0x00000000ec080000,0x00000000ec080000,0x00000000ec380000)
 ParOldGen       total 68608K, used 28169K [0x00000000c0000000, 0x00000000c4300000, 0x00000000eab00000)
  object space 68608K, 41% used [0x00000000c0000000,0x00000000c1b824e0,0x00000000c4300000)
 Metaspace       used 41666K, committed 42432K, reserved 1114112K
  class space    used 4202K, committed 4544K, reserved 1048576K
}
Event: 8.930 GC heap after
{Heap after GC invocations=20 (full 2):
 PSYoungGen      total 17920K, used 448K [0x00000000eab00000, 0x00000000ec100000, 0x0000000100000000)
  eden space 17408K, 0% used [0x00000000eab00000,0x00000000eab00000,0x00000000ebc00000)
  from space 512K, 87% used [0x00000000ec080000,0x00000000ec0f0000,0x00000000ec100000)
  to   space 1024K, 0% used [0x00000000ebf00000,0x00000000ebf00000,0x00000000ec000000)
 ParOldGen       total 68608K, used 29119K [0x00000000c0000000, 0x00000000c4300000, 0x00000000eab00000)
  object space 68608K, 42% used [0x00000000c0000000,0x00000000c1c6ff60,0x00000000c4300000)
 Metaspace       used 41666K, committed 42432K, reserved 1114112K
  class space    used 4202K, committed 4544K, reserved 1048576K
}
Event: 11.728 GC heap before
{Heap before GC invocations=21 (full 2):
 PSYoungGen      total 17920K, used 17856K [0x00000000eab00000, 0x00000000ec100000, 0x0000000100000000)
  eden space 17408K, 100% used [0x00000000eab00000,0x00000000ebc00000,0x00000000ebc00000)
  from space 512K, 87% used [0x00000000ec080000,0x00000000ec0f0000,0x00000000ec100000)
  to   space 1024K, 0% used [0x00000000ebf00000,0x00000000ebf00000,0x00000000ec000000)
 ParOldGen       total 68608K, used 29119K [0x00000000c0000000, 0x00000000c4300000, 0x00000000eab00000)
  object space 68608K, 42% used [0x00000000c0000000,0x00000000c1c6ff60,0x00000000c4300000)
 Metaspace       used 42725K, committed 43456K, reserved 1114112K
  class space    used 4284K, committed 4608K, reserved 1048576K
}
Event: 11.730 GC heap after
{Heap after GC invocations=21 (full 2):
 PSYoungGen      total 18432K, used 1015K [0x00000000eab00000, 0x00000000ec100000, 0x0000000100000000)
  eden space 17408K, 0% used [0x00000000eab00000,0x00000000eab00000,0x00000000ebc00000)
  from space 1024K, 99% used [0x00000000ebf00000,0x00000000ebffdf18,0x00000000ec000000)
  to   space 1024K, 0% used [0x00000000ec000000,0x00000000ec000000,0x00000000ec100000)
 ParOldGen       total 68608K, used 29695K [0x00000000c0000000, 0x00000000c4300000, 0x00000000eab00000)
  object space 68608K, 43% used [0x00000000c0000000,0x00000000c1cffd88,0x00000000c4300000)
 Metaspace       used 42725K, committed 43456K, reserved 1114112K
  class space    used 4284K, committed 4608K, reserved 1048576K
}
Event: 11.884 GC heap before
{Heap before GC invocations=22 (full 2):
 PSYoungGen      total 18432K, used 18423K [0x00000000eab00000, 0x00000000ec100000, 0x0000000100000000)
  eden space 17408K, 100% used [0x00000000eab00000,0x00000000ebc00000,0x00000000ebc00000)
  from space 1024K, 99% used [0x00000000ebf00000,0x00000000ebffdf18,0x00000000ec000000)
  to   space 1024K, 0% used [0x00000000ec000000,0x00000000ec000000,0x00000000ec100000)
 ParOldGen       total 68608K, used 29695K [0x00000000c0000000, 0x00000000c4300000, 0x00000000eab00000)
  object space 68608K, 43% used [0x00000000c0000000,0x00000000c1cffd88,0x00000000c4300000)
 Metaspace       used 42738K, committed 43456K, reserved 1114112K
  class space    used 4284K, committed 4608K, reserved 1048576K
}
Event: 11.885 GC heap after
{Heap after GC invocations=22 (full 2):
 PSYoungGen      total 18432K, used 1000K [0x00000000eab00000, 0x00000000ec100000, 0x0000000100000000)
  eden space 17408K, 0% used [0x00000000eab00000,0x00000000eab00000,0x00000000ebc00000)
  from space 1024K, 97% used [0x00000000ec000000,0x00000000ec0fa358,0x00000000ec100000)
  to   space 1536K, 0% used [0x00000000ebe00000,0x00000000ebe00000,0x00000000ebf80000)
 ParOldGen       total 68608K, used 30174K [0x00000000c0000000, 0x00000000c4300000, 0x00000000eab00000)
  object space 68608K, 43% used [0x00000000c0000000,0x00000000c1d77bb0,0x00000000c4300000)
 Metaspace       used 42738K, committed 43456K, reserved 1114112K
  class space    used 4284K, committed 4608K, reserved 1048576K
}
Event: 12.206 GC heap before
{Heap before GC invocations=23 (full 2):
 PSYoungGen      total 18432K, used 18408K [0x00000000eab00000, 0x00000000ec100000, 0x0000000100000000)
  eden space 17408K, 100% used [0x00000000eab00000,0x00000000ebc00000,0x00000000ebc00000)
  from space 1024K, 97% used [0x00000000ec000000,0x00000000ec0fa358,0x00000000ec100000)
  to   space 1536K, 0% used [0x00000000ebe00000,0x00000000ebe00000,0x00000000ebf80000)
 ParOldGen       total 68608K, used 30174K [0x00000000c0000000, 0x00000000c4300000, 0x00000000eab00000)
  object space 68608K, 43% used [0x00000000c0000000,0x00000000c1d77bb0,0x00000000c4300000)
 Metaspace       used 44001K, committed 44800K, reserved 1114112K
  class space    used 4410K, committed 4736K, reserved 1048576K
}
Event: 12.208 GC heap after
{Heap after GC invocations=23 (full 2):
 PSYoungGen      total 18944K, used 384K [0x00000000eab00000, 0x00000000ec080000, 0x0000000100000000)
  eden space 17408K, 0% used [0x00000000eab00000,0x00000000eab00000,0x00000000ebc00000)
  from space 1536K, 25% used [0x00000000ebe00000,0x00000000ebe60000,0x00000000ebf80000)
  to   space 1024K, 0% used [0x00000000ebf80000,0x00000000ebf80000,0x00000000ec080000)
 ParOldGen       total 68608K, used 30190K [0x00000000c0000000, 0x00000000c4300000, 0x00000000eab00000)
  object space 68608K, 44% used [0x00000000c0000000,0x00000000c1d7bbb0,0x00000000c4300000)
 Metaspace       used 44001K, committed 44800K, reserved 1114112K
  class space    used 4410K, committed 4736K, reserved 1048576K
}
Event: 13.295 GC heap before
{Heap before GC invocations=24 (full 2):
 PSYoungGen      total 18944K, used 17792K [0x00000000eab00000, 0x00000000ec080000, 0x0000000100000000)
  eden space 17408K, 100% used [0x00000000eab00000,0x00000000ebc00000,0x00000000ebc00000)
  from space 1536K, 25% used [0x00000000ebe00000,0x00000000ebe60000,0x00000000ebf80000)
  to   space 1024K, 0% used [0x00000000ebf80000,0x00000000ebf80000,0x00000000ec080000)
 ParOldGen       total 68608K, used 30190K [0x00000000c0000000, 0x00000000c4300000, 0x00000000eab00000)
  object space 68608K, 44% used [0x00000000c0000000,0x00000000c1d7bbb0,0x00000000c4300000)
 Metaspace       used 46333K, committed 47104K, reserved 1114112K
  class space    used 4633K, committed 4992K, reserved 1048576K
}
Event: 13.297 GC heap after
{Heap after GC invocations=24 (full 2):
 PSYoungGen      total 18432K, used 992K [0x00000000eab00000, 0x00000000ec080000, 0x0000000100000000)
  eden space 17408K, 0% used [0x00000000eab00000,0x00000000eab00000,0x00000000ebc00000)
  from space 1024K, 96% used [0x00000000ebf80000,0x00000000ec078020,0x00000000ec080000)
  to   space 2048K, 0% used [0x00000000ebc80000,0x00000000ebc80000,0x00000000ebe80000)
 ParOldGen       total 68608K, used 30819K [0x00000000c0000000, 0x00000000c4300000, 0x00000000eab00000)
  object space 68608K, 44% used [0x00000000c0000000,0x00000000c1e18e68,0x00000000c4300000)
 Metaspace       used 46333K, committed 47104K, reserved 1114112K
  class space    used 4633K, committed 4992K, reserved 1048576K
}
Event: 14.455 GC heap before
{Heap before GC invocations=25 (full 2):
 PSYoungGen      total 18432K, used 18400K [0x00000000eab00000, 0x00000000ec080000, 0x0000000100000000)
  eden space 17408K, 100% used [0x00000000eab00000,0x00000000ebc00000,0x00000000ebc00000)
  from space 1024K, 96% used [0x00000000ebf80000,0x00000000ec078020,0x00000000ec080000)
  to   space 2048K, 0% used [0x00000000ebc80000,0x00000000ebc80000,0x00000000ebe80000)
 ParOldGen       total 68608K, used 30819K [0x00000000c0000000, 0x00000000c4300000, 0x00000000eab00000)
  object space 68608K, 44% used [0x00000000c0000000,0x00000000c1e18e68,0x00000000c4300000)
 Metaspace       used 47622K, committed 48448K, reserved 1114112K
  class space    used 4774K, committed 5184K, reserved 1048576K
}
Event: 14.457 GC heap after
{Heap after GC invocations=25 (full 2):
 PSYoungGen      total 19456K, used 1933K [0x00000000eab00000, 0x00000000ec000000, 0x0000000100000000)
  eden space 17408K, 0% used [0x00000000eab00000,0x00000000eab00000,0x00000000ebc00000)
  from space 2048K, 94% used [0x00000000ebc80000,0x00000000ebe635e0,0x00000000ebe80000)
  to   space 1536K, 0% used [0x00000000ebe80000,0x00000000ebe80000,0x00000000ec000000)
 ParOldGen       total 68608K, used 31665K [0x00000000c0000000, 0x00000000c4300000, 0x00000000eab00000)
  object space 68608K, 46% used [0x00000000c0000000,0x00000000c1eec698,0x00000000c4300000)
 Metaspace       used 47622K, committed 48448K, reserved 1114112K
  class space    used 4774K, committed 5184K, reserved 1048576K
}
Event: 14.647 GC heap before
{Heap before GC invocations=26 (full 2):
 PSYoungGen      total 19456K, used 19341K [0x00000000eab00000, 0x00000000ec000000, 0x0000000100000000)
  eden space 17408K, 100% used [0x00000000eab00000,0x00000000ebc00000,0x00000000ebc00000)
  from space 2048K, 94% used [0x00000000ebc80000,0x00000000ebe635e0,0x00000000ebe80000)
  to   space 1536K, 0% used [0x00000000ebe80000,0x00000000ebe80000,0x00000000ec000000)
 ParOldGen       total 68608K, used 31665K [0x00000000c0000000, 0x00000000c4300000, 0x00000000eab00000)
  object space 68608K, 46% used [0x00000000c0000000,0x00000000c1eec698,0x00000000c4300000)
 Metaspace       used 47866K, committed 48704K, reserved 1114112K
  class space    used 4786K, committed 5184K, reserved 1048576K
}
Event: 14.648 GC heap after
{Heap after GC invocations=26 (full 2):
 PSYoungGen      total 18432K, used 928K [0x00000000eab00000, 0x00000000ebf80000, 0x0000000100000000)
  eden space 17408K, 0% used [0x00000000eab00000,0x00000000eab00000,0x00000000ebc00000)
  from space 1024K, 90% used [0x00000000ebe80000,0x00000000ebf68020,0x00000000ebf80000)
  to   space 1536K, 0% used [0x00000000ebc80000,0x00000000ebc80000,0x00000000ebe00000)
 ParOldGen       total 68608K, used 33266K [0x00000000c0000000, 0x00000000c4300000, 0x00000000eab00000)
  object space 68608K, 48% used [0x00000000c0000000,0x00000000c207c828,0x00000000c4300000)
 Metaspace       used 47866K, committed 48704K, reserved 1114112K
  class space    used 4786K, committed 5184K, reserved 1048576K
}

Dll operation events (10 events):
Event: 0.013 Loaded shared library c:\Users\aDMINISTRATOR\.vscode\extensions\redhat.java-1.30.0-win32-x64\jre\17.0.10-win32-x86_64\bin\java.dll
Event: 0.218 Loaded shared library c:\Users\aDMINISTRATOR\.vscode\extensions\redhat.java-1.30.0-win32-x64\jre\17.0.10-win32-x86_64\bin\zip.dll
Event: 0.231 Loaded shared library C:\Users\aDMINISTRATOR\.vscode\extensions\redhat.java-1.30.0-win32-x64\jre\17.0.10-win32-x86_64\bin\instrument.dll
Event: 0.252 Loaded shared library C:\Users\aDMINISTRATOR\.vscode\extensions\redhat.java-1.30.0-win32-x64\jre\17.0.10-win32-x86_64\bin\net.dll
Event: 0.261 Loaded shared library C:\Users\aDMINISTRATOR\.vscode\extensions\redhat.java-1.30.0-win32-x64\jre\17.0.10-win32-x86_64\bin\nio.dll
Event: 0.270 Loaded shared library C:\Users\aDMINISTRATOR\.vscode\extensions\redhat.java-1.30.0-win32-x64\jre\17.0.10-win32-x86_64\bin\zip.dll
Event: 0.310 Loaded shared library C:\Users\aDMINISTRATOR\.vscode\extensions\redhat.java-1.30.0-win32-x64\jre\17.0.10-win32-x86_64\bin\jimage.dll
Event: 0.512 Loaded shared library c:\Users\aDMINISTRATOR\.vscode\extensions\redhat.java-1.30.0-win32-x64\jre\17.0.10-win32-x86_64\bin\verify.dll
Event: 1.833 Loaded shared library C:\Users\aDMINISTRATOR\AppData\Roaming\Code\User\globalStorage\redhat.java\1.30.0\config_ss_win\org.eclipse.equinox.launcher\org.eclipse.equinox.launcher.win32.win32.x86_64_1.2.900.v20240213-1244\eclipse_11900.dll
Event: 4.031 Loaded shared library C:\Users\aDMINISTRATOR\AppData\Local\Temp\jna--1830954323\jna8779474990254776740.dll

Deoptimization events (20 events):
Event: 14.703 Thread 0x00000193733c9840 DEOPT PACKING pc=0x0000019364220620 sp=0x0000005e5dbfd410
Event: 14.703 Thread 0x00000193733c6fc0 DEOPT PACKING pc=0x0000019364220620 sp=0x0000005e5e0fd940
Event: 14.703 Thread 0x00000193733c9840 DEOPT UNPACKING pc=0x0000019363a166a3 sp=0x0000005e5dbfd398 mode 2
Event: 14.703 Thread 0x00000193733c6fc0 DEOPT UNPACKING pc=0x0000019363a166a3 sp=0x0000005e5e0fd8c8 mode 2
Event: 14.703 Thread 0x00000193733c9840 Uncommon trap: trap_request=0xffffffde fr.pc=0x0000019364220620 relative=0x0000000000000fc0
Event: 14.703 Thread 0x00000193733c6fc0 Uncommon trap: trap_request=0xffffffde fr.pc=0x0000019364220620 relative=0x0000000000000fc0
Event: 14.703 Thread 0x00000193733c9840 Uncommon trap: reason=class_check action=maybe_recompile pc=0x0000019364220620 method=lombok.eclipse.EclipseNode.traverse(Llombok/eclipse/EclipseASTVisitor;)V @ 588 c2
Event: 14.703 Thread 0x00000193733c6fc0 Uncommon trap: reason=class_check action=maybe_recompile pc=0x0000019364220620 method=lombok.eclipse.EclipseNode.traverse(Llombok/eclipse/EclipseASTVisitor;)V @ 588 c2
Event: 14.703 Thread 0x00000193733c9840 DEOPT PACKING pc=0x0000019364220620 sp=0x0000005e5dbfd410
Event: 14.703 Thread 0x00000193733c9840 DEOPT UNPACKING pc=0x0000019363a166a3 sp=0x0000005e5dbfd398 mode 2
Event: 14.703 Thread 0x00000193733c6fc0 DEOPT PACKING pc=0x0000019364220620 sp=0x0000005e5e0fd940
Event: 14.703 Thread 0x00000193733c6fc0 DEOPT UNPACKING pc=0x0000019363a166a3 sp=0x0000005e5e0fd8c8 mode 2
Event: 14.746 Thread 0x00000193733c6fc0 Uncommon trap: trap_request=0xffffffc6 fr.pc=0x00000193644037f8 relative=0x00000000000007d8
Event: 14.746 Thread 0x00000193733c6fc0 Uncommon trap: reason=bimorphic_or_optimized_type_check action=maybe_recompile pc=0x00000193644037f8 method=java.util.HashMap.putVal(ILjava/lang/Object;Ljava/lang/Object;ZZ)Ljava/lang/Object; @ 203 c2
Event: 14.746 Thread 0x00000193733c6fc0 DEOPT PACKING pc=0x00000193644037f8 sp=0x0000005e5e0fe120
Event: 14.746 Thread 0x00000193733c6fc0 DEOPT UNPACKING pc=0x0000019363a166a3 sp=0x0000005e5e0fe010 mode 2
Event: 14.747 Thread 0x00000193733c6fc0 Uncommon trap: trap_request=0xffffffc6 fr.pc=0x00000193644037f8 relative=0x00000000000007d8
Event: 14.747 Thread 0x00000193733c6fc0 Uncommon trap: reason=bimorphic_or_optimized_type_check action=maybe_recompile pc=0x00000193644037f8 method=java.util.HashMap.putVal(ILjava/lang/Object;Ljava/lang/Object;ZZ)Ljava/lang/Object; @ 203 c2
Event: 14.747 Thread 0x00000193733c6fc0 DEOPT PACKING pc=0x00000193644037f8 sp=0x0000005e5e0fe2c0
Event: 14.747 Thread 0x00000193733c6fc0 DEOPT UNPACKING pc=0x0000019363a166a3 sp=0x0000005e5e0fe1b0 mode 2

Classes unloaded (7 events):
Event: 2.411 Thread 0x00000193731e6b80 Unloading class 0x000000010021a400 'java/lang/invoke/LambdaForm$MH+0x000000010021a400'
Event: 2.411 Thread 0x00000193731e6b80 Unloading class 0x000000010021a000 'java/lang/invoke/LambdaForm$MH+0x000000010021a000'
Event: 2.411 Thread 0x00000193731e6b80 Unloading class 0x0000000100219c00 'java/lang/invoke/LambdaForm$MH+0x0000000100219c00'
Event: 2.411 Thread 0x00000193731e6b80 Unloading class 0x0000000100219800 'java/lang/invoke/LambdaForm$MH+0x0000000100219800'
Event: 2.411 Thread 0x00000193731e6b80 Unloading class 0x0000000100219400 'java/lang/invoke/LambdaForm$BMH+0x0000000100219400'
Event: 2.411 Thread 0x00000193731e6b80 Unloading class 0x0000000100219000 'java/lang/invoke/LambdaForm$DMH+0x0000000100219000'
Event: 2.411 Thread 0x00000193731e6b80 Unloading class 0x0000000100214400 'java/lang/invoke/LambdaForm$DMH+0x0000000100214400'

Classes redefined (0 events):
No events

Internal exceptions (20 events):
Event: 4.762 Thread 0x00000193733c6fc0 Exception <a 'java/io/FileNotFoundException'{0x00000000eba35ff8}> (0x00000000eba35ff8) 
thrown [s\src\hotspot\share\prims\jni.cpp, line 516]
Event: 4.762 Thread 0x00000193733c6fc0 Exception <a 'java/io/FileNotFoundException'{0x00000000eba37598}> (0x00000000eba37598) 
thrown [s\src\hotspot\share\prims\jni.cpp, line 516]
Event: 4.764 Thread 0x00000193733c6fc0 Exception <a 'java/lang/NoSuchMethodError'{0x00000000eba495f8}: 'void java.lang.invoke.DirectMethodHandle$Holder.invokeStaticInit(java.lang.Object, java.lang.Object, java.lang.Object)'> (0x00000000eba495f8) 
thrown [s\src\hotspot\share\interpreter\linkResolver.cpp, line 759]
Event: 5.214 Thread 0x000001937664ad10 Exception <a 'java/lang/NoSuchMethodError'{0x00000000ebda09e0}: 'java.lang.Object java.lang.invoke.DirectMethodHandle$Holder.invokeInterface(java.lang.Object, java.lang.Object, java.lang.Object)'> (0x00000000ebda09e0) 
thrown [s\src\hotspot\share\interpreter\linkResolver.cpp, line 759]
Event: 5.614 Thread 0x0000019376647560 Exception <a 'java/lang/LinkageError'{0x00000000eb8933f0}: loader lombok.launch.ShadowClassLoader @18a0de80 attempted duplicate class definition for lombok.launch.PatchFixesHider$Transform. (lombok.launch.PatchFixesHider$Transform is in unnamed module of loader lombok.launch.ShadowClassLoader @18a0de80, parent loader org.eclipse.osgi.internal.loader.EquinoxClassLoader @4bbb6fde)> (0x00000000eb8933f0) 
thrown [s\src\hotspot\share\classfile\systemDictionary.cpp, line 1724]
Event: 9.342 Thread 0x000001937664ad10 Implicit null exception at 0x000001936427344d to 0x0000019364274108
Event: 11.260 Thread 0x000001937664ad10 Exception <a 'java/lang/LinkageError'{0x00000000eb486498}: loader lombok.launch.ShadowClassLoader @18a0de80 attempted duplicate class definition for lombok.launch.PatchFixesHider$ValPortal. (lombok.launch.PatchFixesHider$ValPortal is in unnamed module of loader lombok.launch.ShadowClassLoader @18a0de80, parent loader org.eclipse.osgi.internal.loader.EquinoxClassLoader @4bbb6fde)> (0x00000000eb486498) 
thrown [s\src\hotspot\share\classfile\systemDictionary.cpp, line 1724]
Event: 12.220 Thread 0x0000019376647560 Exception <a 'java/lang/LinkageError'{0x00000000eab62c78}: loader lombok.launch.ShadowClassLoader @5fc21be3 attempted duplicate class definition for lombok.launch.PatchFixesHider$FieldInitializer. (lombok.launch.PatchFixesHider$FieldInitializer is in unnamed module of loader lombok.launch.ShadowClassLoader @5fc21be3, parent loader org.eclipse.osgi.internal.loader.EquinoxClassLoader @13638523)> (0x00000000eab62c78) 
thrown [s\src\hotspot\share\classfile\systemDictionary.cpp, line 1724]
Event: 13.144 Thread 0x0000019376647560 Exception <a 'java/lang/ClassNotFoundException'{0x00000000eb2a4cd8}: sun/util/logging/resources/spi/loggingProvider> (0x00000000eb2a4cd8) 
thrown [s\src\hotspot\share\classfile\systemDictionary.cpp, line 256]
Event: 13.243 Thread 0x00000193733c9840 Exception <a 'java/lang/NoSuchMethodError'{0x00000000eb694000}: 'int java.lang.invoke.DirectMethodHandle$Holder.invokeInterface(java.lang.Object, java.lang.Object)'> (0x00000000eb694000) 
thrown [s\src\hotspot\share\interpreter\linkResolver.cpp, line 759]
Event: 13.243 Thread 0x00000193733c9840 Exception <a 'java/lang/IncompatibleClassChangeError'{0x00000000eb697590}: Found class java.lang.Object, but interface was expected> (0x00000000eb697590) 
thrown [s\src\hotspot\share\interpreter\linkResolver.cpp, line 826]
Event: 13.270 Thread 0x00000193733c9840 Exception <a 'java/lang/NoSuchMethodError'{0x00000000eb93a7f8}: 'int java.lang.invoke.DirectMethodHandle$Holder.invokeStatic(java.lang.Object, java.lang.Object, java.lang.Object, int)'> (0x00000000eb93a7f8) 
thrown [s\src\hotspot\share\interpreter\linkResolver.cpp, line 759]
Event: 13.276 Thread 0x00000193733c9840 Exception <a 'java/lang/NoSuchMethodError'{0x00000000eb9c02e8}: 'int java.lang.invoke.DirectMethodHandle$Holder.invokeVirtual(java.lang.Object, java.lang.Object, java.lang.Object)'> (0x00000000eb9c02e8) 
thrown [s\src\hotspot\share\interpreter\linkResolver.cpp, line 759]
Event: 13.291 Thread 0x00000193733c9840 Exception <a 'java/lang/NoSuchMethodError'{0x00000000ebb5f318}: 'int java.lang.invoke.DirectMethodHandle$Holder.invokeSpecialIFC(java.lang.Object, java.lang.Object, java.lang.Object)'> (0x00000000ebb5f318) 
thrown [s\src\hotspot\share\interpreter\linkResolver.cpp, line 759]
Event: 13.294 Thread 0x00000193733c9840 Implicit null exception at 0x000001936441bb60 to 0x000001936441ce28
Event: 13.332 Thread 0x00000193733c9840 Exception <a 'java/io/FileNotFoundException'{0x00000000ead54160}> (0x00000000ead54160) 
thrown [s\src\hotspot\share\prims\jni.cpp, line 516]
Event: 13.333 Thread 0x00000193733c9840 Exception <a 'java/io/FileNotFoundException'{0x00000000ead551c8}> (0x00000000ead551c8) 
thrown [s\src\hotspot\share\prims\jni.cpp, line 516]
Event: 13.333 Thread 0x00000193733c9840 Implicit null exception at 0x00000193644164c0 to 0x0000019364417370
Event: 13.342 Thread 0x00000193733c9840 Implicit null exception at 0x0000019364421420 to 0x0000019364421598
Event: 13.648 Thread 0x0000019300981fc0 Exception <a 'java/lang/ArrayIndexOutOfBoundsException'{0x00000000eb1a43a8}> (0x00000000eb1a43a8) 
thrown [s\src\hotspot\share\runtime\sharedRuntime.cpp, line 631]

VM Operations (20 events):
Event: 13.304 Executing VM operation: HandshakeAllThreads
Event: 13.304 Executing VM operation: HandshakeAllThreads done
Event: 13.304 Executing VM operation: HandshakeAllThreads
Event: 13.304 Executing VM operation: HandshakeAllThreads done
Event: 13.314 Executing VM operation: HandshakeAllThreads
Event: 13.314 Executing VM operation: HandshakeAllThreads done
Event: 13.333 Executing VM operation: HandshakeAllThreads
Event: 13.333 Executing VM operation: HandshakeAllThreads done
Event: 13.714 Executing VM operation: HandshakeAllThreads
Event: 13.714 Executing VM operation: HandshakeAllThreads done
Event: 13.732 Executing VM operation: ICBufferFull
Event: 13.732 Executing VM operation: ICBufferFull done
Event: 14.428 Executing VM operation: HandshakeAllThreads
Event: 14.428 Executing VM operation: HandshakeAllThreads done
Event: 14.429 Executing VM operation: HandshakeAllThreads
Event: 14.429 Executing VM operation: HandshakeAllThreads done
Event: 14.455 Executing VM operation: ParallelGCFailedAllocation
Event: 14.457 Executing VM operation: ParallelGCFailedAllocation done
Event: 14.647 Executing VM operation: ParallelGCFailedAllocation
Event: 14.648 Executing VM operation: ParallelGCFailedAllocation done

Events (20 events):
Event: 13.340 Thread 0x000001937324f180 flushing nmethod 0x000001935cf4eb10
Event: 13.340 Thread 0x000001937324f180 flushing nmethod 0x000001935cf5d710
Event: 13.340 Thread 0x000001937324f180 flushing nmethod 0x000001935cf60910
Event: 13.340 Thread 0x000001937324f180 flushing nmethod 0x000001935cf78910
Event: 13.340 Thread 0x000001937324f180 flushing nmethod 0x000001935d03ee10
Event: 13.340 Thread 0x000001937324f180 flushing nmethod 0x000001935d098510
Event: 13.340 Thread 0x000001937324f180 flushing nmethod 0x000001935d0eb910
Event: 13.340 Thread 0x000001937324f180 flushing nmethod 0x000001935d0f1310
Event: 13.340 Thread 0x000001937324f180 flushing nmethod 0x000001935d101e10
Event: 13.340 Thread 0x000001937324f180 flushing nmethod 0x000001935d103010
Event: 13.340 Thread 0x000001937324f180 flushing nmethod 0x000001935d104690
Event: 13.923 Thread 0x000001930012d830 Thread exited: 0x000001930012d830
Event: 14.238 Thread 0x000001930012d830 Thread added: 0x000001930012d830
Event: 14.239 Thread 0x0000019375769420 Thread added: 0x0000019375769420
Event: 14.427 loading class java/util/regex/Pattern$LazyLoop
Event: 14.427 loading class java/util/regex/Pattern$LazyLoop done
Event: 14.428 loading class java/util/regex/Pattern$Pos
Event: 14.428 loading class java/util/regex/Pattern$Pos done
Event: 14.623 Thread 0x000001937351d310 Thread added: 0x000001937351d310
Event: 14.675 Thread 0x0000019376c34160 Thread added: 0x0000019376c34160


Dynamic libraries:
0x00007ff7ac2e0000 - 0x00007ff7ac2ee000 	c:\Users\aDMINISTRATOR\.vscode\extensions\redhat.java-1.30.0-win32-x64\jre\17.0.10-win32-x86_64\bin\java.exe
0x00007fff7f6f0000 - 0x00007fff7f8e8000 	C:\Windows\SYSTEM32\ntdll.dll
0x00007fff7edc0000 - 0x00007fff7ee7d000 	C:\Windows\System32\KERNEL32.DLL
0x00007fff7cdd0000 - 0x00007fff7d0c6000 	C:\Windows\System32\KERNELBASE.dll
0x00007fff7d570000 - 0x00007fff7d670000 	C:\Windows\System32\ucrtbase.dll
0x00007fff611a0000 - 0x00007fff611bb000 	c:\Users\aDMINISTRATOR\.vscode\extensions\redhat.java-1.30.0-win32-x64\jre\17.0.10-win32-x86_64\bin\VCRUNTIME140.dll
0x00007fff611f0000 - 0x00007fff61207000 	c:\Users\aDMINISTRATOR\.vscode\extensions\redhat.java-1.30.0-win32-x64\jre\17.0.10-win32-x86_64\bin\jli.dll
0x00007fff7e950000 - 0x00007fff7eaee000 	C:\Windows\System32\USER32.dll
0x00007fff7cda0000 - 0x00007fff7cdc2000 	C:\Windows\System32\win32u.dll
0x00007fff68dc0000 - 0x00007fff6905a000 	C:\Windows\WinSxS\amd64_microsoft.windows.common-controls_6595b64144ccf1df_6.0.19041.3636_none_60b6a03d71f818d5\COMCTL32.dll
0x00007fff7da00000 - 0x00007fff7da2b000 	C:\Windows\System32\GDI32.dll
0x00007fff7f610000 - 0x00007fff7f6ae000 	C:\Windows\System32\msvcrt.dll
0x00007fff7d260000 - 0x00007fff7d377000 	C:\Windows\System32\gdi32full.dll
0x00007fff7d0d0000 - 0x00007fff7d16d000 	C:\Windows\System32\msvcp_win.dll
0x00007fff7d950000 - 0x00007fff7d982000 	C:\Windows\System32\IMM32.DLL
0x00007fff61be0000 - 0x00007fff61bec000 	c:\Users\aDMINISTRATOR\.vscode\extensions\redhat.java-1.30.0-win32-x64\jre\17.0.10-win32-x86_64\bin\vcruntime140_1.dll
0x00007fff38ac0000 - 0x00007fff38b4d000 	c:\Users\aDMINISTRATOR\.vscode\extensions\redhat.java-1.30.0-win32-x64\jre\17.0.10-win32-x86_64\bin\msvcp140.dll
0x00007fff21320000 - 0x00007fff21f82000 	c:\Users\aDMINISTRATOR\.vscode\extensions\redhat.java-1.30.0-win32-x64\jre\17.0.10-win32-x86_64\bin\server\jvm.dll
0x00007fff7df90000 - 0x00007fff7e040000 	C:\Windows\System32\ADVAPI32.dll
0x00007fff7d8b0000 - 0x00007fff7d950000 	C:\Windows\System32\sechost.dll
0x00007fff7d780000 - 0x00007fff7d8a5000 	C:\Windows\System32\RPCRT4.dll
0x00007fff7d230000 - 0x00007fff7d257000 	C:\Windows\System32\bcrypt.dll
0x00007fff720e0000 - 0x00007fff720e9000 	C:\Windows\SYSTEM32\WSOCK32.dll
0x00007fff7cc00000 - 0x00007fff7cc4b000 	C:\Windows\SYSTEM32\POWRPROF.dll
0x00007fff720f0000 - 0x00007fff72117000 	C:\Windows\SYSTEM32\WINMM.dll
0x00007fff73970000 - 0x00007fff7397a000 	C:\Windows\SYSTEM32\VERSION.dll
0x00007fff7e1f0000 - 0x00007fff7e25b000 	C:\Windows\System32\WS2_32.dll
0x00007fff7cbe0000 - 0x00007fff7cbf2000 	C:\Windows\SYSTEM32\UMPDC.dll
0x00007fff7aa90000 - 0x00007fff7aaa2000 	C:\Windows\SYSTEM32\kernel.appcore.dll
0x00007fff619d0000 - 0x00007fff619da000 	c:\Users\aDMINISTRATOR\.vscode\extensions\redhat.java-1.30.0-win32-x64\jre\17.0.10-win32-x86_64\bin\jimage.dll
0x00007fff72170000 - 0x00007fff72354000 	C:\Windows\SYSTEM32\DBGHELP.DLL
0x00007fff71a80000 - 0x00007fff71ab4000 	C:\Windows\SYSTEM32\dbgcore.DLL
0x00007fff7d4e0000 - 0x00007fff7d562000 	C:\Windows\System32\bcryptPrimitives.dll
0x00007fff61920000 - 0x00007fff6192e000 	c:\Users\aDMINISTRATOR\.vscode\extensions\redhat.java-1.30.0-win32-x64\jre\17.0.10-win32-x86_64\bin\instrument.dll
0x00007fff3f550000 - 0x00007fff3f575000 	c:\Users\aDMINISTRATOR\.vscode\extensions\redhat.java-1.30.0-win32-x64\jre\17.0.10-win32-x86_64\bin\java.dll
0x00007fff60ed0000 - 0x00007fff60ee8000 	c:\Users\aDMINISTRATOR\.vscode\extensions\redhat.java-1.30.0-win32-x64\jre\17.0.10-win32-x86_64\bin\zip.dll
0x00007fff7ee80000 - 0x00007fff7f5eb000 	C:\Windows\System32\SHELL32.dll
0x00007fff7ac90000 - 0x00007fff7b42e000 	C:\Windows\SYSTEM32\windows.storage.dll
0x00007fff7da90000 - 0x00007fff7dde3000 	C:\Windows\System32\combase.dll
0x00007fff7c700000 - 0x00007fff7c72e000 	C:\Windows\SYSTEM32\Wldp.dll
0x00007fff7ecf0000 - 0x00007fff7edbd000 	C:\Windows\System32\OLEAUT32.dll
0x00007fff7ded0000 - 0x00007fff7df7d000 	C:\Windows\System32\SHCORE.dll
0x00007fff7eb70000 - 0x00007fff7ebc5000 	C:\Windows\System32\shlwapi.dll
0x00007fff7ccd0000 - 0x00007fff7ccf5000 	C:\Windows\SYSTEM32\profapi.dll
0x00007fff50b40000 - 0x00007fff50b59000 	C:\Users\aDMINISTRATOR\.vscode\extensions\redhat.java-1.30.0-win32-x64\jre\17.0.10-win32-x86_64\bin\net.dll
0x00007fff757d0000 - 0x00007fff758da000 	C:\Windows\SYSTEM32\WINHTTP.dll
0x00007fff7c460000 - 0x00007fff7c4ca000 	C:\Windows\system32\mswsock.dll
0x00007fff4fc20000 - 0x00007fff4fc36000 	C:\Users\aDMINISTRATOR\.vscode\extensions\redhat.java-1.30.0-win32-x64\jre\17.0.10-win32-x86_64\bin\nio.dll
0x00007fff61340000 - 0x00007fff61350000 	c:\Users\aDMINISTRATOR\.vscode\extensions\redhat.java-1.30.0-win32-x64\jre\17.0.10-win32-x86_64\bin\verify.dll
0x00007fff3e9d0000 - 0x00007fff3ea0e000 	C:\Users\aDMINISTRATOR\AppData\Roaming\Code\User\globalStorage\redhat.java\1.30.0\config_ss_win\org.eclipse.equinox.launcher\org.eclipse.equinox.launcher.win32.win32.x86_64_1.2.900.v20240213-1244\eclipse_11900.dll
0x00007fff7e260000 - 0x00007fff7e38b000 	C:\Windows\System32\ole32.dll
0x00007fff7c660000 - 0x00007fff7c678000 	C:\Windows\SYSTEM32\CRYPTSP.dll
0x00007fff7bd90000 - 0x00007fff7bdc4000 	C:\Windows\system32\rsaenh.dll
0x00007fff7cc90000 - 0x00007fff7ccbe000 	C:\Windows\SYSTEM32\USERENV.dll
0x00007fff7c650000 - 0x00007fff7c65c000 	C:\Windows\SYSTEM32\CRYPTBASE.dll
0x00007fff7c150000 - 0x00007fff7c18b000 	C:\Windows\SYSTEM32\IPHLPAPI.DLL
0x00007fff7e420000 - 0x00007fff7e428000 	C:\Windows\System32\NSI.dll
0x00007fff77fe0000 - 0x00007fff77ff7000 	C:\Windows\SYSTEM32\dhcpcsvc6.DLL
0x00007fff77f90000 - 0x00007fff77fad000 	C:\Windows\SYSTEM32\dhcpcsvc.DLL
0x00007fff7c190000 - 0x00007fff7c25b000 	C:\Windows\SYSTEM32\DNSAPI.dll
0x00007fff3da10000 - 0x00007fff3da55000 	C:\Users\aDMINISTRATOR\AppData\Local\Temp\jna--1830954323\jna8779474990254776740.dll
0x00007fff7d990000 - 0x00007fff7d998000 	C:\Windows\System32\PSAPI.DLL

dbghelp: loaded successfully - version: 4.0.5 - missing functions: none
symbol engine: initialized successfully - sym options: 0x614 - pdb path: .;c:\Users\aDMINISTRATOR\.vscode\extensions\redhat.java-1.30.0-win32-x64\jre\17.0.10-win32-x86_64\bin;C:\Windows\SYSTEM32;C:\Windows\WinSxS\amd64_microsoft.windows.common-controls_6595b64144ccf1df_6.0.19041.3636_none_60b6a03d71f818d5;c:\Users\aDMINISTRATOR\.vscode\extensions\redhat.java-1.30.0-win32-x64\jre\17.0.10-win32-x86_64\bin\server;C:\Users\aDMINISTRATOR\AppData\Roaming\Code\User\globalStorage\redhat.java\1.30.0\config_ss_win\org.eclipse.equinox.launcher\org.eclipse.equinox.launcher.win32.win32.x86_64_1.2.900.v20240213-1244;C:\Users\aDMINISTRATOR\AppData\Local\Temp\jna--1830954323

VM Arguments:
jvm_args: --add-modules=ALL-SYSTEM --add-opens=java.base/java.util=ALL-UNNAMED --add-opens=java.base/java.lang=ALL-UNNAMED --add-opens=java.base/sun.nio.fs=ALL-UNNAMED -Declipse.application=org.eclipse.jdt.ls.core.id1 -Dosgi.bundles.defaultStartLevel=4 -Declipse.product=org.eclipse.jdt.ls.core.product -Djava.import.generatesMetadataFilesAtProjectRoot=false -DDetectVMInstallationsJob.disabled=true -Dfile.encoding=utf8 -XX:+UseParallelGC -XX:GCTimeRatio=4 -XX:AdaptiveSizePolicyWeight=90 -Dsun.zip.disableMemoryMapping=true -Xmx1G -Xms100m -Xlog:disable -javaagent:c:\Users\aDMINISTRATOR\.vscode\extensions\redhat.java-1.30.0-win32-x64\lombok\lombok-1.18.32.jar 
java_command: c:\Users\aDMINISTRATOR\.vscode\extensions\redhat.java-1.30.0-win32-x64\server\plugins\org.eclipse.equinox.launcher_1.6.800.v20240330-1250.jar -configuration c:\Users\aDMINISTRATOR\AppData\Roaming\Code\User\globalStorage\redhat.java\1.30.0\config_ss_win -data c:\Users\aDMINISTRATOR\AppData\Roaming\Code\User\workspaceStorage\615ccf0f16dc16ebe47b9a3c97cb4bae\redhat.java\ss_ws --pipe=\\.\pipe\lsp-9927e3d94f647ddf6a71c2b70043c163-sock
java_class_path (initial): c:\Users\aDMINISTRATOR\.vscode\extensions\redhat.java-1.30.0-win32-x64\server\plugins\org.eclipse.equinox.launcher_1.6.800.v20240330-1250.jar
Launcher Type: SUN_STANDARD

[Global flags]
    uintx AdaptiveSizePolicyWeight                 = 90                                        {product} {command line}
     intx CICompilerCount                          = 12                                        {product} {ergonomic}
    uintx GCTimeRatio                              = 4                                         {product} {command line}
   size_t InitialHeapSize                          = 104857600                                 {product} {command line}
   size_t MaxHeapSize                              = 1073741824                                {product} {command line}
   size_t MaxNewSize                               = 357564416                                 {product} {ergonomic}
   size_t MinHeapDeltaBytes                        = 524288                                    {product} {ergonomic}
   size_t MinHeapSize                              = 104857600                                 {product} {command line}
   size_t NewSize                                  = 34603008                                  {product} {ergonomic}
    uintx NonNMethodCodeHeapSize                   = 7602480                                {pd product} {ergonomic}
    uintx NonProfiledCodeHeapSize                  = 122027880                              {pd product} {ergonomic}
   size_t OldSize                                  = 70254592                                  {product} {ergonomic}
    uintx ProfiledCodeHeapSize                     = 122027880                              {pd product} {ergonomic}
    uintx ReservedCodeCacheSize                    = 251658240                              {pd product} {ergonomic}
     bool SegmentedCodeCache                       = true                                      {product} {ergonomic}
   size_t SoftMaxHeapSize                          = 1073741824                             {manageable} {ergonomic}
     bool UseCompressedClassPointers               = true                           {product lp64_product} {ergonomic}
     bool UseCompressedOops                        = true                           {product lp64_product} {ergonomic}
     bool UseLargePagesIndividualAllocation        = false                                  {pd product} {ergonomic}
     bool UseParallelGC                            = true                                      {product} {command line}

Logging:
Log output configuration:
 #0: stdout all=off uptime,level,tags
 #1: stderr all=off uptime,level,tags

Environment Variables:
PATH=C:\Program Files\Common Files\Oracle\Java\javapath;C:\Windows\system32;C:\Windows;C:\Windows\System32\Wbem;C:\Windows\System32\WindowsPowerShell\v1.0\;C:\Windows\System32\OpenSSH\;C:\maven\apache-maven-3.8.8\bin;C:\Program Files\Java\jdk-20;C:\ProgramData\chocolatey\bin;C:\Program Files\Disk Usage\;C:\Program Files\Git\cmd;C:\Program Files\nodejs\;C:\Program Files\MySQL\MySQL Shell 8.0\bin\;C:\Users\aDMINISTRATOR\AppData\Local\Microsoft\WindowsApps;C:\Users\aDMINISTRATOR\AppData\Roaming\npm\;C:\Users\aDMINISTRATOR\AppData\Local\Programs\Microsoft VS Code\bin;C:\nginx;C:\Users\aDMINISTRATOR\AppData\Roaming\npm\node_modules\pm2\bin
USERNAME=ADMINISTRATOR
OS=Windows_NT
PROCESSOR_IDENTIFIER=Intel64 Family 6 Model 165 Stepping 5, GenuineIntel
TMP=C:\Users\ADMINI~1\AppData\Local\Temp
TEMP=C:\Users\ADMINI~1\AppData\Local\Temp



Periodic native trim disabled


---------------  S Y S T E M  ---------------

OS:
 Windows 10 , 64 bit Build 19041 (10.0.19041.3636)
OS uptime: 18 days 5:34 hours
Hyper-V virtualization detected

CPU: total 16 (initial active 16) (8 cores per cpu, 2 threads per core) family 6 model 165 stepping 5 microcode 0xffffffff, cx8, cmov, fxsr, ht, mmx, 3dnowpref, sse, sse2, sse3, ssse3, sse4.1, sse4.2, popcnt, lzcnt, tsc, avx, avx2, aes, erms, clmul, bmi1, bmi2, adx, fma, vzeroupper, clflush, clflushopt, hv
Processor Information for all 16 processors :
  Max Mhz: 2904, Current Mhz: 2904, Mhz Limit: 2904

Memory: 4k page, system-wide physical 15999M (4352M free)
TotalPageFile size 30136M (AvailPageFile size 1M)
current process WorkingSet (physical memory assigned to process): 228M, peak: 228M
current process commit charge ("private bytes"): 320M, peak: 321M

vm_info: OpenJDK 64-Bit Server VM (17.0.10+7) for windows-amd64 JRE (17.0.10+7), built on Jan 16 2024 23:25:11 by "admin" with MS VC++ 16.10 / 16.11 (VS2019)

END.
