#
# There is insufficient memory for the Java Runtime Environment to continue.
# Native memory allocation (malloc) failed to allocate 632384 bytes for Chunk::new
# Possible reasons:
#   The system is out of physical RAM or swap space
#   The process is running with CompressedOops enabled, and the Java Heap may be blocking the growth of the native heap
# Possible solutions:
#   Reduce memory load on the system
#   Increase physical memory or swap space
#   Check if swap backing store is full
#   Decrease Java heap size (-Xmx/-Xms)
#   Decrease number of Java threads
#   Decrease Java thread stack sizes (-Xss)
#   Set larger code cache with -XX:ReservedCodeCacheSize=
#   JVM is running with Unscaled Compressed Oops mode in which the Java heap is
#     placed in the first 4GB address space. The Java Heap base address is the
#     maximum limit for the native heap growth. Please use -XX:HeapBaseMinAddress
#     to set the Java Heap base and to place the Java Heap above 4GB virtual address.
# This output file may be truncated or incomplete.
#
#  Out of Memory Error (arena.cpp:191), pid=156372, tid=303188
#
# JRE version: OpenJDK Runtime Environment Temurin-17.0.10+7 (17.0.10+7) (build 17.0.10+7)
# Java VM: OpenJDK 64-Bit Server VM Temurin-17.0.10+7 (17.0.10+7, mixed mode, tiered, compressed oops, compressed class ptrs, parallel gc, windows-amd64)
# No core dump will be written. Minidumps are not enabled by default on client versions of Windows
#

---------------  S U M M A R Y ------------

Command Line: --add-modules=ALL-SYSTEM --add-opens=java.base/java.util=ALL-UNNAMED --add-opens=java.base/java.lang=ALL-UNNAMED --add-opens=java.base/sun.nio.fs=ALL-UNNAMED -Declipse.application=org.eclipse.jdt.ls.core.id1 -Dosgi.bundles.defaultStartLevel=4 -Declipse.product=org.eclipse.jdt.ls.core.product -Djava.import.generatesMetadataFilesAtProjectRoot=false -DDetectVMInstallationsJob.disabled=true -Dfile.encoding=utf8 -XX:+UseParallelGC -XX:GCTimeRatio=4 -XX:AdaptiveSizePolicyWeight=90 -Dsun.zip.disableMemoryMapping=true -Xmx1G -Xms100m -Xlog:disable -javaagent:c:\Users\aDMINISTRATOR\.vscode\extensions\redhat.java-1.28.1-win32-x64\lombok\lombok-1.18.31.jar -XX:+HeapDumpOnOutOfMemoryError -XX:HeapDumpPath=c:\Users\aDMINISTRATOR\AppData\Roaming\Code\User\workspaceStorage\615ccf0f16dc16ebe47b9a3c97cb4bae\redhat.java -Daether.dependencyCollector.impl=bf c:\Users\aDMINISTRATOR\.vscode\extensions\redhat.java-1.28.1-win32-x64\server\plugins\org.eclipse.equinox.launcher_1.6.700.v20231214-2017.jar -configuration c:\Users\aDMINISTRATOR\AppData\Roaming\Code\User\globalStorage\redhat.java\1.28.1\config_win -data c:\Users\aDMINISTRATOR\AppData\Roaming\Code\User\workspaceStorage\615ccf0f16dc16ebe47b9a3c97cb4bae\redhat.java\jdt_ws --stdio

Host: Intel(R) Core(TM) i7-10700F CPU @ 2.90GHz, 16 cores, 15G,  Windows 10 , 64 bit Build 19041 (10.0.19041.3636)
Time: Thu Mar  7 10:44:33 2024 Hora oficial do Brasil elapsed time: 43.785376 seconds (0d 0h 0m 43s)

---------------  T H R E A D  ---------------

Current thread (0x0000018263573120):  JavaThread "C2 CompilerThread1" daemon [_thread_in_native, id=303188, stack(0x0000001e09100000,0x0000001e09200000)]


Current CompileTask:
C2:  43785 11480       4       org.eclipse.jdt.internal.compiler.parser.Parser::consumeToken (2355 bytes)

Stack: [0x0000001e09100000,0x0000001e09200000]
Native frames: (J=compiled Java code, j=interpreted, Vv=VM code, C=native code)
V  [jvm.dll+0x67d2c9]
V  [jvm.dll+0x834afa]
V  [jvm.dll+0x8365be]
V  [jvm.dll+0x836c23]
V  [jvm.dll+0x2477ff]
V  [jvm.dll+0xac514]
V  [jvm.dll+0xacb5c]
V  [jvm.dll+0x3667d7]
V  [jvm.dll+0x330bfa]
V  [jvm.dll+0x33009a]
V  [jvm.dll+0x219ef1]
V  [jvm.dll+0x219311]
V  [jvm.dll+0x1a502d]
V  [jvm.dll+0x2290de]
V  [jvm.dll+0x2272ac]
V  [jvm.dll+0x7e9bb7]
V  [jvm.dll+0x7e3fba]
V  [jvm.dll+0x67c1b5]
C  [ucrtbase.dll+0x21bb2]
C  [KERNEL32.DLL+0x17344]
C  [ntdll.dll+0x526b1]


---------------  P R O C E S S  ---------------

Threads class SMR info:
_java_thread_list=0x0000018262195480, length=48, elements={
0x000001824402ee90, 0x0000018257ec2750, 0x0000018257ec38f0, 0x000001825d22b530,
0x000001825d22e0d0, 0x000001825d22f400, 0x0000018257ecc3d0, 0x000001825d231a80,
0x000001825d2352e0, 0x000001825d2363d0, 0x0000018244090730, 0x000001825f188ce0,
0x000001825f66d530, 0x000001825f39db00, 0x000001825f39f240, 0x00000182602ab810,
0x000001825fe2f0d0, 0x000001825ffc24a0, 0x000001825ffc33d0, 0x000001825ffc38e0,
0x000001825ffc1570, 0x000001825ffc2ec0, 0x000001825ffc1060, 0x000001825ffc4300,
0x00000182611cb5c0, 0x00000182611c4b70, 0x00000182611c7e10, 0x00000182611c9c70,
0x00000182611ca180, 0x00000182611c69d0, 0x00000182611ca690, 0x00000182611caba0,
0x00000182611c4150, 0x00000182611c73f0, 0x00000182611c5590, 0x00000182611c5aa0,
0x00000182611c7900, 0x0000018261700b80, 0x0000018261701090, 0x00000182617015a0,
0x00000182616fb060, 0x00000182616fc9b0, 0x0000018261701ab0, 0x0000018263572680,
0x0000018263573120, 0x00000182635780d0, 0x0000018263576640, 0x0000018263574660
}

Java Threads: ( => current thread )
  0x000001824402ee90 JavaThread "main" [_thread_blocked, id=443540, stack(0x0000001e08400000,0x0000001e08500000)]
  0x0000018257ec2750 JavaThread "Reference Handler" daemon [_thread_blocked, id=430420, stack(0x0000001e08700000,0x0000001e08800000)]
  0x0000018257ec38f0 JavaThread "Finalizer" daemon [_thread_blocked, id=439036, stack(0x0000001e08800000,0x0000001e08900000)]
  0x000001825d22b530 JavaThread "Signal Dispatcher" daemon [_thread_blocked, id=136144, stack(0x0000001e08900000,0x0000001e08a00000)]
  0x000001825d22e0d0 JavaThread "Attach Listener" daemon [_thread_blocked, id=301160, stack(0x0000001e08a00000,0x0000001e08b00000)]
  0x000001825d22f400 JavaThread "Service Thread" daemon [_thread_blocked, id=99400, stack(0x0000001e08b00000,0x0000001e08c00000)]
  0x0000018257ecc3d0 JavaThread "Monitor Deflation Thread" daemon [_thread_blocked, id=178248, stack(0x0000001e08c00000,0x0000001e08d00000)]
  0x000001825d231a80 JavaThread "C2 CompilerThread0" daemon [_thread_in_native, id=354244, stack(0x0000001e08d00000,0x0000001e08e00000)]
  0x000001825d2352e0 JavaThread "C1 CompilerThread0" daemon [_thread_in_native, id=441200, stack(0x0000001e08e00000,0x0000001e08f00000)]
  0x000001825d2363d0 JavaThread "Sweeper thread" daemon [_thread_blocked, id=237868, stack(0x0000001e08f00000,0x0000001e09000000)]
  0x0000018244090730 JavaThread "Common-Cleaner" daemon [_thread_blocked, id=155400, stack(0x0000001e09000000,0x0000001e09100000)]
  0x000001825f188ce0 JavaThread "Notification Thread" daemon [_thread_blocked, id=116604, stack(0x0000001e09200000,0x0000001e09300000)]
  0x000001825f66d530 JavaThread "Active Thread: Equinox Container: dc22b2e4-31d1-435f-92f4-b7c698ad03e1" [_thread_blocked, id=238160, stack(0x0000001e09d00000,0x0000001e09e00000)]
  0x000001825f39db00 JavaThread "Framework Event Dispatcher: Equinox Container: dc22b2e4-31d1-435f-92f4-b7c698ad03e1" daemon [_thread_blocked, id=146612, stack(0x0000001e09b00000,0x0000001e09c00000)]
  0x000001825f39f240 JavaThread "Start Level: Equinox Container: dc22b2e4-31d1-435f-92f4-b7c698ad03e1" daemon [_thread_blocked, id=238524, stack(0x0000001e09c00000,0x0000001e09d00000)]
  0x00000182602ab810 JavaThread "Bundle File Closer" daemon [_thread_blocked, id=280020, stack(0x0000001e0a300000,0x0000001e0a400000)]
  0x000001825fe2f0d0 JavaThread "SCR Component Actor" daemon [_thread_blocked, id=375480, stack(0x0000001e0a500000,0x0000001e0a600000)]
  0x000001825ffc24a0 JavaThread "Worker-JM" [_thread_blocked, id=200960, stack(0x0000001e0a800000,0x0000001e0a900000)]
  0x000001825ffc33d0 JavaThread "Worker-0" [_thread_blocked, id=299316, stack(0x0000001e0a000000,0x0000001e0a100000)]
  0x000001825ffc38e0 JavaThread "Worker-1" [_thread_blocked, id=134768, stack(0x0000001e0a100000,0x0000001e0a200000)]
  0x000001825ffc1570 JavaThread "Java indexing" daemon [_thread_blocked, id=257208, stack(0x0000001e0ad00000,0x0000001e0ae00000)]
  0x000001825ffc2ec0 JavaThread "JNA Cleaner" daemon [_thread_blocked, id=348640, stack(0x0000001e0ae00000,0x0000001e0af00000)]
  0x000001825ffc1060 JavaThread "pool-2-thread-1" [_thread_blocked, id=25864, stack(0x0000001e0aa00000,0x0000001e0ab00000)]
  0x000001825ffc4300 JavaThread "Worker-2" [_thread_blocked, id=48924, stack(0x0000001e0b200000,0x0000001e0b300000)]
  0x00000182611cb5c0 JavaThread "WorkspaceEventsHandler" [_thread_blocked, id=119416, stack(0x0000001e0b300000,0x0000001e0b400000)]
  0x00000182611c4b70 JavaThread "pool-1-thread-1" [_thread_blocked, id=287588, stack(0x0000001e0b400000,0x0000001e0b500000)]
  0x00000182611c7e10 JavaThread "Worker-3" [_thread_blocked, id=26352, stack(0x0000001e0ba00000,0x0000001e0bb00000)]
  0x00000182611c9c70 JavaThread "ForkJoinPool.commonPool-worker-1" daemon [_thread_blocked, id=167256, stack(0x0000001e0b600000,0x0000001e0b700000)]
  0x00000182611ca180 JavaThread "ForkJoinPool.commonPool-worker-2" daemon [_thread_blocked, id=35224, stack(0x0000001e0b700000,0x0000001e0b800000)]
  0x00000182611c69d0 JavaThread "Worker-4" [_thread_blocked, id=112804, stack(0x0000001e0b800000,0x0000001e0b900000)]
  0x00000182611ca690 JavaThread "ForkJoinPool.commonPool-worker-3" daemon [_thread_blocked, id=144708, stack(0x0000001e0a600000,0x0000001e0a700000)]
  0x00000182611caba0 JavaThread "ForkJoinPool.commonPool-worker-4" daemon [_thread_blocked, id=97804, stack(0x0000001e0ac00000,0x0000001e0ad00000)]
  0x00000182611c4150 JavaThread "ForkJoinPool.commonPool-worker-5" daemon [_thread_blocked, id=114644, stack(0x0000001e0b100000,0x0000001e0b200000)]
  0x00000182611c73f0 JavaThread "ForkJoinPool.commonPool-worker-6" daemon [_thread_blocked, id=408024, stack(0x0000001e0b500000,0x0000001e0b600000)]
  0x00000182611c5590 JavaThread "ForkJoinPool.commonPool-worker-7" daemon [_thread_blocked, id=155552, stack(0x0000001e0b900000,0x0000001e0ba00000)]
  0x00000182611c5aa0 JavaThread "ForkJoinPool.commonPool-worker-8" daemon [_thread_blocked, id=235864, stack(0x0000001e0bc00000,0x0000001e0bd00000)]
  0x00000182611c7900 JavaThread "ForkJoinPool.commonPool-worker-9" daemon [_thread_blocked, id=368032, stack(0x0000001e09300000,0x0000001e09400000)]
  0x0000018261700b80 JavaThread "ForkJoinPool.commonPool-worker-10" daemon [_thread_blocked, id=269588, stack(0x0000001e0bd00000,0x0000001e0be00000)]
  0x0000018261701090 JavaThread "ForkJoinPool.commonPool-worker-11" daemon [_thread_blocked, id=194772, stack(0x0000001e0be00000,0x0000001e0bf00000)]
  0x00000182617015a0 JavaThread "ForkJoinPool.commonPool-worker-12" daemon [_thread_blocked, id=222348, stack(0x0000001e0bf00000,0x0000001e0c000000)]
  0x00000182616fb060 JavaThread "ForkJoinPool.commonPool-worker-13" daemon [_thread_blocked, id=236208, stack(0x0000001e0c000000,0x0000001e0c100000)]
  0x00000182616fc9b0 JavaThread "ForkJoinPool.commonPool-worker-14" daemon [_thread_blocked, id=215328, stack(0x0000001e0c100000,0x0000001e0c200000)]
  0x0000018261701ab0 JavaThread "ForkJoinPool.commonPool-worker-15" daemon [_thread_blocked, id=223540, stack(0x0000001e0c200000,0x0000001e0c300000)]
  0x0000018263572680 JavaThread "C1 CompilerThread1" daemon [_thread_blocked, id=132460, stack(0x0000001e09400000,0x0000001e09500000)]
=>0x0000018263573120 JavaThread "C2 CompilerThread1" daemon [_thread_in_native, id=303188, stack(0x0000001e09100000,0x0000001e09200000)]
  0x00000182635780d0 JavaThread "C2 CompilerThread2" daemon [_thread_in_native, id=300044, stack(0x0000001e0c300000,0x0000001e0c400000)]
  0x0000018263576640 JavaThread "C2 CompilerThread3" daemon [_thread_in_native, id=298860, stack(0x0000001e0c400000,0x0000001e0c500000)]
  0x0000018263574660 JavaThread "C2 CompilerThread4" daemon [_thread_in_native, id=359676, stack(0x0000001e0c500000,0x0000001e0c600000)]

Other Threads:
  0x00000182440ed980 VMThread "VM Thread" [stack: 0x0000001e08600000,0x0000001e08700000] [id=158012]
  0x000001825f1891c0 WatcherThread [stack: 0x0000001e09500000,0x0000001e09600000] [id=147728]
  0x0000018244044630 GCTaskThread "GC Thread#0" [stack: 0x0000001e08500000,0x0000001e08600000] [id=29408]
  0x000001825f893580 GCTaskThread "GC Thread#1" [stack: 0x0000001e09600000,0x0000001e09700000] [id=278120]
  0x000001825f66fe00 GCTaskThread "GC Thread#2" [stack: 0x0000001e09700000,0x0000001e09800000] [id=407108]
  0x000001825f6cb130 GCTaskThread "GC Thread#3" [stack: 0x0000001e09800000,0x0000001e09900000] [id=308132]
  0x000001825f6cb3f0 GCTaskThread "GC Thread#4" [stack: 0x0000001e09900000,0x0000001e09a00000] [id=275024]
  0x000001825f6cb6b0 GCTaskThread "GC Thread#5" [stack: 0x0000001e09a00000,0x0000001e09b00000] [id=79748]
  0x000001825f75be70 GCTaskThread "GC Thread#6" [stack: 0x0000001e09e00000,0x0000001e09f00000] [id=414184]
  0x000001825f75c130 GCTaskThread "GC Thread#7" [stack: 0x0000001e09f00000,0x0000001e0a000000] [id=37576]
  0x00000182602bdea0 GCTaskThread "GC Thread#8" [stack: 0x0000001e0a400000,0x0000001e0a500000] [id=449980]
  0x00000182601829b0 GCTaskThread "GC Thread#9" [stack: 0x0000001e0a200000,0x0000001e0a300000] [id=303832]
  0x000001826017fcf0 GCTaskThread "GC Thread#10" [stack: 0x0000001e0a700000,0x0000001e0a800000] [id=85308]
  0x00000182602642d0 GCTaskThread "GC Thread#11" [stack: 0x0000001e0a900000,0x0000001e0aa00000] [id=353684]
  0x000001825fe89e40 GCTaskThread "GC Thread#12" [stack: 0x0000001e0ab00000,0x0000001e0ac00000] [id=95740]

Threads with active compile tasks:
C2 CompilerThread0    43812 11402       4       org.eclipse.jdt.internal.compiler.parser.Parser::consumeRule (7964 bytes)
C2 CompilerThread1    43812 11480       4       org.eclipse.jdt.internal.compiler.parser.Parser::consumeToken (2355 bytes)
C2 CompilerThread2    43812 11513       4       java.util.regex.Pattern::atom (422 bytes)
C2 CompilerThread3    43813 11490   !   4       org.eclipse.jdt.internal.compiler.parser.Scanner::getNextToken0 (2518 bytes)
C2 CompilerThread4    43813 11555       4       lombok.eclipse.EclipseAST::drill (80 bytes)

VM state: not at safepoint (normal execution)

VM Mutex/Monitor currently owned by a thread: None

Heap address: 0x00000000c0000000, size: 1024 MB, Compressed Oops mode: 32-bit

CDS archive(s) not mapped
Compressed class space mapped at: 0x0000000100000000-0x0000000140000000, reserved size: 1073741824
Narrow klass base: 0x0000000000000000, Narrow klass shift: 3, Narrow klass range: 0x140000000

GC Precious Log:
 CPUs: 16 total, 16 available
 Memory: 15999M
 Large Page Support: Disabled
 NUMA Support: Disabled
 Compressed Oops: Enabled (32-bit)
 Alignments: Space 512K, Generation 512K, Heap 2M
 Heap Min Capacity: 100M
 Heap Initial Capacity: 100M
 Heap Max Capacity: 1G
 Pre-touch: Disabled
 Parallel Workers: 13

Heap:
 PSYoungGen      total 17920K, used 16171K [0x00000000eab00000, 0x00000000ebf80000, 0x0000000100000000)
  eden space 16896K, 92% used [0x00000000eab00000,0x00000000eba52ca0,0x00000000ebb80000)
  from space 1024K, 46% used [0x00000000ebd80000,0x00000000ebdf8000,0x00000000ebe80000)
  to   space 512K, 0% used [0x00000000ebf00000,0x00000000ebf00000,0x00000000ebf80000)
 ParOldGen       total 90624K, used 62854K [0x00000000c0000000, 0x00000000c5880000, 0x00000000eab00000)
  object space 90624K, 69% used [0x00000000c0000000,0x00000000c3d61800,0x00000000c5880000)
 Metaspace       used 74811K, committed 76160K, reserved 1179648K
  class space    used 7941K, committed 8512K, reserved 1048576K

Card table byte_map: [0x00000182439d0000,0x0000018243be0000] _byte_map_base: 0x00000182433d0000

Marking Bits: (ParMarkBitMap*) 0x00007ff8cc2cd7d0
 Begin Bits: [0x0000018255cd0000, 0x0000018256cd0000)
 End Bits:   [0x0000018256cd0000, 0x0000018257cd0000)

Polling page: 0x0000018241fc0000

Metaspace:

Usage:
  Non-class:     65.30 MB used.
      Class:      7.76 MB used.
       Both:     73.06 MB used.

Virtual space:
  Non-class space:      128.00 MB reserved,      66.06 MB ( 52%) committed,  2 nodes.
      Class space:        1.00 GB reserved,       8.31 MB ( <1%) committed,  1 nodes.
             Both:        1.12 GB reserved,      74.38 MB (  6%) committed. 

Chunk freelists:
   Non-Class:  13.55 MB
       Class:  7.61 MB
        Both:  21.15 MB

MaxMetaspaceSize: unlimited
CompressedClassSpaceSize: 1.00 GB
Initial GC threshold: 21.00 MB
Current GC threshold: 120.12 MB
CDS: off
MetaspaceReclaimPolicy: balanced
 - commit_granule_bytes: 65536.
 - commit_granule_words: 8192.
 - virtual_space_node_default_size: 8388608.
 - enlarge_chunks_in_place: 1.
 - new_chunks_are_fully_committed: 0.
 - uncommit_free_chunks: 1.
 - use_allocation_guard: 0.
 - handle_deallocations: 1.


Internal statistics:

num_allocs_failed_limit: 9.
num_arena_births: 908.
num_arena_deaths: 32.
num_vsnodes_births: 3.
num_vsnodes_deaths: 0.
num_space_committed: 1190.
num_space_uncommitted: 0.
num_chunks_returned_to_freelist: 57.
num_chunks_taken_from_freelist: 3958.
num_chunk_merges: 23.
num_chunk_splits: 2430.
num_chunks_enlarged: 1345.
num_inconsistent_stats: 0.

CodeHeap 'non-profiled nmethods': size=119168Kb used=6899Kb max_used=6899Kb free=112268Kb
 bounds [0x000001824e870000, 0x000001824ef30000, 0x0000018255cd0000]
CodeHeap 'profiled nmethods': size=119104Kb used=22735Kb max_used=22735Kb free=96368Kb
 bounds [0x0000018246cd0000, 0x0000018248310000, 0x000001824e120000]
CodeHeap 'non-nmethods': size=7488Kb used=1937Kb max_used=3129Kb free=5550Kb
 bounds [0x000001824e120000, 0x000001824e450000, 0x000001824e870000]
 total_blobs=10845 nmethods=10127 adapters=630
 compilation: enabled
              stopped_count=0, restarted_count=0
 full_count=0

Compilation events (20 events):
Event: 43.765 Thread 0x00000182635780d0 nmethod 11511 0x000001824ef2a790 code [0x000001824ef2a940, 0x000001824ef2acf0]
Event: 43.765 Thread 0x00000182635780d0 11513       4       java.util.regex.Pattern::atom (422 bytes)
Event: 43.774 Thread 0x0000018263572680 11514       3       java.nio.charset.CharsetDecoder::reset (11 bytes)
Event: 43.774 Thread 0x000001825d2352e0 11515       3       java.nio.charset.CharsetDecoder::implReset (1 bytes)
Event: 43.774 Thread 0x000001825d2352e0 nmethod 11515 0x00000182482e2d10 code [0x00000182482e2ea0, 0x00000182482e2fb8]
Event: 43.774 Thread 0x0000018263572680 nmethod 11514 0x00000182482e3090 code [0x00000182482e3220, 0x00000182482e3418]
Event: 43.776 Thread 0x000001825d2352e0 11518       3       lombok.core.AST::setChanged (6 bytes)
Event: 43.776 Thread 0x000001825d2352e0 nmethod 11518 0x00000182482e3510 code [0x00000182482e36a0, 0x00000182482e37b8]
Event: 43.776 Thread 0x000001825d2352e0 11519       3       lombok.eclipse.handlers.SetGeneratedByVisitor::visit (22 bytes)
Event: 43.776 Thread 0x0000018263572680 11520       3       lombok.eclipse.handlers.SetGeneratedByVisitor::fixPositions (67 bytes)
Event: 43.777 Thread 0x0000018263572680 nmethod 11520 0x00000182482e3890 code [0x00000182482e3a40, 0x00000182482e3ce8]
Event: 43.777 Thread 0x000001825d2352e0 nmethod 11519 0x00000182482e3e10 code [0x00000182482e3fe0, 0x00000182482e4298]
Event: 43.777 Thread 0x000001825d2352e0 11521       3       lombok.eclipse.EclipseAST::buildField (105 bytes)
Event: 43.778 Thread 0x0000018263572680 11522       3       org.eclipse.jdt.internal.core.Annotation::<init> (8 bytes)
Event: 43.778 Thread 0x0000018263572680 nmethod 11522 0x00000182482e4410 code [0x00000182482e45c0, 0x00000182482e4708]
Event: 43.778 Thread 0x0000018263572680 11523       3       org.eclipse.jdt.internal.core.Annotation::<init> (9 bytes)
Event: 43.778 Thread 0x0000018263572680 nmethod 11523 0x00000182482e4790 code [0x00000182482e4980, 0x00000182482e4e78]
Event: 43.778 Thread 0x000001825d2352e0 nmethod 11521 0x00000182482e5110 code [0x00000182482e5440, 0x00000182482e6c28]
Event: 43.778 Thread 0x0000018263572680 11524       3       org.eclipse.jdt.internal.core.AnnotationInfo::<init> (15 bytes)
Event: 43.778 Thread 0x0000018263572680 nmethod 11524 0x00000182482e7390 code [0x00000182482e7540, 0x00000182482e7778]

GC Heap History (20 events):
Event: 22.892 GC heap before
{Heap before GC invocations=51 (full 3):
 PSYoungGen      total 17920K, used 17846K [0x00000000eab00000, 0x00000000ec000000, 0x0000000100000000)
  eden space 16896K, 100% used [0x00000000eab00000,0x00000000ebb80000,0x00000000ebb80000)
  from space 1024K, 92% used [0x00000000ebc80000,0x00000000ebd6dba0,0x00000000ebd80000)
  to   space 1536K, 0% used [0x00000000ebe80000,0x00000000ebe80000,0x00000000ec000000)
 ParOldGen       total 68608K, used 58462K [0x00000000c0000000, 0x00000000c4300000, 0x00000000eab00000)
  object space 68608K, 85% used [0x00000000c0000000,0x00000000c3917900,0x00000000c4300000)
 Metaspace       used 71268K, committed 72448K, reserved 1114112K
  class space    used 7643K, committed 8192K, reserved 1048576K
}
Event: 22.893 GC heap after
{Heap after GC invocations=51 (full 3):
 PSYoungGen      total 17408K, used 512K [0x00000000eab00000, 0x00000000ebf00000, 0x0000000100000000)
  eden space 16896K, 0% used [0x00000000eab00000,0x00000000eab00000,0x00000000ebb80000)
  from space 512K, 100% used [0x00000000ebe80000,0x00000000ebf00000,0x00000000ebf00000)
  to   space 1024K, 0% used [0x00000000ebd00000,0x00000000ebd00000,0x00000000ebe00000)
 ParOldGen       total 68608K, used 58798K [0x00000000c0000000, 0x00000000c4300000, 0x00000000eab00000)
  object space 68608K, 85% used [0x00000000c0000000,0x00000000c396b900,0x00000000c4300000)
 Metaspace       used 71268K, committed 72448K, reserved 1114112K
  class space    used 7643K, committed 8192K, reserved 1048576K
}
Event: 23.786 GC heap before
{Heap before GC invocations=52 (full 3):
 PSYoungGen      total 17408K, used 17408K [0x00000000eab00000, 0x00000000ebf00000, 0x0000000100000000)
  eden space 16896K, 100% used [0x00000000eab00000,0x00000000ebb80000,0x00000000ebb80000)
  from space 512K, 100% used [0x00000000ebe80000,0x00000000ebf00000,0x00000000ebf00000)
  to   space 1024K, 0% used [0x00000000ebd00000,0x00000000ebd00000,0x00000000ebe00000)
 ParOldGen       total 68608K, used 58798K [0x00000000c0000000, 0x00000000c4300000, 0x00000000eab00000)
  object space 68608K, 85% used [0x00000000c0000000,0x00000000c396b900,0x00000000c4300000)
 Metaspace       used 71785K, committed 72960K, reserved 1114112K
  class space    used 7662K, committed 8192K, reserved 1048576K
}
Event: 23.787 GC heap after
{Heap after GC invocations=52 (full 3):
 PSYoungGen      total 17920K, used 1008K [0x00000000eab00000, 0x00000000ebf80000, 0x0000000100000000)
  eden space 16896K, 0% used [0x00000000eab00000,0x00000000eab00000,0x00000000ebb80000)
  from space 1024K, 98% used [0x00000000ebd00000,0x00000000ebdfc010,0x00000000ebe00000)
  to   space 1536K, 0% used [0x00000000ebe00000,0x00000000ebe00000,0x00000000ebf80000)
 ParOldGen       total 68608K, used 59246K [0x00000000c0000000, 0x00000000c4300000, 0x00000000eab00000)
  object space 68608K, 86% used [0x00000000c0000000,0x00000000c39db900,0x00000000c4300000)
 Metaspace       used 71785K, committed 72960K, reserved 1114112K
  class space    used 7662K, committed 8192K, reserved 1048576K
}
Event: 25.735 GC heap before
{Heap before GC invocations=53 (full 3):
 PSYoungGen      total 17920K, used 17746K [0x00000000eab00000, 0x00000000ebf80000, 0x0000000100000000)
  eden space 16896K, 99% used [0x00000000eab00000,0x00000000ebb58b68,0x00000000ebb80000)
  from space 1024K, 98% used [0x00000000ebd00000,0x00000000ebdfc010,0x00000000ebe00000)
  to   space 1536K, 0% used [0x00000000ebe00000,0x00000000ebe00000,0x00000000ebf80000)
 ParOldGen       total 68608K, used 59246K [0x00000000c0000000, 0x00000000c4300000, 0x00000000eab00000)
  object space 68608K, 86% used [0x00000000c0000000,0x00000000c39db900,0x00000000c4300000)
 Metaspace       used 72277K, committed 73472K, reserved 1179648K
  class space    used 7704K, committed 8256K, reserved 1048576K
}
Event: 25.736 GC heap after
{Heap after GC invocations=53 (full 3):
 PSYoungGen      total 18432K, used 1248K [0x00000000eab00000, 0x00000000ebf80000, 0x0000000100000000)
  eden space 16896K, 0% used [0x00000000eab00000,0x00000000eab00000,0x00000000ebb80000)
  from space 1536K, 81% used [0x00000000ebe00000,0x00000000ebf38000,0x00000000ebf80000)
  to   space 1536K, 0% used [0x00000000ebc80000,0x00000000ebc80000,0x00000000ebe00000)
 ParOldGen       total 68608K, used 60222K [0x00000000c0000000, 0x00000000c4300000, 0x00000000eab00000)
  object space 68608K, 87% used [0x00000000c0000000,0x00000000c3acf910,0x00000000c4300000)
 Metaspace       used 72277K, committed 73472K, reserved 1179648K
  class space    used 7704K, committed 8256K, reserved 1048576K
}
Event: 26.728 GC heap before
{Heap before GC invocations=54 (full 3):
 PSYoungGen      total 18432K, used 18144K [0x00000000eab00000, 0x00000000ebf80000, 0x0000000100000000)
  eden space 16896K, 100% used [0x00000000eab00000,0x00000000ebb80000,0x00000000ebb80000)
  from space 1536K, 81% used [0x00000000ebe00000,0x00000000ebf38000,0x00000000ebf80000)
  to   space 1536K, 0% used [0x00000000ebc80000,0x00000000ebc80000,0x00000000ebe00000)
 ParOldGen       total 68608K, used 60222K [0x00000000c0000000, 0x00000000c4300000, 0x00000000eab00000)
  object space 68608K, 87% used [0x00000000c0000000,0x00000000c3acf910,0x00000000c4300000)
 Metaspace       used 72544K, committed 73792K, reserved 1179648K
  class space    used 7718K, committed 8256K, reserved 1048576K
}
Event: 26.731 GC heap after
{Heap after GC invocations=54 (full 3):
 PSYoungGen      total 18432K, used 1510K [0x00000000eab00000, 0x00000000ecc80000, 0x0000000100000000)
  eden space 16896K, 0% used [0x00000000eab00000,0x00000000eab00000,0x00000000ebb80000)
  from space 1536K, 98% used [0x00000000ebc80000,0x00000000ebdf9a00,0x00000000ebe00000)
  to   space 8704K, 0% used [0x00000000ec400000,0x00000000ec400000,0x00000000ecc80000)
 ParOldGen       total 68608K, used 66087K [0x00000000c0000000, 0x00000000c4300000, 0x00000000eab00000)
  object space 68608K, 96% used [0x00000000c0000000,0x00000000c4089e28,0x00000000c4300000)
 Metaspace       used 72544K, committed 73792K, reserved 1179648K
  class space    used 7718K, committed 8256K, reserved 1048576K
}
Event: 26.731 GC heap before
{Heap before GC invocations=55 (full 4):
 PSYoungGen      total 18432K, used 1510K [0x00000000eab00000, 0x00000000ecc80000, 0x0000000100000000)
  eden space 16896K, 0% used [0x00000000eab00000,0x00000000eab00000,0x00000000ebb80000)
  from space 1536K, 98% used [0x00000000ebc80000,0x00000000ebdf9a00,0x00000000ebe00000)
  to   space 8704K, 0% used [0x00000000ec400000,0x00000000ec400000,0x00000000ecc80000)
 ParOldGen       total 68608K, used 66087K [0x00000000c0000000, 0x00000000c4300000, 0x00000000eab00000)
  object space 68608K, 96% used [0x00000000c0000000,0x00000000c4089e28,0x00000000c4300000)
 Metaspace       used 72544K, committed 73792K, reserved 1179648K
  class space    used 7718K, committed 8256K, reserved 1048576K
}
Event: 26.790 GC heap after
{Heap after GC invocations=55 (full 4):
 PSYoungGen      total 25600K, used 0K [0x00000000eab00000, 0x00000000ecc80000, 0x0000000100000000)
  eden space 16896K, 0% used [0x00000000eab00000,0x00000000eab00000,0x00000000ebb80000)
  from space 8704K, 0% used [0x00000000ec400000,0x00000000ec400000,0x00000000ecc80000)
  to   space 8704K, 0% used [0x00000000ebb80000,0x00000000ebb80000,0x00000000ec400000)
 ParOldGen       total 90624K, used 58516K [0x00000000c0000000, 0x00000000c5880000, 0x00000000eab00000)
  object space 90624K, 64% used [0x00000000c0000000,0x00000000c39253b8,0x00000000c5880000)
 Metaspace       used 72529K, committed 73792K, reserved 1179648K
  class space    used 7713K, committed 8256K, reserved 1048576K
}
Event: 27.188 GC heap before
{Heap before GC invocations=56 (full 4):
 PSYoungGen      total 25600K, used 16896K [0x00000000eab00000, 0x00000000ecc80000, 0x0000000100000000)
  eden space 16896K, 100% used [0x00000000eab00000,0x00000000ebb80000,0x00000000ebb80000)
  from space 8704K, 0% used [0x00000000ec400000,0x00000000ec400000,0x00000000ecc80000)
  to   space 8704K, 0% used [0x00000000ebb80000,0x00000000ebb80000,0x00000000ec400000)
 ParOldGen       total 90624K, used 58516K [0x00000000c0000000, 0x00000000c5880000, 0x00000000eab00000)
  object space 90624K, 64% used [0x00000000c0000000,0x00000000c39253b8,0x00000000c5880000)
 Metaspace       used 73104K, committed 74304K, reserved 1179648K
  class space    used 7779K, committed 8320K, reserved 1048576K
}
Event: 27.190 GC heap after
{Heap after GC invocations=56 (full 4):
 PSYoungGen      total 19968K, used 2900K [0x00000000eab00000, 0x00000000ec480000, 0x0000000100000000)
  eden space 16896K, 0% used [0x00000000eab00000,0x00000000eab00000,0x00000000ebb80000)
  from space 3072K, 94% used [0x00000000ebb80000,0x00000000ebe55220,0x00000000ebe80000)
  to   space 4608K, 0% used [0x00000000ec000000,0x00000000ec000000,0x00000000ec480000)
 ParOldGen       total 90624K, used 58524K [0x00000000c0000000, 0x00000000c5880000, 0x00000000eab00000)
  object space 90624K, 64% used [0x00000000c0000000,0x00000000c39273b8,0x00000000c5880000)
 Metaspace       used 73104K, committed 74304K, reserved 1179648K
  class space    used 7779K, committed 8320K, reserved 1048576K
}
Event: 28.116 GC heap before
{Heap before GC invocations=57 (full 4):
 PSYoungGen      total 19968K, used 19796K [0x00000000eab00000, 0x00000000ec480000, 0x0000000100000000)
  eden space 16896K, 100% used [0x00000000eab00000,0x00000000ebb80000,0x00000000ebb80000)
  from space 3072K, 94% used [0x00000000ebb80000,0x00000000ebe55220,0x00000000ebe80000)
  to   space 4608K, 0% used [0x00000000ec000000,0x00000000ec000000,0x00000000ec480000)
 ParOldGen       total 90624K, used 58524K [0x00000000c0000000, 0x00000000c5880000, 0x00000000eab00000)
  object space 90624K, 64% used [0x00000000c0000000,0x00000000c39273b8,0x00000000c5880000)
 Metaspace       used 73879K, committed 75200K, reserved 1179648K
  class space    used 7864K, committed 8448K, reserved 1048576K
}
Event: 28.118 GC heap after
{Heap after GC invocations=57 (full 4):
 PSYoungGen      total 18944K, used 1802K [0x00000000eab00000, 0x00000000ec200000, 0x0000000100000000)
  eden space 16896K, 0% used [0x00000000eab00000,0x00000000eab00000,0x00000000ebb80000)
  from space 2048K, 88% used [0x00000000ec000000,0x00000000ec1c2970,0x00000000ec200000)
  to   space 2560K, 0% used [0x00000000ebd00000,0x00000000ebd00000,0x00000000ebf80000)
 ParOldGen       total 90624K, used 61140K [0x00000000c0000000, 0x00000000c5880000, 0x00000000eab00000)
  object space 90624K, 67% used [0x00000000c0000000,0x00000000c3bb52e8,0x00000000c5880000)
 Metaspace       used 73879K, committed 75200K, reserved 1179648K
  class space    used 7864K, committed 8448K, reserved 1048576K
}
Event: 32.306 GC heap before
{Heap before GC invocations=58 (full 4):
 PSYoungGen      total 18944K, used 18698K [0x00000000eab00000, 0x00000000ec200000, 0x0000000100000000)
  eden space 16896K, 100% used [0x00000000eab00000,0x00000000ebb80000,0x00000000ebb80000)
  from space 2048K, 88% used [0x00000000ec000000,0x00000000ec1c2970,0x00000000ec200000)
  to   space 2560K, 0% used [0x00000000ebd00000,0x00000000ebd00000,0x00000000ebf80000)
 ParOldGen       total 90624K, used 61140K [0x00000000c0000000, 0x00000000c5880000, 0x00000000eab00000)
  object space 90624K, 67% used [0x00000000c0000000,0x00000000c3bb52e8,0x00000000c5880000)
 Metaspace       used 74300K, committed 75584K, reserved 1179648K
  class space    used 7894K, committed 8448K, reserved 1048576K
}
Event: 32.308 GC heap after
{Heap after GC invocations=58 (full 4):
 PSYoungGen      total 17408K, used 512K [0x00000000eab00000, 0x00000000ec080000, 0x0000000100000000)
  eden space 16896K, 0% used [0x00000000eab00000,0x00000000eab00000,0x00000000ebb80000)
  from space 512K, 100% used [0x00000000ebd00000,0x00000000ebd80000,0x00000000ebd80000)
  to   space 1536K, 0% used [0x00000000ebf00000,0x00000000ebf00000,0x00000000ec080000)
 ParOldGen       total 90624K, used 62718K [0x00000000c0000000, 0x00000000c5880000, 0x00000000eab00000)
  object space 90624K, 69% used [0x00000000c0000000,0x00000000c3d3f800,0x00000000c5880000)
 Metaspace       used 74300K, committed 75584K, reserved 1179648K
  class space    used 7894K, committed 8448K, reserved 1048576K
}
Event: 35.418 GC heap before
{Heap before GC invocations=59 (full 4):
 PSYoungGen      total 17408K, used 17288K [0x00000000eab00000, 0x00000000ec080000, 0x0000000100000000)
  eden space 16896K, 99% used [0x00000000eab00000,0x00000000ebb62090,0x00000000ebb80000)
  from space 512K, 100% used [0x00000000ebd00000,0x00000000ebd80000,0x00000000ebd80000)
  to   space 1536K, 0% used [0x00000000ebf00000,0x00000000ebf00000,0x00000000ec080000)
 ParOldGen       total 90624K, used 62718K [0x00000000c0000000, 0x00000000c5880000, 0x00000000eab00000)
  object space 90624K, 69% used [0x00000000c0000000,0x00000000c3d3f800,0x00000000c5880000)
 Metaspace       used 74354K, committed 75584K, reserved 1179648K
  class space    used 7896K, committed 8448K, reserved 1048576K
}
Event: 35.419 GC heap after
{Heap after GC invocations=59 (full 4):
 PSYoungGen      total 17408K, used 512K [0x00000000eab00000, 0x00000000ebf80000, 0x0000000100000000)
  eden space 16896K, 0% used [0x00000000eab00000,0x00000000eab00000,0x00000000ebb80000)
  from space 512K, 100% used [0x00000000ebf00000,0x00000000ebf80000,0x00000000ebf80000)
  to   space 1024K, 0% used [0x00000000ebd80000,0x00000000ebd80000,0x00000000ebe80000)
 ParOldGen       total 90624K, used 62854K [0x00000000c0000000, 0x00000000c5880000, 0x00000000eab00000)
  object space 90624K, 69% used [0x00000000c0000000,0x00000000c3d61800,0x00000000c5880000)
 Metaspace       used 74354K, committed 75584K, reserved 1179648K
  class space    used 7896K, committed 8448K, reserved 1048576K
}
Event: 41.325 GC heap before
{Heap before GC invocations=60 (full 4):
 PSYoungGen      total 17408K, used 17352K [0x00000000eab00000, 0x00000000ebf80000, 0x0000000100000000)
  eden space 16896K, 99% used [0x00000000eab00000,0x00000000ebb72020,0x00000000ebb80000)
  from space 512K, 100% used [0x00000000ebf00000,0x00000000ebf80000,0x00000000ebf80000)
  to   space 1024K, 0% used [0x00000000ebd80000,0x00000000ebd80000,0x00000000ebe80000)
 ParOldGen       total 90624K, used 62854K [0x00000000c0000000, 0x00000000c5880000, 0x00000000eab00000)
  object space 90624K, 69% used [0x00000000c0000000,0x00000000c3d61800,0x00000000c5880000)
 Metaspace       used 74392K, committed 75712K, reserved 1179648K
  class space    used 7896K, committed 8448K, reserved 1048576K
}
Event: 41.326 GC heap after
{Heap after GC invocations=60 (full 4):
 PSYoungGen      total 17920K, used 480K [0x00000000eab00000, 0x00000000ebf80000, 0x0000000100000000)
  eden space 16896K, 0% used [0x00000000eab00000,0x00000000eab00000,0x00000000ebb80000)
  from space 1024K, 46% used [0x00000000ebd80000,0x00000000ebdf8000,0x00000000ebe80000)
  to   space 512K, 0% used [0x00000000ebf00000,0x00000000ebf00000,0x00000000ebf80000)
 ParOldGen       total 90624K, used 62854K [0x00000000c0000000, 0x00000000c5880000, 0x00000000eab00000)
  object space 90624K, 69% used [0x00000000c0000000,0x00000000c3d61800,0x00000000c5880000)
 Metaspace       used 74392K, committed 75712K, reserved 1179648K
  class space    used 7896K, committed 8448K, reserved 1048576K
}

Dll operation events (12 events):
Event: 0.021 Loaded shared library c:\Users\aDMINISTRATOR\.vscode\extensions\redhat.java-1.28.1-win32-x64\jre\17.0.10-win32-x86_64\bin\java.dll
Event: 0.167 Loaded shared library c:\Users\aDMINISTRATOR\.vscode\extensions\redhat.java-1.28.1-win32-x64\jre\17.0.10-win32-x86_64\bin\zip.dll
Event: 0.189 Loaded shared library C:\Users\aDMINISTRATOR\.vscode\extensions\redhat.java-1.28.1-win32-x64\jre\17.0.10-win32-x86_64\bin\instrument.dll
Event: 0.219 Loaded shared library C:\Users\aDMINISTRATOR\.vscode\extensions\redhat.java-1.28.1-win32-x64\jre\17.0.10-win32-x86_64\bin\net.dll
Event: 0.233 Loaded shared library C:\Users\aDMINISTRATOR\.vscode\extensions\redhat.java-1.28.1-win32-x64\jre\17.0.10-win32-x86_64\bin\nio.dll
Event: 0.251 Loaded shared library C:\Users\aDMINISTRATOR\.vscode\extensions\redhat.java-1.28.1-win32-x64\jre\17.0.10-win32-x86_64\bin\zip.dll
Event: 0.282 Loaded shared library C:\Users\aDMINISTRATOR\.vscode\extensions\redhat.java-1.28.1-win32-x64\jre\17.0.10-win32-x86_64\bin\jimage.dll
Event: 0.591 Loaded shared library c:\Users\aDMINISTRATOR\.vscode\extensions\redhat.java-1.28.1-win32-x64\jre\17.0.10-win32-x86_64\bin\verify.dll
Event: 2.543 Loaded shared library C:\Users\aDMINISTRATOR\AppData\Roaming\Code\User\globalStorage\redhat.java\1.28.1\config_win\org.eclipse.equinox.launcher\org.eclipse.equinox.launcher.win32.win32.x86_64_1.2.900.v20240129-1338\eclipse_11900.dll
Event: 5.018 Loaded shared library C:\Users\aDMINISTRATOR\AppData\Local\Temp\jna--1830954323\jna7006265617908550999.dll
Event: 5.765 Loaded shared library C:\Users\aDMINISTRATOR\.vscode\extensions\redhat.java-1.28.1-win32-x64\jre\17.0.10-win32-x86_64\bin\sunmscapi.dll
Event: 6.212 Loaded shared library C:\Users\aDMINISTRATOR\.vscode\extensions\redhat.java-1.28.1-win32-x64\jre\17.0.10-win32-x86_64\bin\extnet.dll

Deoptimization events (20 events):
Event: 43.680 Thread 0x00000182611c7e10 Uncommon trap: trap_request=0xffffff45 fr.pc=0x000001824eeac9f4 relative=0x0000000000001474
Event: 43.680 Thread 0x00000182611c7e10 Uncommon trap: reason=unstable_if action=reinterpret pc=0x000001824eeac9f4 method=lombok.core.AST.setAndGetAsHandled(Ljava/lang/Object;)Z @ 11 c2
Event: 43.680 Thread 0x00000182611c7e10 DEOPT PACKING pc=0x000001824eeac9f4 sp=0x0000001e0bafe400
Event: 43.680 Thread 0x00000182611c7e10 DEOPT UNPACKING pc=0x000001824e1766a3 sp=0x0000001e0bafe228 mode 2
Event: 43.682 Thread 0x00000182611c7e10 Uncommon trap: trap_request=0xffffffc6 fr.pc=0x000001824e8bc4ec relative=0x000000000000060c
Event: 43.682 Thread 0x00000182611c7e10 Uncommon trap: reason=bimorphic_or_optimized_type_check action=maybe_recompile pc=0x000001824e8bc4ec method=lombok.eclipse.handlers.EclipseHandlerUtil.typeMatches(Ljava/lang/String;Llombok/eclipse/EclipseNode;Lorg/eclipse/jdt/internal/compiler/ast/TypeRef
Event: 43.682 Thread 0x00000182611c7e10 DEOPT PACKING pc=0x000001824e8bc4ec sp=0x0000001e0bafe790
Event: 43.682 Thread 0x00000182611c7e10 DEOPT UNPACKING pc=0x000001824e1766a3 sp=0x0000001e0bafe730 mode 2
Event: 43.682 Thread 0x00000182611c7e10 Uncommon trap: trap_request=0xffffffc6 fr.pc=0x000001824e8bc4ec relative=0x000000000000060c
Event: 43.682 Thread 0x00000182611c7e10 Uncommon trap: reason=bimorphic_or_optimized_type_check action=maybe_recompile pc=0x000001824e8bc4ec method=lombok.eclipse.handlers.EclipseHandlerUtil.typeMatches(Ljava/lang/String;Llombok/eclipse/EclipseNode;Lorg/eclipse/jdt/internal/compiler/ast/TypeRef
Event: 43.682 Thread 0x00000182611c7e10 DEOPT PACKING pc=0x000001824e8bc4ec sp=0x0000001e0bafe790
Event: 43.682 Thread 0x00000182611c7e10 DEOPT UNPACKING pc=0x000001824e1766a3 sp=0x0000001e0bafe730 mode 2
Event: 43.682 Thread 0x00000182611c7e10 Uncommon trap: trap_request=0xffffffc6 fr.pc=0x000001824e8bc4ec relative=0x000000000000060c
Event: 43.682 Thread 0x00000182611c7e10 Uncommon trap: reason=bimorphic_or_optimized_type_check action=maybe_recompile pc=0x000001824e8bc4ec method=lombok.eclipse.handlers.EclipseHandlerUtil.typeMatches(Ljava/lang/String;Llombok/eclipse/EclipseNode;Lorg/eclipse/jdt/internal/compiler/ast/TypeRef
Event: 43.682 Thread 0x00000182611c7e10 DEOPT PACKING pc=0x000001824e8bc4ec sp=0x0000001e0bafe590
Event: 43.682 Thread 0x00000182611c7e10 DEOPT UNPACKING pc=0x000001824e1766a3 sp=0x0000001e0bafe530 mode 2
Event: 43.682 Thread 0x00000182611c7e10 Uncommon trap: trap_request=0xffffffc6 fr.pc=0x000001824e8bc4ec relative=0x000000000000060c
Event: 43.682 Thread 0x00000182611c7e10 Uncommon trap: reason=bimorphic_or_optimized_type_check action=maybe_recompile pc=0x000001824e8bc4ec method=lombok.eclipse.handlers.EclipseHandlerUtil.typeMatches(Ljava/lang/String;Llombok/eclipse/EclipseNode;Lorg/eclipse/jdt/internal/compiler/ast/TypeRef
Event: 43.682 Thread 0x00000182611c7e10 DEOPT PACKING pc=0x000001824e8bc4ec sp=0x0000001e0bafe590
Event: 43.682 Thread 0x00000182611c7e10 DEOPT UNPACKING pc=0x000001824e1766a3 sp=0x0000001e0bafe530 mode 2

Classes unloaded (16 events):
Event: 4.848 Thread 0x00000182440ed980 Unloading class 0x000000010024a800 'java/lang/invoke/LambdaForm$MH+0x000000010024a800'
Event: 4.848 Thread 0x00000182440ed980 Unloading class 0x000000010024a400 'java/lang/invoke/LambdaForm$MH+0x000000010024a400'
Event: 4.848 Thread 0x00000182440ed980 Unloading class 0x000000010024a000 'java/lang/invoke/LambdaForm$MH+0x000000010024a000'
Event: 4.848 Thread 0x00000182440ed980 Unloading class 0x0000000100249c00 'java/lang/invoke/LambdaForm$MH+0x0000000100249c00'
Event: 4.848 Thread 0x00000182440ed980 Unloading class 0x0000000100249800 'java/lang/invoke/LambdaForm$BMH+0x0000000100249800'
Event: 4.848 Thread 0x00000182440ed980 Unloading class 0x0000000100249400 'java/lang/invoke/LambdaForm$DMH+0x0000000100249400'
Event: 4.848 Thread 0x00000182440ed980 Unloading class 0x0000000100244800 'java/lang/invoke/LambdaForm$DMH+0x0000000100244800'
Event: 26.743 Thread 0x00000182440ed980 Unloading class 0x00000001007fcc00 'java/lang/invoke/LambdaForm$DMH+0x00000001007fcc00'
Event: 26.743 Thread 0x00000182440ed980 Unloading class 0x00000001007f6800 'java/lang/invoke/LambdaForm$MH+0x00000001007f6800'
Event: 26.743 Thread 0x00000182440ed980 Unloading class 0x00000001007f6400 'java/lang/invoke/LambdaForm$MH+0x00000001007f6400'
Event: 26.743 Thread 0x00000182440ed980 Unloading class 0x00000001007f6000 'java/lang/invoke/LambdaForm$MH+0x00000001007f6000'
Event: 26.743 Thread 0x00000182440ed980 Unloading class 0x00000001007f5c00 'java/lang/invoke/LambdaForm$MH+0x00000001007f5c00'
Event: 26.743 Thread 0x00000182440ed980 Unloading class 0x00000001007f5400 'java/lang/invoke/LambdaForm$DMH+0x00000001007f5400'
Event: 26.743 Thread 0x00000182440ed980 Unloading class 0x00000001007f5000 'java/lang/invoke/LambdaForm$DMH+0x00000001007f5000'
Event: 26.743 Thread 0x00000182440ed980 Unloading class 0x00000001007f4c00 'java/lang/invoke/LambdaForm$DMH+0x00000001007f4c00'
Event: 26.743 Thread 0x00000182440ed980 Unloading class 0x00000001007f4800 'java/lang/invoke/LambdaForm$DMH+0x00000001007f4800'

Classes redefined (0 events):
No events

Internal exceptions (20 events):
Event: 43.503 Thread 0x00000182611c7e10 Exception <a 'java/io/IOException'{0x00000000eb159900}> (0x00000000eb159900) 
thrown [s\src\hotspot\share\prims\jni.cpp, line 516]
Event: 43.503 Thread 0x00000182611c7e10 Exception <a 'java/io/IOException'{0x00000000eb159c18}> (0x00000000eb159c18) 
thrown [s\src\hotspot\share\prims\jni.cpp, line 516]
Event: 43.526 Thread 0x00000182611c7e10 Exception <a 'java/io/IOException'{0x00000000eb19ac58}> (0x00000000eb19ac58) 
thrown [s\src\hotspot\share\prims\jni.cpp, line 516]
Event: 43.526 Thread 0x00000182611c7e10 Exception <a 'java/io/IOException'{0x00000000eb19af70}> (0x00000000eb19af70) 
thrown [s\src\hotspot\share\prims\jni.cpp, line 516]
Event: 43.526 Thread 0x00000182611c7e10 Exception <a 'java/io/IOException'{0x00000000eb19b288}> (0x00000000eb19b288) 
thrown [s\src\hotspot\share\prims\jni.cpp, line 516]
Event: 43.543 Thread 0x00000182611c7e10 Exception <a 'java/io/IOException'{0x00000000eb1db968}> (0x00000000eb1db968) 
thrown [s\src\hotspot\share\prims\jni.cpp, line 516]
Event: 43.543 Thread 0x00000182611c7e10 Exception <a 'java/io/IOException'{0x00000000eb1dbc80}> (0x00000000eb1dbc80) 
thrown [s\src\hotspot\share\prims\jni.cpp, line 516]
Event: 43.543 Thread 0x00000182611c7e10 Exception <a 'java/io/IOException'{0x00000000eb1dbf98}> (0x00000000eb1dbf98) 
thrown [s\src\hotspot\share\prims\jni.cpp, line 516]
Event: 43.685 Thread 0x00000182611c7e10 Exception <a 'java/io/IOException'{0x00000000eb4a6bf8}> (0x00000000eb4a6bf8) 
thrown [s\src\hotspot\share\prims\jni.cpp, line 516]
Event: 43.685 Thread 0x00000182611c7e10 Exception <a 'java/io/IOException'{0x00000000eb4a6f10}> (0x00000000eb4a6f10) 
thrown [s\src\hotspot\share\prims\jni.cpp, line 516]
Event: 43.685 Thread 0x00000182611c7e10 Exception <a 'java/io/IOException'{0x00000000eb4a7228}> (0x00000000eb4a7228) 
thrown [s\src\hotspot\share\prims\jni.cpp, line 516]
Event: 43.727 Thread 0x00000182611c7e10 Exception <a 'java/io/IOException'{0x00000000eb5bcc38}> (0x00000000eb5bcc38) 
thrown [s\src\hotspot\share\prims\jni.cpp, line 516]
Event: 43.727 Thread 0x00000182611c7e10 Exception <a 'java/io/IOException'{0x00000000eb5bcf50}> (0x00000000eb5bcf50) 
thrown [s\src\hotspot\share\prims\jni.cpp, line 516]
Event: 43.727 Thread 0x00000182611c7e10 Exception <a 'java/io/IOException'{0x00000000eb5bd268}> (0x00000000eb5bd268) 
thrown [s\src\hotspot\share\prims\jni.cpp, line 516]
Event: 43.751 Thread 0x00000182611c7e10 Exception <a 'java/io/IOException'{0x00000000eb611260}> (0x00000000eb611260) 
thrown [s\src\hotspot\share\prims\jni.cpp, line 516]
Event: 43.751 Thread 0x00000182611c7e10 Exception <a 'java/io/IOException'{0x00000000eb611578}> (0x00000000eb611578) 
thrown [s\src\hotspot\share\prims\jni.cpp, line 516]
Event: 43.751 Thread 0x00000182611c7e10 Exception <a 'java/io/IOException'{0x00000000eb611890}> (0x00000000eb611890) 
thrown [s\src\hotspot\share\prims\jni.cpp, line 516]
Event: 43.778 Thread 0x00000182611c7e10 Exception <a 'java/io/IOException'{0x00000000eb6ff7a0}> (0x00000000eb6ff7a0) 
thrown [s\src\hotspot\share\prims\jni.cpp, line 516]
Event: 43.778 Thread 0x00000182611c7e10 Exception <a 'java/io/IOException'{0x00000000eb6ffab8}> (0x00000000eb6ffab8) 
thrown [s\src\hotspot\share\prims\jni.cpp, line 516]
Event: 43.778 Thread 0x00000182611c7e10 Exception <a 'java/io/IOException'{0x00000000eb6ffdd0}> (0x00000000eb6ffdd0) 
thrown [s\src\hotspot\share\prims\jni.cpp, line 516]

VM Operations (20 events):
Event: 32.306 Executing VM operation: ParallelGCFailedAllocation
Event: 32.308 Executing VM operation: ParallelGCFailedAllocation done
Event: 33.321 Executing VM operation: Cleanup
Event: 33.321 Executing VM operation: Cleanup done
Event: 35.334 Executing VM operation: Cleanup
Event: 35.334 Executing VM operation: Cleanup done
Event: 35.418 Executing VM operation: ParallelGCFailedAllocation
Event: 35.419 Executing VM operation: ParallelGCFailedAllocation done
Event: 38.442 Executing VM operation: Cleanup
Event: 38.442 Executing VM operation: Cleanup done
Event: 39.457 Executing VM operation: Cleanup
Event: 39.457 Executing VM operation: Cleanup done
Event: 41.325 Executing VM operation: ParallelGCFailedAllocation
Event: 41.326 Executing VM operation: ParallelGCFailedAllocation done
Event: 42.337 Executing VM operation: Cleanup
Event: 42.337 Executing VM operation: Cleanup done
Event: 43.417 Executing VM operation: HandshakeAllThreads
Event: 43.417 Executing VM operation: HandshakeAllThreads done
Event: 43.417 Executing VM operation: Cleanup
Event: 43.417 Executing VM operation: Cleanup done

Events (20 events):
Event: 33.160 Thread 0x00000182616fe300 Thread exited: 0x00000182616fe300
Event: 35.252 Thread 0x0000018263578b70 Thread added: 0x0000018263578b70
Event: 36.236 Thread 0x00000182635780d0 Thread exited: 0x00000182635780d0
Event: 36.236 Thread 0x0000018263578b70 Thread exited: 0x0000018263578b70
Event: 41.652 loading class java/util/stream/ReduceOps$5
Event: 41.652 loading class java/util/stream/ReduceOps$5 done
Event: 41.652 loading class java/util/stream/ReduceOps$CountingSink$OfRef
Event: 41.652 loading class java/util/stream/ReduceOps$CountingSink
Event: 41.653 loading class java/util/stream/ReduceOps$CountingSink done
Event: 41.653 loading class java/util/stream/ReduceOps$CountingSink$OfRef done
Event: 43.392 loading class java/util/stream/ReduceOps$1
Event: 43.393 loading class java/util/stream/ReduceOps$1 done
Event: 43.393 loading class java/util/stream/ReduceOps$1ReducingSink
Event: 43.393 loading class java/util/stream/ReduceOps$1ReducingSink done
Event: 43.448 Thread 0x0000018263573bc0 Thread added: 0x0000018263573bc0
Event: 43.448 Thread 0x0000018263572680 Thread added: 0x0000018263572680
Event: 43.642 Thread 0x0000018263573bc0 Thread exited: 0x0000018263573bc0
Event: 43.714 Thread 0x0000018263573120 Thread added: 0x0000018263573120
Event: 43.722 Thread 0x00000182635780d0 Thread added: 0x00000182635780d0
Event: 43.724 Thread 0x0000018263576640 Thread added: 0x0000018263576640


Dynamic libraries:
0x00007ff68b9f0000 - 0x00007ff68b9fe000 	c:\Users\aDMINISTRATOR\.vscode\extensions\redhat.java-1.28.1-win32-x64\jre\17.0.10-win32-x86_64\bin\java.exe
0x00007ff90d230000 - 0x00007ff90d428000 	C:\Windows\SYSTEM32\ntdll.dll
0x00007ff90c0d0000 - 0x00007ff90c18d000 	C:\Windows\System32\KERNEL32.DLL
0x00007ff90aef0000 - 0x00007ff90b1e6000 	C:\Windows\System32\KERNELBASE.dll
0x00007ff90ac40000 - 0x00007ff90ad40000 	C:\Windows\System32\ucrtbase.dll
0x00007ff8f27c0000 - 0x00007ff8f27d7000 	c:\Users\aDMINISTRATOR\.vscode\extensions\redhat.java-1.28.1-win32-x64\jre\17.0.10-win32-x86_64\bin\jli.dll
0x00007ff8f27e0000 - 0x00007ff8f27fb000 	c:\Users\aDMINISTRATOR\.vscode\extensions\redhat.java-1.28.1-win32-x64\jre\17.0.10-win32-x86_64\bin\VCRUNTIME140.dll
0x00007ff90c9f0000 - 0x00007ff90cb8e000 	C:\Windows\System32\USER32.dll
0x00007ff90a8f0000 - 0x00007ff90a912000 	C:\Windows\System32\win32u.dll
0x00007ff8fd8c0000 - 0x00007ff8fdb5a000 	C:\Windows\WinSxS\amd64_microsoft.windows.common-controls_6595b64144ccf1df_6.0.19041.3636_none_60b6a03d71f818d5\COMCTL32.dll
0x00007ff90cb90000 - 0x00007ff90cbbb000 	C:\Windows\System32\GDI32.dll
0x00007ff90bd00000 - 0x00007ff90bd9e000 	C:\Windows\System32\msvcrt.dll
0x00007ff90ad40000 - 0x00007ff90ae57000 	C:\Windows\System32\gdi32full.dll
0x00007ff90a920000 - 0x00007ff90a9bd000 	C:\Windows\System32\msvcp_win.dll
0x00007ff90d1b0000 - 0x00007ff90d1e2000 	C:\Windows\System32\IMM32.DLL
0x00007ff905f10000 - 0x00007ff905f1c000 	c:\Users\aDMINISTRATOR\.vscode\extensions\redhat.java-1.28.1-win32-x64\jre\17.0.10-win32-x86_64\bin\vcruntime140_1.dll
0x00007ff8db0b0000 - 0x00007ff8db13d000 	c:\Users\aDMINISTRATOR\.vscode\extensions\redhat.java-1.28.1-win32-x64\jre\17.0.10-win32-x86_64\bin\msvcp140.dll
0x00007ff8cb730000 - 0x00007ff8cc392000 	c:\Users\aDMINISTRATOR\.vscode\extensions\redhat.java-1.28.1-win32-x64\jre\17.0.10-win32-x86_64\bin\server\jvm.dll
0x00007ff90bfa0000 - 0x00007ff90c053000 	C:\Windows\System32\ADVAPI32.dll
0x00007ff90c6e0000 - 0x00007ff90c77f000 	C:\Windows\System32\sechost.dll
0x00007ff90bbd0000 - 0x00007ff90bcf6000 	C:\Windows\System32\RPCRT4.dll
0x00007ff90b240000 - 0x00007ff90b267000 	C:\Windows\System32\bcrypt.dll
0x00007ff8ff790000 - 0x00007ff8ff7b7000 	C:\Windows\SYSTEM32\WINMM.dll
0x00007ff8ff780000 - 0x00007ff8ff789000 	C:\Windows\SYSTEM32\WSOCK32.dll
0x00007ff90a750000 - 0x00007ff90a79b000 	C:\Windows\SYSTEM32\POWRPROF.dll
0x00007ff903610000 - 0x00007ff90361a000 	C:\Windows\SYSTEM32\VERSION.dll
0x00007ff90c060000 - 0x00007ff90c0cb000 	C:\Windows\System32\WS2_32.dll
0x00007ff90a730000 - 0x00007ff90a742000 	C:\Windows\SYSTEM32\UMPDC.dll
0x00007ff9085e0000 - 0x00007ff9085f2000 	C:\Windows\SYSTEM32\kernel.appcore.dll
0x00007ff905e80000 - 0x00007ff905e8a000 	c:\Users\aDMINISTRATOR\.vscode\extensions\redhat.java-1.28.1-win32-x64\jre\17.0.10-win32-x86_64\bin\jimage.dll
0x00007ff8ff090000 - 0x00007ff8ff274000 	C:\Windows\SYSTEM32\DBGHELP.DLL
0x00007ff8fee20000 - 0x00007ff8fee54000 	C:\Windows\SYSTEM32\dbgcore.DLL
0x00007ff90ae60000 - 0x00007ff90aee2000 	C:\Windows\System32\bcryptPrimitives.dll
0x00007ff904ab0000 - 0x00007ff904abe000 	c:\Users\aDMINISTRATOR\.vscode\extensions\redhat.java-1.28.1-win32-x64\jre\17.0.10-win32-x86_64\bin\instrument.dll
0x00007ff8f25d0000 - 0x00007ff8f25f5000 	c:\Users\aDMINISTRATOR\.vscode\extensions\redhat.java-1.28.1-win32-x64\jre\17.0.10-win32-x86_64\bin\java.dll
0x00007ff8f25b0000 - 0x00007ff8f25c8000 	c:\Users\aDMINISTRATOR\.vscode\extensions\redhat.java-1.28.1-win32-x64\jre\17.0.10-win32-x86_64\bin\zip.dll
0x00007ff90b270000 - 0x00007ff90b9b5000 	C:\Windows\System32\SHELL32.dll
0x00007ff9087e0000 - 0x00007ff908f7c000 	C:\Windows\SYSTEM32\windows.storage.dll
0x00007ff90c370000 - 0x00007ff90c6c4000 	C:\Windows\System32\combase.dll
0x00007ff90a250000 - 0x00007ff90a27e000 	C:\Windows\SYSTEM32\Wldp.dll
0x00007ff90c920000 - 0x00007ff90c9ed000 	C:\Windows\System32\OLEAUT32.dll
0x00007ff90c780000 - 0x00007ff90c82d000 	C:\Windows\System32\SHCORE.dll
0x00007ff90c190000 - 0x00007ff90c1e5000 	C:\Windows\System32\shlwapi.dll
0x00007ff90a820000 - 0x00007ff90a845000 	C:\Windows\SYSTEM32\profapi.dll
0x00007ff8efbe0000 - 0x00007ff8efbf9000 	C:\Users\aDMINISTRATOR\.vscode\extensions\redhat.java-1.28.1-win32-x64\jre\17.0.10-win32-x86_64\bin\net.dll
0x00007ff9039c0000 - 0x00007ff903aca000 	C:\Windows\SYSTEM32\WINHTTP.dll
0x00007ff909fb0000 - 0x00007ff90a01a000 	C:\Windows\system32\mswsock.dll
0x00007ff8efbc0000 - 0x00007ff8efbd6000 	C:\Users\aDMINISTRATOR\.vscode\extensions\redhat.java-1.28.1-win32-x64\jre\17.0.10-win32-x86_64\bin\nio.dll
0x00007ff904a60000 - 0x00007ff904a70000 	c:\Users\aDMINISTRATOR\.vscode\extensions\redhat.java-1.28.1-win32-x64\jre\17.0.10-win32-x86_64\bin\verify.dll
0x00007ff8dc830000 - 0x00007ff8dc86e000 	C:\Users\aDMINISTRATOR\AppData\Roaming\Code\User\globalStorage\redhat.java\1.28.1\config_win\org.eclipse.equinox.launcher\org.eclipse.equinox.launcher.win32.win32.x86_64_1.2.900.v20240129-1338\eclipse_11900.dll
0x00007ff90be70000 - 0x00007ff90bf9b000 	C:\Windows\System32\ole32.dll
0x00007ff90a1a0000 - 0x00007ff90a1b8000 	C:\Windows\SYSTEM32\CRYPTSP.dll
0x00007ff9098e0000 - 0x00007ff909914000 	C:\Windows\system32\rsaenh.dll
0x00007ff90a7e0000 - 0x00007ff90a80e000 	C:\Windows\SYSTEM32\USERENV.dll
0x00007ff90a1c0000 - 0x00007ff90a1cc000 	C:\Windows\SYSTEM32\CRYPTBASE.dll
0x00007ff909ca0000 - 0x00007ff909cdb000 	C:\Windows\SYSTEM32\IPHLPAPI.DLL
0x00007ff90c6d0000 - 0x00007ff90c6d8000 	C:\Windows\System32\NSI.dll
0x00007ff9054a0000 - 0x00007ff9054b7000 	C:\Windows\SYSTEM32\dhcpcsvc6.DLL
0x00007ff905480000 - 0x00007ff90549d000 	C:\Windows\SYSTEM32\dhcpcsvc.DLL
0x00007ff909d30000 - 0x00007ff909dfb000 	C:\Windows\SYSTEM32\DNSAPI.dll
0x00007ff8dc370000 - 0x00007ff8dc3b5000 	C:\Users\aDMINISTRATOR\AppData\Local\Temp\jna--1830954323\jna7006265617908550999.dll
0x00007ff90c1f0000 - 0x00007ff90c1f8000 	C:\Windows\System32\PSAPI.DLL
0x00007ff8f92e0000 - 0x00007ff8f92ee000 	C:\Users\aDMINISTRATOR\.vscode\extensions\redhat.java-1.28.1-win32-x64\jre\17.0.10-win32-x86_64\bin\sunmscapi.dll
0x00007ff90aae0000 - 0x00007ff90ac3d000 	C:\Windows\System32\CRYPT32.dll
0x00007ff90a2c0000 - 0x00007ff90a2e8000 	C:\Windows\SYSTEM32\ncrypt.dll
0x00007ff90a280000 - 0x00007ff90a2bb000 	C:\Windows\SYSTEM32\NTASN1.dll
0x00007ff903eb0000 - 0x00007ff903eba000 	C:\Windows\System32\rasadhlp.dll
0x00007ff905a80000 - 0x00007ff905b00000 	C:\Windows\System32\fwpuclnt.dll
0x00007ff8efe70000 - 0x00007ff8efe79000 	C:\Users\aDMINISTRATOR\.vscode\extensions\redhat.java-1.28.1-win32-x64\jre\17.0.10-win32-x86_64\bin\extnet.dll

dbghelp: loaded successfully - version: 4.0.5 - missing functions: none
symbol engine: initialized successfully - sym options: 0x614 - pdb path: .;c:\Users\aDMINISTRATOR\.vscode\extensions\redhat.java-1.28.1-win32-x64\jre\17.0.10-win32-x86_64\bin;C:\Windows\SYSTEM32;C:\Windows\WinSxS\amd64_microsoft.windows.common-controls_6595b64144ccf1df_6.0.19041.3636_none_60b6a03d71f818d5;c:\Users\aDMINISTRATOR\.vscode\extensions\redhat.java-1.28.1-win32-x64\jre\17.0.10-win32-x86_64\bin\server;C:\Users\aDMINISTRATOR\AppData\Roaming\Code\User\globalStorage\redhat.java\1.28.1\config_win\org.eclipse.equinox.launcher\org.eclipse.equinox.launcher.win32.win32.x86_64_1.2.900.v20240129-1338;C:\Users\aDMINISTRATOR\AppData\Local\Temp\jna--1830954323

VM Arguments:
jvm_args: --add-modules=ALL-SYSTEM --add-opens=java.base/java.util=ALL-UNNAMED --add-opens=java.base/java.lang=ALL-UNNAMED --add-opens=java.base/sun.nio.fs=ALL-UNNAMED -Declipse.application=org.eclipse.jdt.ls.core.id1 -Dosgi.bundles.defaultStartLevel=4 -Declipse.product=org.eclipse.jdt.ls.core.product -Djava.import.generatesMetadataFilesAtProjectRoot=false -DDetectVMInstallationsJob.disabled=true -Dfile.encoding=utf8 -XX:+UseParallelGC -XX:GCTimeRatio=4 -XX:AdaptiveSizePolicyWeight=90 -Dsun.zip.disableMemoryMapping=true -Xmx1G -Xms100m -Xlog:disable -javaagent:c:\Users\aDMINISTRATOR\.vscode\extensions\redhat.java-1.28.1-win32-x64\lombok\lombok-1.18.31.jar -XX:+HeapDumpOnOutOfMemoryError -XX:HeapDumpPath=c:\Users\aDMINISTRATOR\AppData\Roaming\Code\User\workspaceStorage\615ccf0f16dc16ebe47b9a3c97cb4bae\redhat.java -Daether.dependencyCollector.impl=bf 
java_command: c:\Users\aDMINISTRATOR\.vscode\extensions\redhat.java-1.28.1-win32-x64\server\plugins\org.eclipse.equinox.launcher_1.6.700.v20231214-2017.jar -configuration c:\Users\aDMINISTRATOR\AppData\Roaming\Code\User\globalStorage\redhat.java\1.28.1\config_win -data c:\Users\aDMINISTRATOR\AppData\Roaming\Code\User\workspaceStorage\615ccf0f16dc16ebe47b9a3c97cb4bae\redhat.java\jdt_ws --stdio
java_class_path (initial): c:\Users\aDMINISTRATOR\.vscode\extensions\redhat.java-1.28.1-win32-x64\server\plugins\org.eclipse.equinox.launcher_1.6.700.v20231214-2017.jar
Launcher Type: SUN_STANDARD

[Global flags]
    uintx AdaptiveSizePolicyWeight                 = 90                                        {product} {command line}
     intx CICompilerCount                          = 12                                        {product} {ergonomic}
    uintx GCTimeRatio                              = 4                                         {product} {command line}
     bool HeapDumpOnOutOfMemoryError               = true                                   {manageable} {command line}
    ccstr HeapDumpPath                             = c:\Users\aDMINISTRATOR\AppData\Roaming\Code\User\workspaceStorage\615ccf0f16dc16ebe47b9a3c97cb4bae\redhat.java         {manageable} {command line}
   size_t InitialHeapSize                          = 104857600                                 {product} {command line}
   size_t MaxHeapSize                              = 1073741824                                {product} {command line}
   size_t MaxNewSize                               = 357564416                                 {product} {ergonomic}
   size_t MinHeapDeltaBytes                        = 524288                                    {product} {ergonomic}
   size_t MinHeapSize                              = 104857600                                 {product} {command line}
   size_t NewSize                                  = 34603008                                  {product} {ergonomic}
    uintx NonNMethodCodeHeapSize                   = 7602480                                {pd product} {ergonomic}
    uintx NonProfiledCodeHeapSize                  = 122027880                              {pd product} {ergonomic}
   size_t OldSize                                  = 70254592                                  {product} {ergonomic}
    uintx ProfiledCodeHeapSize                     = 122027880                              {pd product} {ergonomic}
    uintx ReservedCodeCacheSize                    = 251658240                              {pd product} {ergonomic}
     bool SegmentedCodeCache                       = true                                      {product} {ergonomic}
   size_t SoftMaxHeapSize                          = 1073741824                             {manageable} {ergonomic}
     bool UseCompressedClassPointers               = true                           {product lp64_product} {ergonomic}
     bool UseCompressedOops                        = true                           {product lp64_product} {ergonomic}
     bool UseLargePagesIndividualAllocation        = false                                  {pd product} {ergonomic}
     bool UseParallelGC                            = true                                      {product} {command line}

Logging:
Log output configuration:
 #0: stdout all=off uptime,level,tags
 #1: stderr all=off uptime,level,tags

Environment Variables:
PATH=C:\Program Files\Common Files\Oracle\Java\javapath;C:\Windows\system32;C:\Windows;C:\Windows\System32\Wbem;C:\Windows\System32\WindowsPowerShell\v1.0\;C:\Windows\System32\OpenSSH\;C:\maven\apache-maven-3.8.8\bin;C:\Program Files\Java\jdk-20;C:\ProgramData\chocolatey\bin;C:\Program Files\Disk Usage\;C:\Program Files\Git\cmd;C:\Program Files\nodejs\;C:\Program Files\MySQL\MySQL Shell 8.0\bin\;C:\Users\aDMINISTRATOR\AppData\Local\Microsoft\WindowsApps;C:\Users\aDMINISTRATOR\AppData\Roaming\npm\;C:\Users\aDMINISTRATOR\AppData\Local\Programs\Microsoft VS Code\bin;C:\nginx;C:\Users\aDMINISTRATOR\AppData\Roaming\npm\node_modules\pm2\bin
USERNAME=ADMINISTRATOR
OS=Windows_NT
PROCESSOR_IDENTIFIER=Intel64 Family 6 Model 165 Stepping 5, GenuineIntel
TMP=C:\Users\ADMINI~1\AppData\Local\Temp
TEMP=C:\Users\ADMINI~1\AppData\Local\Temp



Periodic native trim disabled


---------------  S Y S T E M  ---------------

OS:
 Windows 10 , 64 bit Build 19041 (10.0.19041.3636)
OS uptime: 3 days 3:37 hours
Hyper-V virtualization detected

CPU: total 16 (initial active 16) (8 cores per cpu, 2 threads per core) family 6 model 165 stepping 5 microcode 0xffffffff, cx8, cmov, fxsr, ht, mmx, 3dnowpref, sse, sse2, sse3, ssse3, sse4.1, sse4.2, popcnt, lzcnt, tsc, avx, avx2, aes, erms, clmul, bmi1, bmi2, adx, fma, vzeroupper, clflush, clflushopt, hv
Processor Information for all 16 processors :
  Max Mhz: 2904, Current Mhz: 2904, Mhz Limit: 2904

Memory: 4k page, system-wide physical 15999M (4263M free)
TotalPageFile size 30136M (AvailPageFile size 0M)
current process WorkingSet (physical memory assigned to process): 309M, peak: 329M
current process commit charge ("private bytes"): 388M, peak: 413M

vm_info: OpenJDK 64-Bit Server VM (17.0.10+7) for windows-amd64 JRE (17.0.10+7), built on Jan 16 2024 23:25:11 by "admin" with MS VC++ 16.10 / 16.11 (VS2019)

END.
