#
# There is insufficient memory for the Java Runtime Environment to continue.
# Native memory allocation (malloc) failed to allocate 299536 bytes for Chunk::new
# Possible reasons:
#   The system is out of physical RAM or swap space
#   The process is running with CompressedOops enabled, and the Java Heap may be blocking the growth of the native heap
# Possible solutions:
#   Reduce memory load on the system
#   Increase physical memory or swap space
#   Check if swap backing store is full
#   Decrease Java heap size (-Xmx/-Xms)
#   Decrease number of Java threads
#   Decrease Java thread stack sizes (-Xss)
#   Set larger code cache with -XX:ReservedCodeCacheSize=
#   JVM is running with Unscaled Compressed Oops mode in which the Java heap is
#     placed in the first 4GB address space. The Java Heap base address is the
#     maximum limit for the native heap growth. Please use -XX:HeapBaseMinAddress
#     to set the Java Heap base and to place the Java Heap above 4GB virtual address.
# This output file may be truncated or incomplete.
#
#  Out of Memory Error (arena.cpp:191), pid=158488, tid=149768
#
# JRE version: OpenJDK Runtime Environment Temurin-17.0.10+7 (17.0.10+7) (build 17.0.10+7)
# Java VM: OpenJDK 64-Bit Server VM Temurin-17.0.10+7 (17.0.10+7, mixed mode, tiered, compressed oops, compressed class ptrs, parallel gc, windows-amd64)
# No core dump will be written. Minidumps are not enabled by default on client versions of Windows
#

---------------  S U M M A R Y ------------

Command Line: --add-modules=ALL-SYSTEM --add-opens=java.base/java.util=ALL-UNNAMED --add-opens=java.base/java.lang=ALL-UNNAMED --add-opens=java.base/sun.nio.fs=ALL-UNNAMED -Declipse.application=org.eclipse.jdt.ls.core.id1 -Dosgi.bundles.defaultStartLevel=4 -Declipse.product=org.eclipse.jdt.ls.core.product -Djava.import.generatesMetadataFilesAtProjectRoot=false -DDetectVMInstallationsJob.disabled=true -Dfile.encoding=utf8 -XX:+UseParallelGC -XX:GCTimeRatio=4 -XX:AdaptiveSizePolicyWeight=90 -Dsun.zip.disableMemoryMapping=true -Xmx1G -Xms100m -Xlog:disable -javaagent:c:\Users\aDMINISTRATOR\.vscode\extensions\redhat.java-1.30.0-win32-x64\lombok\lombok-1.18.32.jar c:\Users\aDMINISTRATOR\.vscode\extensions\redhat.java-1.30.0-win32-x64\server\plugins\org.eclipse.equinox.launcher_1.6.800.v20240330-1250.jar -configuration c:\Users\aDMINISTRATOR\AppData\Roaming\Code\User\globalStorage\redhat.java\1.30.0\config_ss_win -data c:\Users\aDMINISTRATOR\AppData\Roaming\Code\User\workspaceStorage\615ccf0f16dc16ebe47b9a3c97cb4bae\redhat.java\ss_ws --pipe=\\.\pipe\lsp-2bb74aeca87c465a314bd58993dea00d-sock

Host: Intel(R) Core(TM) i7-10700F CPU @ 2.90GHz, 16 cores, 15G,  Windows 10 , 64 bit Build 19041 (10.0.19041.3636)
Time: Tue May  7 13:50:35 2024 Hora oficial do Brasil elapsed time: 1.870832 seconds (0d 0h 0m 1s)

---------------  T H R E A D  ---------------

Current thread (0x000001ae04a80b10):  JavaThread "C2 CompilerThread3" daemon [_thread_in_native, id=149768, stack(0x000000a541800000,0x000000a541900000)]


Current CompileTask:
C2:   1871  833   !   4       java.util.jar.Attributes::read (498 bytes)

Stack: [0x000000a541800000,0x000000a541900000]
Native frames: (J=compiled Java code, j=interpreted, Vv=VM code, C=native code)
V  [jvm.dll+0x67d2c9]
V  [jvm.dll+0x834afa]
V  [jvm.dll+0x8365be]
V  [jvm.dll+0x836c23]
V  [jvm.dll+0x2477ff]
V  [jvm.dll+0xac514]
V  [jvm.dll+0xacb5c]
V  [jvm.dll+0x366782]
V  [jvm.dll+0x1bcc06]
V  [jvm.dll+0x21a049]
V  [jvm.dll+0x219311]
V  [jvm.dll+0x1a502d]
V  [jvm.dll+0x2290de]
V  [jvm.dll+0x2272ac]
V  [jvm.dll+0x7e9bb7]
V  [jvm.dll+0x7e3fba]
V  [jvm.dll+0x67c1b5]
C  [ucrtbase.dll+0x21bb2]
C  [KERNEL32.DLL+0x17344]
C  [ntdll.dll+0x526b1]


---------------  P R O C E S S  ---------------

Threads class SMR info:
_java_thread_list=0x000001ae0489d270, length=19, elements={
0x000001ae6926fb70, 0x000001ae7d10af60, 0x000001ae7d10e110, 0x000001ae69327ee0,
0x000001ae69328a70, 0x000001ae6932c1b0, 0x000001ae6932e840, 0x000001ae7e434c40,
0x000001ae7e437170, 0x000001ae7e43f680, 0x000001ae692d4480, 0x000001ae7e5d0010,
0x000001ae7e5ebb90, 0x000001ae0438e010, 0x000001ae043b3770, 0x000001ae0443ef30,
0x000001ae0448f250, 0x000001ae04a80b10, 0x000001ae04704830
}

Java Threads: ( => current thread )
  0x000001ae6926fb70 JavaThread "main" [_thread_in_vm, id=159340, stack(0x000000a540400000,0x000000a540500000)]
  0x000001ae7d10af60 JavaThread "Reference Handler" daemon [_thread_blocked, id=132836, stack(0x000000a540700000,0x000000a540800000)]
  0x000001ae7d10e110 JavaThread "Finalizer" daemon [_thread_blocked, id=150032, stack(0x000000a540800000,0x000000a540900000)]
  0x000001ae69327ee0 JavaThread "Signal Dispatcher" daemon [_thread_blocked, id=147292, stack(0x000000a540900000,0x000000a540a00000)]
  0x000001ae69328a70 JavaThread "Attach Listener" daemon [_thread_blocked, id=159216, stack(0x000000a540a00000,0x000000a540b00000)]
  0x000001ae6932c1b0 JavaThread "Service Thread" daemon [_thread_blocked, id=143740, stack(0x000000a540b00000,0x000000a540c00000)]
  0x000001ae6932e840 JavaThread "Monitor Deflation Thread" daemon [_thread_blocked, id=159352, stack(0x000000a540c00000,0x000000a540d00000)]
  0x000001ae7e434c40 JavaThread "C2 CompilerThread0" daemon [_thread_blocked, id=132208, stack(0x000000a540d00000,0x000000a540e00000)]
  0x000001ae7e437170 JavaThread "C1 CompilerThread0" daemon [_thread_blocked, id=142912, stack(0x000000a540e00000,0x000000a540f00000)]
  0x000001ae7e43f680 JavaThread "Sweeper thread" daemon [_thread_blocked, id=144680, stack(0x000000a540f00000,0x000000a541000000)]
  0x000001ae692d4480 JavaThread "Common-Cleaner" daemon [_thread_blocked, id=154028, stack(0x000000a541000000,0x000000a541100000)]
  0x000001ae7e5d0010 JavaThread "C1 CompilerThread1" daemon [_thread_blocked, id=89700, stack(0x000000a541100000,0x000000a541200000)]
  0x000001ae7e5ebb90 JavaThread "C1 CompilerThread2" daemon [_thread_blocked, id=154776, stack(0x000000a541200000,0x000000a541300000)]
  0x000001ae0438e010 JavaThread "C1 CompilerThread3" daemon [_thread_blocked, id=157768, stack(0x000000a541400000,0x000000a541500000)]
  0x000001ae043b3770 JavaThread "Notification Thread" daemon [_thread_blocked, id=155456, stack(0x000000a541300000,0x000000a541400000)]
  0x000001ae0443ef30 JavaThread "C2 CompilerThread1" daemon [_thread_blocked, id=158060, stack(0x000000a541600000,0x000000a541700000)]
  0x000001ae0448f250 JavaThread "C2 CompilerThread2" daemon [_thread_blocked, id=158644, stack(0x000000a541700000,0x000000a541800000)]
=>0x000001ae04a80b10 JavaThread "C2 CompilerThread3" daemon [_thread_in_native, id=149768, stack(0x000000a541800000,0x000000a541900000)]
  0x000001ae04704830 JavaThread "C2 CompilerThread4" daemon [_thread_blocked, id=140964, stack(0x000000a541900000,0x000000a541a00000)]

Other Threads:
  0x000001ae69321b20 VMThread "VM Thread" [stack: 0x000000a540600000,0x000000a540700000] [id=130536]
  0x000001ae043b23c0 WatcherThread [stack: 0x000000a541500000,0x000000a541600000] [id=129536]
  0x000001ae69287320 GCTaskThread "GC Thread#0" [stack: 0x000000a540500000,0x000000a540600000] [id=138432]

Threads with active compile tasks:
C2 CompilerThread3     1892  833   !   4       java.util.jar.Attributes::read (498 bytes)

VM state: not at safepoint (normal execution)

VM Mutex/Monitor currently owned by a thread: None

Heap address: 0x00000000c0000000, size: 1024 MB, Compressed Oops mode: 32-bit

CDS archive(s) not mapped
Compressed class space mapped at: 0x0000000100000000-0x0000000140000000, reserved size: 1073741824
Narrow klass base: 0x0000000000000000, Narrow klass shift: 3, Narrow klass range: 0x140000000

GC Precious Log:
 CPUs: 16 total, 16 available
 Memory: 15999M
 Large Page Support: Disabled
 NUMA Support: Disabled
 Compressed Oops: Enabled (32-bit)
 Alignments: Space 512K, Generation 512K, Heap 2M
 Heap Min Capacity: 100M
 Heap Initial Capacity: 100M
 Heap Max Capacity: 1G
 Pre-touch: Disabled
 Parallel Workers: 13

Heap:
 PSYoungGen      total 29696K, used 25081K [0x00000000eab00000, 0x00000000ecc00000, 0x0000000100000000)
  eden space 25600K, 97% used [0x00000000eab00000,0x00000000ec37e730,0x00000000ec400000)
  from space 4096K, 0% used [0x00000000ec800000,0x00000000ec800000,0x00000000ecc00000)
  to   space 4096K, 0% used [0x00000000ec400000,0x00000000ec400000,0x00000000ec800000)
 ParOldGen       total 68608K, used 0K [0x00000000c0000000, 0x00000000c4300000, 0x00000000eab00000)
  object space 68608K, 0% used [0x00000000c0000000,0x00000000c0000000,0x00000000c4300000)
 Metaspace       used 10475K, committed 10624K, reserved 1114112K
  class space    used 1040K, committed 1088K, reserved 1048576K

Card table byte_map: [0x000001ae68c10000,0x000001ae68e20000] _byte_map_base: 0x000001ae68610000

Marking Bits: (ParMarkBitMap*) 0x00007fff1d41d7d0
 Begin Bits: [0x000001ae7af10000, 0x000001ae7bf10000)
 End Bits:   [0x000001ae7bf10000, 0x000001ae7cf10000)

Polling page: 0x000001ae67230000

Metaspace:

Usage:
  Non-class:      9.22 MB used.
      Class:      1.02 MB used.
       Both:     10.23 MB used.

Virtual space:
  Non-class space:       64.00 MB reserved,       9.31 MB ( 15%) committed,  1 nodes.
      Class space:        1.00 GB reserved,       1.06 MB ( <1%) committed,  1 nodes.
             Both:        1.06 GB reserved,      10.38 MB ( <1%) committed. 

Chunk freelists:
   Non-Class:  6.45 MB
       Class:  14.97 MB
        Both:  21.42 MB

MaxMetaspaceSize: unlimited
CompressedClassSpaceSize: 1.00 GB
Initial GC threshold: 21.00 MB
Current GC threshold: 21.00 MB
CDS: off
MetaspaceReclaimPolicy: balanced
 - commit_granule_bytes: 65536.
 - commit_granule_words: 8192.
 - virtual_space_node_default_size: 8388608.
 - enlarge_chunks_in_place: 1.
 - new_chunks_are_fully_committed: 0.
 - uncommit_free_chunks: 1.
 - use_allocation_guard: 0.
 - handle_deallocations: 1.


Internal statistics:

num_allocs_failed_limit: 0.
num_arena_births: 14.
num_arena_deaths: 0.
num_vsnodes_births: 2.
num_vsnodes_deaths: 0.
num_space_committed: 166.
num_space_uncommitted: 0.
num_chunks_returned_to_freelist: 0.
num_chunks_taken_from_freelist: 76.
num_chunk_merges: 0.
num_chunk_splits: 48.
num_chunks_enlarged: 41.
num_inconsistent_stats: 0.

CodeHeap 'non-profiled nmethods': size=119168Kb used=379Kb max_used=379Kb free=118788Kb
 bounds [0x000001ae73ab0000, 0x000001ae73d20000, 0x000001ae7af10000]
CodeHeap 'profiled nmethods': size=119104Kb used=1564Kb max_used=1564Kb free=117539Kb
 bounds [0x000001ae6bf10000, 0x000001ae6c180000, 0x000001ae73360000]
CodeHeap 'non-nmethods': size=7488Kb used=2827Kb max_used=2865Kb free=4660Kb
 bounds [0x000001ae73360000, 0x000001ae73630000, 0x000001ae73ab0000]
 total_blobs=1351 nmethods=919 adapters=344
 compilation: enabled
              stopped_count=0, restarted_count=0
 full_count=0

Compilation events (20 events):
Event: 1.851 Thread 0x000001ae0438e010 nmethod 867 0x000001ae73b08710 code [0x000001ae73b088a0, 0x000001ae73b08978]
Event: 1.851 Thread 0x000001ae7e5ebb90  868       3       org.eclipse.osgi.internal.util.Tokenizer::skipWhiteSpace (58 bytes)
Event: 1.851 Thread 0x000001ae0443ef30  869       4       java.util.HashMap::put (13 bytes)
Event: 1.851 Thread 0x000001ae0438e010  870       3       java.util.ArrayList::<init> (61 bytes)
Event: 1.852 Thread 0x000001ae7e5ebb90 nmethod 868 0x000001ae6c07cd10 code [0x000001ae6c07cec0, 0x000001ae6c07d1b8]
Event: 1.852 Thread 0x000001ae7e437170  871       3       java.util.AbstractCollection::addAll (42 bytes)
Event: 1.852 Thread 0x000001ae7e437170 nmethod 871 0x000001ae6c07d310 code [0x000001ae6c07d500, 0x000001ae6c07da18]
Event: 1.852 Thread 0x000001ae0438e010 nmethod 870 0x000001ae6c07db90 code [0x000001ae6c07dde0, 0x000001ae6c07e6b8]
Event: 1.852 Thread 0x000001ae0438e010  872       1       java.nio.Buffer::position (5 bytes)
Event: 1.852 Thread 0x000001ae7e437170  873       3       java.lang.StringLatin1::inflate (34 bytes)
Event: 1.852 Thread 0x000001ae0438e010 nmethod 872 0x000001ae73b08a10 code [0x000001ae73b08ba0, 0x000001ae73b08c78]
Event: 1.852 Thread 0x000001ae7e434c40  874       4       java.util.HashMap::putVal (300 bytes)
Event: 1.852 Thread 0x000001ae7e437170 nmethod 873 0x000001ae6c07ea10 code [0x000001ae6c07ebc0, 0x000001ae6c07edd8]
Event: 1.853 Thread 0x000001ae7e5d0010  875       1       java.security.CodeSource::getLocationNoFragString (5 bytes)
Event: 1.853 Thread 0x000001ae7e5d0010 nmethod 875 0x000001ae73b08d10 code [0x000001ae73b08ea0, 0x000001ae73b08f78]
Event: 1.856 Thread 0x000001ae04704830 nmethod 861% 0x000001ae73b09010 code [0x000001ae73b091a0, 0x000001ae73b09b98]
Event: 1.861 Thread 0x000001ae7e5d0010  876       3       java.util.ArrayDeque::elementAt (4 bytes)
Event: 1.861 Thread 0x000001ae7e5d0010 nmethod 876 0x000001ae6c07ef90 code [0x000001ae6c07f120, 0x000001ae6c07f238]
Event: 1.864 Thread 0x000001ae0443ef30 nmethod 869 0x000001ae73b09f10 code [0x000001ae73b0a140, 0x000001ae73b0ac40]
Event: 1.865 Thread 0x000001ae7e434c40 nmethod 874 0x000001ae73b0b410 code [0x000001ae73b0b640, 0x000001ae73b0c180]

GC Heap History (0 events):
No events

Dll operation events (8 events):
Event: 0.038 Loaded shared library c:\Users\aDMINISTRATOR\.vscode\extensions\redhat.java-1.30.0-win32-x64\jre\17.0.10-win32-x86_64\bin\java.dll
Event: 0.218 Loaded shared library c:\Users\aDMINISTRATOR\.vscode\extensions\redhat.java-1.30.0-win32-x64\jre\17.0.10-win32-x86_64\bin\zip.dll
Event: 0.249 Loaded shared library C:\Users\aDMINISTRATOR\.vscode\extensions\redhat.java-1.30.0-win32-x64\jre\17.0.10-win32-x86_64\bin\instrument.dll
Event: 0.295 Loaded shared library C:\Users\aDMINISTRATOR\.vscode\extensions\redhat.java-1.30.0-win32-x64\jre\17.0.10-win32-x86_64\bin\net.dll
Event: 0.323 Loaded shared library C:\Users\aDMINISTRATOR\.vscode\extensions\redhat.java-1.30.0-win32-x64\jre\17.0.10-win32-x86_64\bin\nio.dll
Event: 0.335 Loaded shared library C:\Users\aDMINISTRATOR\.vscode\extensions\redhat.java-1.30.0-win32-x64\jre\17.0.10-win32-x86_64\bin\zip.dll
Event: 0.388 Loaded shared library C:\Users\aDMINISTRATOR\.vscode\extensions\redhat.java-1.30.0-win32-x64\jre\17.0.10-win32-x86_64\bin\jimage.dll
Event: 0.810 Loaded shared library c:\Users\aDMINISTRATOR\.vscode\extensions\redhat.java-1.30.0-win32-x64\jre\17.0.10-win32-x86_64\bin\verify.dll

Deoptimization events (20 events):
Event: 1.846 Thread 0x000001ae6926fb70 DEOPT PACKING pc=0x000001ae6c040fe1 sp=0x000000a5404fd140
Event: 1.846 Thread 0x000001ae6926fb70 DEOPT UNPACKING pc=0x000001ae733b6e43 sp=0x000000a5404fc5c8 mode 0
Event: 1.846 Thread 0x000001ae6926fb70 DEOPT PACKING pc=0x000001ae6c040fe1 sp=0x000000a5404fd140
Event: 1.846 Thread 0x000001ae6926fb70 DEOPT UNPACKING pc=0x000001ae733b6e43 sp=0x000000a5404fc5c8 mode 0
Event: 1.851 Thread 0x000001ae6926fb70 Uncommon trap: trap_request=0xffffffde fr.pc=0x000001ae73afe0dc relative=0x0000000000000a9c
Event: 1.851 Thread 0x000001ae6926fb70 Uncommon trap: reason=class_check action=maybe_recompile pc=0x000001ae73afe0dc method=java.util.HashMap.putVal(ILjava/lang/Object;Ljava/lang/Object;ZZ)Ljava/lang/Object; @ 203 c2
Event: 1.851 Thread 0x000001ae6926fb70 DEOPT PACKING pc=0x000001ae73afe0dc sp=0x000000a5404fdc90
Event: 1.851 Thread 0x000001ae6926fb70 DEOPT UNPACKING pc=0x000001ae733b66a3 sp=0x000000a5404fdbb8 mode 2
Event: 1.851 Thread 0x000001ae6926fb70 Uncommon trap: trap_request=0xffffffde fr.pc=0x000001ae73afe0dc relative=0x0000000000000a9c
Event: 1.851 Thread 0x000001ae6926fb70 Uncommon trap: reason=class_check action=maybe_recompile pc=0x000001ae73afe0dc method=java.util.HashMap.putVal(ILjava/lang/Object;Ljava/lang/Object;ZZ)Ljava/lang/Object; @ 203 c2
Event: 1.851 Thread 0x000001ae6926fb70 DEOPT PACKING pc=0x000001ae73afe0dc sp=0x000000a5404fdc90
Event: 1.851 Thread 0x000001ae6926fb70 DEOPT UNPACKING pc=0x000001ae733b66a3 sp=0x000000a5404fdbb8 mode 2
Event: 1.851 Thread 0x000001ae6926fb70 Uncommon trap: trap_request=0xffffffde fr.pc=0x000001ae73afe0dc relative=0x0000000000000a9c
Event: 1.851 Thread 0x000001ae6926fb70 Uncommon trap: reason=class_check action=maybe_recompile pc=0x000001ae73afe0dc method=java.util.HashMap.putVal(ILjava/lang/Object;Ljava/lang/Object;ZZ)Ljava/lang/Object; @ 203 c2
Event: 1.851 Thread 0x000001ae6926fb70 DEOPT PACKING pc=0x000001ae73afe0dc sp=0x000000a5404fdc90
Event: 1.851 Thread 0x000001ae6926fb70 DEOPT UNPACKING pc=0x000001ae733b66a3 sp=0x000000a5404fdbb8 mode 2
Event: 1.851 Thread 0x000001ae6926fb70 Uncommon trap: trap_request=0xffffffde fr.pc=0x000001ae73afe0dc relative=0x0000000000000a9c
Event: 1.851 Thread 0x000001ae6926fb70 Uncommon trap: reason=class_check action=maybe_recompile pc=0x000001ae73afe0dc method=java.util.HashMap.putVal(ILjava/lang/Object;Ljava/lang/Object;ZZ)Ljava/lang/Object; @ 203 c2
Event: 1.851 Thread 0x000001ae6926fb70 DEOPT PACKING pc=0x000001ae73afe0dc sp=0x000000a5404fdc90
Event: 1.851 Thread 0x000001ae6926fb70 DEOPT UNPACKING pc=0x000001ae733b66a3 sp=0x000000a5404fdbb8 mode 2

Classes unloaded (0 events):
No events

Classes redefined (0 events):
No events

Internal exceptions (10 events):
Event: 0.181 Thread 0x000001ae6926fb70 Exception <a 'java/lang/NoSuchMethodError'{0x00000000eacb5e08}: 'void java.lang.invoke.DirectMethodHandle$Holder.invokeStatic(java.lang.Object, java.lang.Object, java.lang.Object)'> (0x00000000eacb5e08) 
thrown [s\src\hotspot\share\interpreter\linkResolver.cpp, line 759]
Event: 1.082 Thread 0x000001ae6926fb70 Exception <a 'java/lang/reflect/InvocationTargetException'{0x00000000eb16a630}> (0x00000000eb16a630) 
thrown [s\src\hotspot\share\runtime\reflection.cpp, line 1121]
Event: 1.617 Thread 0x000001ae6926fb70 Exception <a 'java/lang/ClassNotFoundException'{0x00000000eb9e7388}: sun/net/www/protocol/c/Handler> (0x00000000eb9e7388) 
thrown [s\src\hotspot\share\classfile\systemDictionary.cpp, line 256]
Event: 1.630 Thread 0x000001ae6926fb70 Exception <a 'java/io/FileNotFoundException'{0x00000000eb9ff110}> (0x00000000eb9ff110) 
thrown [s\src\hotspot\share\prims\jni.cpp, line 516]
Event: 1.630 Thread 0x000001ae6926fb70 Exception <a 'java/io/FileNotFoundException'{0x00000000eb9ffeb0}> (0x00000000eb9ffeb0) 
thrown [s\src\hotspot\share\prims\jni.cpp, line 516]
Event: 1.630 Thread 0x000001ae6926fb70 Exception <a 'java/io/FileNotFoundException'{0x00000000eba00c30}> (0x00000000eba00c30) 
thrown [s\src\hotspot\share\prims\jni.cpp, line 516]
Event: 1.630 Thread 0x000001ae6926fb70 Exception <a 'java/io/FileNotFoundException'{0x00000000eba01980}> (0x00000000eba01980) 
thrown [s\src\hotspot\share\prims\jni.cpp, line 516]
Event: 1.634 Thread 0x000001ae6926fb70 Implicit null exception at 0x000001ae73ae8772 to 0x000001ae73ae8cc0
Event: 1.634 Thread 0x000001ae6926fb70 Implicit null exception at 0x000001ae73ae9372 to 0x000001ae73ae98d4
Event: 1.636 Thread 0x000001ae6926fb70 Exception <a 'java/io/FileNotFoundException'{0x00000000eba3c308}> (0x00000000eba3c308) 
thrown [s\src\hotspot\share\prims\jni.cpp, line 516]

VM Operations (10 events):
Event: 0.184 Executing VM operation: HandshakeAllThreads
Event: 0.184 Executing VM operation: HandshakeAllThreads done
Event: 0.412 Executing VM operation: HandshakeAllThreads
Event: 0.412 Executing VM operation: HandshakeAllThreads done
Event: 1.424 Executing VM operation: Cleanup
Event: 1.424 Executing VM operation: Cleanup done
Event: 1.603 Executing VM operation: HandshakeAllThreads
Event: 1.603 Executing VM operation: HandshakeAllThreads done
Event: 1.611 Executing VM operation: HandshakeAllThreads
Event: 1.611 Executing VM operation: HandshakeAllThreads done

Events (20 events):
Event: 1.849 loading class java/io/BufferedReader
Event: 1.849 loading class java/io/BufferedReader done
Event: 1.849 loading class sun/nio/cs/StreamDecoder
Event: 1.850 loading class sun/nio/cs/StreamDecoder done
Event: 1.850 loading class sun/nio/cs/UTF_8$Decoder
Event: 1.850 loading class sun/nio/cs/UTF_8$Decoder done
Event: 1.850 loading class java/nio/charset/CoderResult
Event: 1.850 loading class java/nio/charset/CoderResult done
Event: 1.857 loading class java/util/Random
Event: 1.858 loading class java/util/random/RandomGenerator
Event: 1.858 loading class java/util/random/RandomGenerator done
Event: 1.858 loading class java/util/Random done
Event: 1.859 loading class java/util/UUID
Event: 1.859 loading class java/util/UUID done
Event: 1.859 loading class java/util/concurrent/atomic/AtomicBoolean
Event: 1.859 loading class java/util/concurrent/atomic/AtomicBoolean done
Event: 1.859 loading class java/lang/invoke/VarHandleInts$FieldInstanceReadWrite
Event: 1.859 loading class java/lang/invoke/VarHandleInts$FieldInstanceReadOnly
Event: 1.859 loading class java/lang/invoke/VarHandleInts$FieldInstanceReadOnly done
Event: 1.859 loading class java/lang/invoke/VarHandleInts$FieldInstanceReadWrite done


Dynamic libraries:
0x00007ff7ac2e0000 - 0x00007ff7ac2ee000 	c:\Users\aDMINISTRATOR\.vscode\extensions\redhat.java-1.30.0-win32-x64\jre\17.0.10-win32-x86_64\bin\java.exe
0x00007fff7f6f0000 - 0x00007fff7f8e8000 	C:\Windows\SYSTEM32\ntdll.dll
0x00007fff7edc0000 - 0x00007fff7ee7d000 	C:\Windows\System32\KERNEL32.DLL
0x00007fff7cdd0000 - 0x00007fff7d0c6000 	C:\Windows\System32\KERNELBASE.dll
0x00007fff7d570000 - 0x00007fff7d670000 	C:\Windows\System32\ucrtbase.dll
0x00007fff465d0000 - 0x00007fff465eb000 	c:\Users\aDMINISTRATOR\.vscode\extensions\redhat.java-1.30.0-win32-x64\jre\17.0.10-win32-x86_64\bin\VCRUNTIME140.dll
0x00007fff49990000 - 0x00007fff499a7000 	c:\Users\aDMINISTRATOR\.vscode\extensions\redhat.java-1.30.0-win32-x64\jre\17.0.10-win32-x86_64\bin\jli.dll
0x00007fff7e950000 - 0x00007fff7eaee000 	C:\Windows\System32\USER32.dll
0x00007fff7cda0000 - 0x00007fff7cdc2000 	C:\Windows\System32\win32u.dll
0x00007fff68dc0000 - 0x00007fff6905a000 	C:\Windows\WinSxS\amd64_microsoft.windows.common-controls_6595b64144ccf1df_6.0.19041.3636_none_60b6a03d71f818d5\COMCTL32.dll
0x00007fff7da00000 - 0x00007fff7da2b000 	C:\Windows\System32\GDI32.dll
0x00007fff7f610000 - 0x00007fff7f6ae000 	C:\Windows\System32\msvcrt.dll
0x00007fff7d260000 - 0x00007fff7d377000 	C:\Windows\System32\gdi32full.dll
0x00007fff7d0d0000 - 0x00007fff7d16d000 	C:\Windows\System32\msvcp_win.dll
0x00007fff7d950000 - 0x00007fff7d982000 	C:\Windows\System32\IMM32.DLL
0x00007fff60af0000 - 0x00007fff60afc000 	c:\Users\aDMINISTRATOR\.vscode\extensions\redhat.java-1.30.0-win32-x64\jre\17.0.10-win32-x86_64\bin\vcruntime140_1.dll
0x00007fff1d4f0000 - 0x00007fff1d57d000 	c:\Users\aDMINISTRATOR\.vscode\extensions\redhat.java-1.30.0-win32-x64\jre\17.0.10-win32-x86_64\bin\msvcp140.dll
0x00007fff1c880000 - 0x00007fff1d4e2000 	c:\Users\aDMINISTRATOR\.vscode\extensions\redhat.java-1.30.0-win32-x64\jre\17.0.10-win32-x86_64\bin\server\jvm.dll
0x00007fff7df90000 - 0x00007fff7e040000 	C:\Windows\System32\ADVAPI32.dll
0x00007fff7d8b0000 - 0x00007fff7d950000 	C:\Windows\System32\sechost.dll
0x00007fff7d780000 - 0x00007fff7d8a5000 	C:\Windows\System32\RPCRT4.dll
0x00007fff7d230000 - 0x00007fff7d257000 	C:\Windows\System32\bcrypt.dll
0x00007fff7cc00000 - 0x00007fff7cc4b000 	C:\Windows\SYSTEM32\POWRPROF.dll
0x00007fff720e0000 - 0x00007fff720e9000 	C:\Windows\SYSTEM32\WSOCK32.dll
0x00007fff720f0000 - 0x00007fff72117000 	C:\Windows\SYSTEM32\WINMM.dll
0x00007fff73970000 - 0x00007fff7397a000 	C:\Windows\SYSTEM32\VERSION.dll
0x00007fff7e1f0000 - 0x00007fff7e25b000 	C:\Windows\System32\WS2_32.dll
0x00007fff7cbe0000 - 0x00007fff7cbf2000 	C:\Windows\SYSTEM32\UMPDC.dll
0x00007fff7aa90000 - 0x00007fff7aaa2000 	C:\Windows\SYSTEM32\kernel.appcore.dll
0x00007fff60660000 - 0x00007fff6066a000 	c:\Users\aDMINISTRATOR\.vscode\extensions\redhat.java-1.30.0-win32-x64\jre\17.0.10-win32-x86_64\bin\jimage.dll
0x00007fff72170000 - 0x00007fff72354000 	C:\Windows\SYSTEM32\DBGHELP.DLL
0x00007fff71a80000 - 0x00007fff71ab4000 	C:\Windows\SYSTEM32\dbgcore.DLL
0x00007fff7d4e0000 - 0x00007fff7d562000 	C:\Windows\System32\bcryptPrimitives.dll
0x00007fff600f0000 - 0x00007fff600fe000 	c:\Users\aDMINISTRATOR\.vscode\extensions\redhat.java-1.30.0-win32-x64\jre\17.0.10-win32-x86_64\bin\instrument.dll
0x00007fff35b60000 - 0x00007fff35b85000 	c:\Users\aDMINISTRATOR\.vscode\extensions\redhat.java-1.30.0-win32-x64\jre\17.0.10-win32-x86_64\bin\java.dll
0x00007fff3f340000 - 0x00007fff3f358000 	c:\Users\aDMINISTRATOR\.vscode\extensions\redhat.java-1.30.0-win32-x64\jre\17.0.10-win32-x86_64\bin\zip.dll
0x00007fff7ee80000 - 0x00007fff7f5eb000 	C:\Windows\System32\SHELL32.dll
0x00007fff7ac90000 - 0x00007fff7b42e000 	C:\Windows\SYSTEM32\windows.storage.dll
0x00007fff7da90000 - 0x00007fff7dde3000 	C:\Windows\System32\combase.dll
0x00007fff7c700000 - 0x00007fff7c72e000 	C:\Windows\SYSTEM32\Wldp.dll
0x00007fff7ecf0000 - 0x00007fff7edbd000 	C:\Windows\System32\OLEAUT32.dll
0x00007fff7ded0000 - 0x00007fff7df7d000 	C:\Windows\System32\SHCORE.dll
0x00007fff7eb70000 - 0x00007fff7ebc5000 	C:\Windows\System32\shlwapi.dll
0x00007fff7ccd0000 - 0x00007fff7ccf5000 	C:\Windows\SYSTEM32\profapi.dll
0x00007fff3e960000 - 0x00007fff3e979000 	C:\Users\aDMINISTRATOR\.vscode\extensions\redhat.java-1.30.0-win32-x64\jre\17.0.10-win32-x86_64\bin\net.dll
0x00007fff757d0000 - 0x00007fff758da000 	C:\Windows\SYSTEM32\WINHTTP.dll
0x00007fff7c460000 - 0x00007fff7c4ca000 	C:\Windows\system32\mswsock.dll
0x00007fff3d9c0000 - 0x00007fff3d9d6000 	C:\Users\aDMINISTRATOR\.vscode\extensions\redhat.java-1.30.0-win32-x64\jre\17.0.10-win32-x86_64\bin\nio.dll
0x00007fff5f950000 - 0x00007fff5f960000 	c:\Users\aDMINISTRATOR\.vscode\extensions\redhat.java-1.30.0-win32-x64\jre\17.0.10-win32-x86_64\bin\verify.dll

dbghelp: loaded successfully - version: 4.0.5 - missing functions: none
symbol engine: initialized successfully - sym options: 0x614 - pdb path: .;c:\Users\aDMINISTRATOR\.vscode\extensions\redhat.java-1.30.0-win32-x64\jre\17.0.10-win32-x86_64\bin;C:\Windows\SYSTEM32;C:\Windows\WinSxS\amd64_microsoft.windows.common-controls_6595b64144ccf1df_6.0.19041.3636_none_60b6a03d71f818d5;c:\Users\aDMINISTRATOR\.vscode\extensions\redhat.java-1.30.0-win32-x64\jre\17.0.10-win32-x86_64\bin\server

VM Arguments:
jvm_args: --add-modules=ALL-SYSTEM --add-opens=java.base/java.util=ALL-UNNAMED --add-opens=java.base/java.lang=ALL-UNNAMED --add-opens=java.base/sun.nio.fs=ALL-UNNAMED -Declipse.application=org.eclipse.jdt.ls.core.id1 -Dosgi.bundles.defaultStartLevel=4 -Declipse.product=org.eclipse.jdt.ls.core.product -Djava.import.generatesMetadataFilesAtProjectRoot=false -DDetectVMInstallationsJob.disabled=true -Dfile.encoding=utf8 -XX:+UseParallelGC -XX:GCTimeRatio=4 -XX:AdaptiveSizePolicyWeight=90 -Dsun.zip.disableMemoryMapping=true -Xmx1G -Xms100m -Xlog:disable -javaagent:c:\Users\aDMINISTRATOR\.vscode\extensions\redhat.java-1.30.0-win32-x64\lombok\lombok-1.18.32.jar 
java_command: c:\Users\aDMINISTRATOR\.vscode\extensions\redhat.java-1.30.0-win32-x64\server\plugins\org.eclipse.equinox.launcher_1.6.800.v20240330-1250.jar -configuration c:\Users\aDMINISTRATOR\AppData\Roaming\Code\User\globalStorage\redhat.java\1.30.0\config_ss_win -data c:\Users\aDMINISTRATOR\AppData\Roaming\Code\User\workspaceStorage\615ccf0f16dc16ebe47b9a3c97cb4bae\redhat.java\ss_ws --pipe=\\.\pipe\lsp-2bb74aeca87c465a314bd58993dea00d-sock
java_class_path (initial): c:\Users\aDMINISTRATOR\.vscode\extensions\redhat.java-1.30.0-win32-x64\server\plugins\org.eclipse.equinox.launcher_1.6.800.v20240330-1250.jar
Launcher Type: SUN_STANDARD

[Global flags]
    uintx AdaptiveSizePolicyWeight                 = 90                                        {product} {command line}
     intx CICompilerCount                          = 12                                        {product} {ergonomic}
    uintx GCTimeRatio                              = 4                                         {product} {command line}
   size_t InitialHeapSize                          = 104857600                                 {product} {command line}
   size_t MaxHeapSize                              = 1073741824                                {product} {command line}
   size_t MaxNewSize                               = 357564416                                 {product} {ergonomic}
   size_t MinHeapDeltaBytes                        = 524288                                    {product} {ergonomic}
   size_t MinHeapSize                              = 104857600                                 {product} {command line}
   size_t NewSize                                  = 34603008                                  {product} {ergonomic}
    uintx NonNMethodCodeHeapSize                   = 7602480                                {pd product} {ergonomic}
    uintx NonProfiledCodeHeapSize                  = 122027880                              {pd product} {ergonomic}
   size_t OldSize                                  = 70254592                                  {product} {ergonomic}
    uintx ProfiledCodeHeapSize                     = 122027880                              {pd product} {ergonomic}
    uintx ReservedCodeCacheSize                    = 251658240                              {pd product} {ergonomic}
     bool SegmentedCodeCache                       = true                                      {product} {ergonomic}
   size_t SoftMaxHeapSize                          = 1073741824                             {manageable} {ergonomic}
     bool UseCompressedClassPointers               = true                           {product lp64_product} {ergonomic}
     bool UseCompressedOops                        = true                           {product lp64_product} {ergonomic}
     bool UseLargePagesIndividualAllocation        = false                                  {pd product} {ergonomic}
     bool UseParallelGC                            = true                                      {product} {command line}

Logging:
Log output configuration:
 #0: stdout all=off uptime,level,tags
 #1: stderr all=off uptime,level,tags

Environment Variables:
PATH=C:\Program Files\Common Files\Oracle\Java\javapath;C:\Windows\system32;C:\Windows;C:\Windows\System32\Wbem;C:\Windows\System32\WindowsPowerShell\v1.0\;C:\Windows\System32\OpenSSH\;C:\maven\apache-maven-3.8.8\bin;C:\Program Files\Java\jdk-20;C:\ProgramData\chocolatey\bin;C:\Program Files\Disk Usage\;C:\Program Files\Git\cmd;C:\Program Files\nodejs\;C:\Program Files\MySQL\MySQL Shell 8.0\bin\;C:\Users\aDMINISTRATOR\AppData\Local\Microsoft\WindowsApps;C:\Users\aDMINISTRATOR\AppData\Roaming\npm\;C:\Users\aDMINISTRATOR\AppData\Local\Programs\Microsoft VS Code\bin;C:\nginx;C:\Users\aDMINISTRATOR\AppData\Roaming\npm\node_modules\pm2\bin
USERNAME=ADMINISTRATOR
OS=Windows_NT
PROCESSOR_IDENTIFIER=Intel64 Family 6 Model 165 Stepping 5, GenuineIntel
TMP=C:\Users\ADMINI~1\AppData\Local\Temp
TEMP=C:\Users\ADMINI~1\AppData\Local\Temp



Periodic native trim disabled


---------------  S Y S T E M  ---------------

OS:
 Windows 10 , 64 bit Build 19041 (10.0.19041.3636)
OS uptime: 18 days 5:33 hours
Hyper-V virtualization detected

CPU: total 16 (initial active 16) (8 cores per cpu, 2 threads per core) family 6 model 165 stepping 5 microcode 0xffffffff, cx8, cmov, fxsr, ht, mmx, 3dnowpref, sse, sse2, sse3, ssse3, sse4.1, sse4.2, popcnt, lzcnt, tsc, avx, avx2, aes, erms, clmul, bmi1, bmi2, adx, fma, vzeroupper, clflush, clflushopt, hv
Processor Information for all 16 processors :
  Max Mhz: 2904, Current Mhz: 2904, Mhz Limit: 2904

Memory: 4k page, system-wide physical 15999M (4300M free)
TotalPageFile size 30136M (AvailPageFile size 0M)
current process WorkingSet (physical memory assigned to process): 72M, peak: 72M
current process commit charge ("private bytes"): 216M, peak: 217M

vm_info: OpenJDK 64-Bit Server VM (17.0.10+7) for windows-amd64 JRE (17.0.10+7), built on Jan 16 2024 23:25:11 by "admin" with MS VC++ 16.10 / 16.11 (VS2019)

END.
