#
# There is insufficient memory for the Java Runtime Environment to continue.
# Native memory allocation (malloc) failed to allocate 678848 bytes for Chunk::new
# Possible reasons:
#   The system is out of physical RAM or swap space
#   The process is running with CompressedOops enabled, and the Java Heap may be blocking the growth of the native heap
# Possible solutions:
#   Reduce memory load on the system
#   Increase physical memory or swap space
#   Check if swap backing store is full
#   Decrease Java heap size (-Xmx/-Xms)
#   Decrease number of Java threads
#   Decrease Java thread stack sizes (-Xss)
#   Set larger code cache with -XX:ReservedCodeCacheSize=
#   JVM is running with Unscaled Compressed Oops mode in which the Java heap is
#     placed in the first 4GB address space. The Java Heap base address is the
#     maximum limit for the native heap growth. Please use -XX:HeapBaseMinAddress
#     to set the Java Heap base and to place the Java Heap above 4GB virtual address.
# This output file may be truncated or incomplete.
#
#  Out of Memory Error (arena.cpp:191), pid=146164, tid=155476
#
# JRE version: OpenJDK Runtime Environment Temurin-17.0.10+7 (17.0.10+7) (build 17.0.10+7)
# Java VM: OpenJDK 64-Bit Server VM Temurin-17.0.10+7 (17.0.10+7, mixed mode, tiered, compressed oops, compressed class ptrs, parallel gc, windows-amd64)
# No core dump will be written. Minidumps are not enabled by default on client versions of Windows
#

---------------  S U M M A R Y ------------

Command Line: --add-modules=ALL-SYSTEM --add-opens=java.base/java.util=ALL-UNNAMED --add-opens=java.base/java.lang=ALL-UNNAMED --add-opens=java.base/sun.nio.fs=ALL-UNNAMED -Declipse.application=org.eclipse.jdt.ls.core.id1 -Dosgi.bundles.defaultStartLevel=4 -Declipse.product=org.eclipse.jdt.ls.core.product -Djava.import.generatesMetadataFilesAtProjectRoot=false -DDetectVMInstallationsJob.disabled=true -Dfile.encoding=utf8 -XX:+UseParallelGC -XX:GCTimeRatio=4 -XX:AdaptiveSizePolicyWeight=90 -Dsun.zip.disableMemoryMapping=true -Xmx1G -Xms100m -Xlog:disable -javaagent:c:\Users\aDMINISTRATOR\.vscode\extensions\redhat.java-1.30.0-win32-x64\lombok\lombok-1.18.32.jar -XX:+HeapDumpOnOutOfMemoryError -XX:HeapDumpPath=c:\Users\aDMINISTRATOR\AppData\Roaming\Code\User\workspaceStorage\615ccf0f16dc16ebe47b9a3c97cb4bae\redhat.java -Daether.dependencyCollector.impl=bf c:\Users\aDMINISTRATOR\.vscode\extensions\redhat.java-1.30.0-win32-x64\server\plugins\org.eclipse.equinox.launcher_1.6.800.v20240330-1250.jar -configuration c:\Users\aDMINISTRATOR\AppData\Roaming\Code\User\globalStorage\redhat.java\1.30.0\config_win -data c:\Users\aDMINISTRATOR\AppData\Roaming\Code\User\workspaceStorage\615ccf0f16dc16ebe47b9a3c97cb4bae\redhat.java\jdt_ws --pipe=\\.\pipe\lsp-9d08d37ee0048ff7c6b9bf713977ff3b-sock

Host: Intel(R) Core(TM) i7-10700F CPU @ 2.90GHz, 16 cores, 15G,  Windows 10 , 64 bit Build 19041 (10.0.19041.3636)
Time: Tue May  7 13:51:31 2024 Hora oficial do Brasil elapsed time: 17.915458 seconds (0d 0h 0m 17s)

---------------  T H R E A D  ---------------

Current thread (0x00000263310690a0):  JavaThread "C2 CompilerThread1" daemon [_thread_in_native, id=155476, stack(0x0000009943d00000,0x0000009943e00000)]


Current CompileTask:
C2:  17915 8817       4       org.eclipse.jdt.internal.compiler.parser.Scanner::internalScanIdentifierOrKeyword (4773 bytes)

Stack: [0x0000009943d00000,0x0000009943e00000]
Native frames: (J=compiled Java code, j=interpreted, Vv=VM code, C=native code)
V  [jvm.dll+0x67d2c9]
V  [jvm.dll+0x834afa]
V  [jvm.dll+0x8365be]
V  [jvm.dll+0x836c23]
V  [jvm.dll+0x2477ff]
V  [jvm.dll+0xac514]
V  [jvm.dll+0xacb5c]
V  [jvm.dll+0x3667d7]
V  [jvm.dll+0x330bfa]
V  [jvm.dll+0x33009a]
V  [jvm.dll+0x219ef1]
V  [jvm.dll+0x219311]
V  [jvm.dll+0x1a502d]
V  [jvm.dll+0x2290de]
V  [jvm.dll+0x2272ac]
V  [jvm.dll+0x7e9bb7]
V  [jvm.dll+0x7e3fba]
V  [jvm.dll+0x67c1b5]
C  [ucrtbase.dll+0x21bb2]
C  [KERNEL32.DLL+0x17344]
C  [ntdll.dll+0x526b1]


---------------  P R O C E S S  ---------------

Threads class SMR info:
_java_thread_list=0x000002633567b0f0, length=69, elements={
0x0000026315d74af0, 0x000002632bb532a0, 0x000002632bb542b0, 0x0000026330ed8110,
0x0000026330ed88b0, 0x0000026330ee2280, 0x0000026330ee7330, 0x0000026330eebf80,
0x0000026330eecc40, 0x0000026330ef58f0, 0x0000026330f694f0, 0x0000026332e88850,
0x00000263337a8670, 0x00000263338d2b60, 0x000002633382f540, 0x000002633382fa50,
0x0000026333830470, 0x000002633382f030, 0x000002633382eb20, 0x0000026333831dc0,
0x00000263338313a0, 0x000002633382ff60, 0x000002633382e610, 0x0000026333830e90,
0x0000026334c1f740, 0x0000026334c1a130, 0x0000026334c1bf90, 0x0000026334c1c9b0,
0x0000026334c1ed20, 0x0000026334c1d8e0, 0x0000026334c19710, 0x0000026334c19c20,
0x0000026334c1ddf0, 0x0000026334c1ab50, 0x0000026334c1f230, 0x0000026334c1fc50,
0x0000026334c19200, 0x0000026334c1a640, 0x0000026334c187e0, 0x0000026334c1b060,
0x0000026334c1b570, 0x0000026334c1e300, 0x0000026334c18cf0, 0x0000026334c1ba80,
0x0000026334c1c4a0, 0x0000026334c1cec0, 0x0000026334d9cc90, 0x0000026333830980,
0x0000026334257ad0, 0x000002633425b280, 0x0000026334254d40, 0x0000026334258a00,
0x00000263342575c0, 0x0000026334259420, 0x0000026334257fe0, 0x0000026334259930,
0x000002633425b790, 0x0000026334255760, 0x0000026334259e40, 0x000002633425bca0,
0x000002633425a350, 0x00000263342584f0, 0x00000263310690a0, 0x00000263310695f0,
0x0000026331069b40, 0x000002633106f040, 0x000002633106a090, 0x000002633106fae0,
0x0000026331070030
}

Java Threads: ( => current thread )
  0x0000026315d74af0 JavaThread "main" [_thread_blocked, id=157648, stack(0x000000993ec00000,0x000000993ed00000)]
  0x000002632bb532a0 JavaThread "Reference Handler" daemon [_thread_blocked, id=137644, stack(0x000000993ef00000,0x000000993f000000)]
  0x000002632bb542b0 JavaThread "Finalizer" daemon [_thread_blocked, id=152940, stack(0x000000993f000000,0x000000993f100000)]
  0x0000026330ed8110 JavaThread "Signal Dispatcher" daemon [_thread_blocked, id=143904, stack(0x000000993f100000,0x000000993f200000)]
  0x0000026330ed88b0 JavaThread "Attach Listener" daemon [_thread_blocked, id=158404, stack(0x000000993f200000,0x000000993f300000)]
  0x0000026330ee2280 JavaThread "Service Thread" daemon [_thread_blocked, id=159616, stack(0x000000993f300000,0x000000993f400000)]
  0x0000026330ee7330 JavaThread "Monitor Deflation Thread" daemon [_thread_blocked, id=152196, stack(0x000000993f400000,0x000000993f500000)]
  0x0000026330eebf80 JavaThread "C2 CompilerThread0" daemon [_thread_in_native, id=152568, stack(0x000000993f500000,0x000000993f600000)]
  0x0000026330eecc40 JavaThread "C1 CompilerThread0" daemon [_thread_blocked, id=141576, stack(0x000000993f600000,0x000000993f700000)]
  0x0000026330ef58f0 JavaThread "Sweeper thread" daemon [_thread_blocked, id=153172, stack(0x000000993f700000,0x000000993f800000)]
  0x0000026330f694f0 JavaThread "Common-Cleaner" daemon [_thread_blocked, id=155660, stack(0x000000993f800000,0x000000993f900000)]
  0x0000026332e88850 JavaThread "Notification Thread" daemon [_thread_blocked, id=148688, stack(0x000000993fc00000,0x000000993fd00000)]
  0x00000263337a8670 JavaThread "Active Thread: Equinox Container: d450da1e-2f72-4bd3-896e-6f02ac735ee5" [_thread_blocked, id=93316, stack(0x0000009940500000,0x0000009940600000)]
  0x00000263338d2b60 JavaThread "Framework Event Dispatcher: Equinox Container: d450da1e-2f72-4bd3-896e-6f02ac735ee5" daemon [_thread_blocked, id=144368, stack(0x000000993ff00000,0x0000009940000000)]
  0x000002633382f540 JavaThread "Start Level: Equinox Container: d450da1e-2f72-4bd3-896e-6f02ac735ee5" daemon [_thread_blocked, id=157344, stack(0x0000009940600000,0x0000009940700000)]
  0x000002633382fa50 JavaThread "Bundle File Closer" daemon [_thread_blocked, id=146992, stack(0x0000009940a00000,0x0000009940b00000)]
  0x0000026333830470 JavaThread "SCR Component Actor" daemon [_thread_blocked, id=157752, stack(0x0000009940c00000,0x0000009940d00000)]
  0x000002633382f030 JavaThread "Worker-JM" [_thread_blocked, id=157416, stack(0x0000009941000000,0x0000009941100000)]
  0x000002633382eb20 JavaThread "Worker-0" [_thread_blocked, id=153428, stack(0x0000009941200000,0x0000009941300000)]
  0x0000026333831dc0 JavaThread "Worker-1: Initialize workspace" [_thread_blocked, id=148988, stack(0x0000009941300000,0x0000009941400000)]
  0x00000263338313a0 JavaThread "Java indexing" daemon [_thread_blocked, id=148584, stack(0x0000009941400000,0x0000009941500000)]
  0x000002633382ff60 JavaThread "Worker-2" [_thread_blocked, id=153028, stack(0x0000009941500000,0x0000009941600000)]
  0x000002633382e610 JavaThread "JNA Cleaner" daemon [_thread_blocked, id=156284, stack(0x0000009941800000,0x0000009941900000)]
  0x0000026333830e90 JavaThread "Thread-2" daemon [_thread_in_native, id=154920, stack(0x0000009941f00000,0x0000009942000000)]
  0x0000026334c1f740 JavaThread "Thread-3" daemon [_thread_in_native, id=155448, stack(0x0000009942000000,0x0000009942100000)]
  0x0000026334c1a130 JavaThread "Thread-4" daemon [_thread_in_native, id=154756, stack(0x0000009942100000,0x0000009942200000)]
  0x0000026334c1bf90 JavaThread "Thread-5" daemon [_thread_in_native, id=155856, stack(0x0000009942200000,0x0000009942300000)]
  0x0000026334c1c9b0 JavaThread "Thread-6" daemon [_thread_in_native, id=148948, stack(0x0000009942300000,0x0000009942400000)]
  0x0000026334c1ed20 JavaThread "Thread-7" daemon [_thread_in_native, id=105300, stack(0x0000009942400000,0x0000009942500000)]
  0x0000026334c1d8e0 JavaThread "Thread-8" daemon [_thread_in_native, id=141304, stack(0x0000009942500000,0x0000009942600000)]
  0x0000026334c19710 JavaThread "Thread-9" daemon [_thread_in_native, id=122652, stack(0x0000009942600000,0x0000009942700000)]
  0x0000026334c19c20 JavaThread "Thread-10" daemon [_thread_in_native, id=149768, stack(0x0000009942700000,0x0000009942800000)]
  0x0000026334c1ddf0 JavaThread "Thread-11" daemon [_thread_in_native, id=149712, stack(0x0000009942800000,0x0000009942900000)]
  0x0000026334c1ab50 JavaThread "Thread-12" daemon [_thread_in_native, id=139896, stack(0x0000009942900000,0x0000009942a00000)]
  0x0000026334c1f230 JavaThread "Thread-13" daemon [_thread_in_native, id=147144, stack(0x0000009942a00000,0x0000009942b00000)]
  0x0000026334c1fc50 JavaThread "Thread-14" daemon [_thread_in_native, id=152332, stack(0x0000009942b00000,0x0000009942c00000)]
  0x0000026334c19200 JavaThread "Thread-15" daemon [_thread_in_native, id=1364, stack(0x0000009942c00000,0x0000009942d00000)]
  0x0000026334c1a640 JavaThread "Thread-16" daemon [_thread_in_native, id=143136, stack(0x0000009942d00000,0x0000009942e00000)]
  0x0000026334c187e0 JavaThread "Thread-17" daemon [_thread_in_native, id=143636, stack(0x0000009942e00000,0x0000009942f00000)]
  0x0000026334c1b060 JavaThread "Thread-18" daemon [_thread_in_native, id=153520, stack(0x0000009942f00000,0x0000009943000000)]
  0x0000026334c1b570 JavaThread "pool-2-thread-1" [_thread_blocked, id=109076, stack(0x0000009943000000,0x0000009943100000)]
  0x0000026334c1e300 JavaThread "WorkspaceEventsHandler" [_thread_blocked, id=154000, stack(0x0000009943100000,0x0000009943200000)]
  0x0000026334c18cf0 JavaThread "pool-1-thread-1" [_thread_blocked, id=141092, stack(0x0000009943200000,0x0000009943300000)]
  0x0000026334c1ba80 JavaThread "Worker-3" [_thread_blocked, id=41224, stack(0x0000009943300000,0x0000009943400000)]
  0x0000026334c1c4a0 JavaThread "Worker-4: Updating workspace" [_thread_in_Java, id=157892, stack(0x000000993fe00000,0x000000993ff00000)]
  0x0000026334c1cec0 JavaThread "Worker-5: Publish Diagnostics" [_thread_in_Java, id=136228, stack(0x0000009940d00000,0x0000009940e00000)]
  0x0000026334d9cc90 JavaThread "C1 CompilerThread1" daemon [_thread_blocked, id=158144, stack(0x000000993fb00000,0x000000993fc00000)]
  0x0000026333830980 JavaThread "ForkJoinPool.commonPool-worker-1" daemon [_thread_in_native, id=147220, stack(0x0000009941700000,0x0000009941800000)]
  0x0000026334257ad0 JavaThread "ForkJoinPool.commonPool-worker-2" daemon [_thread_blocked, id=149876, stack(0x0000009941c00000,0x0000009941d00000)]
  0x000002633425b280 JavaThread "ForkJoinPool.commonPool-worker-3" daemon [_thread_in_native, id=155892, stack(0x0000009941d00000,0x0000009941e00000)]
  0x0000026334254d40 JavaThread "ForkJoinPool.commonPool-worker-4" daemon [_thread_blocked, id=150572, stack(0x0000009941e00000,0x0000009941f00000)]
  0x0000026334258a00 JavaThread "ForkJoinPool.commonPool-worker-5" daemon [_thread_blocked, id=151124, stack(0x0000009943400000,0x0000009943500000)]
  0x00000263342575c0 JavaThread "ForkJoinPool.commonPool-worker-6" daemon [_thread_blocked, id=152820, stack(0x000000993f900000,0x000000993fa00000)]
  0x0000026334259420 JavaThread "ForkJoinPool.commonPool-worker-7" daemon [_thread_blocked, id=159552, stack(0x000000993fa00000,0x000000993fb00000)]
  0x0000026334257fe0 JavaThread "ForkJoinPool.commonPool-worker-8" daemon [_thread_blocked, id=106060, stack(0x0000009941600000,0x0000009941700000)]
  0x0000026334259930 JavaThread "ForkJoinPool.commonPool-worker-9" daemon [_thread_blocked, id=155956, stack(0x0000009943500000,0x0000009943600000)]
  0x000002633425b790 JavaThread "ForkJoinPool.commonPool-worker-10" daemon [_thread_blocked, id=127848, stack(0x0000009943600000,0x0000009943700000)]
  0x0000026334255760 JavaThread "ForkJoinPool.commonPool-worker-11" daemon [_thread_blocked, id=156432, stack(0x0000009943700000,0x0000009943800000)]
  0x0000026334259e40 JavaThread "ForkJoinPool.commonPool-worker-12" daemon [_thread_blocked, id=142960, stack(0x0000009943800000,0x0000009943900000)]
  0x000002633425bca0 JavaThread "ForkJoinPool.commonPool-worker-13" daemon [_thread_blocked, id=157184, stack(0x0000009943900000,0x0000009943a00000)]
  0x000002633425a350 JavaThread "ForkJoinPool.commonPool-worker-14" daemon [_thread_blocked, id=157780, stack(0x0000009943a00000,0x0000009943b00000)]
  0x00000263342584f0 JavaThread "ForkJoinPool.commonPool-worker-15" daemon [_thread_blocked, id=106680, stack(0x0000009943b00000,0x0000009943c00000)]
=>0x00000263310690a0 JavaThread "C2 CompilerThread1" daemon [_thread_in_native, id=155476, stack(0x0000009943d00000,0x0000009943e00000)]
  0x00000263310695f0 JavaThread "C2 CompilerThread2" daemon [_thread_in_native, id=139976, stack(0x0000009943c00000,0x0000009943d00000)]
  0x0000026331069b40 JavaThread "C2 CompilerThread3" daemon [_thread_in_native, id=146472, stack(0x0000009943e00000,0x0000009943f00000)]
  0x000002633106f040 JavaThread "C2 CompilerThread4" daemon [_thread_blocked, id=154304, stack(0x0000009943f00000,0x0000009944000000)]
  0x000002633106a090 JavaThread "C2 CompilerThread5" daemon [_thread_in_native, id=129212, stack(0x0000009944000000,0x0000009944100000)]
  0x000002633106fae0 JavaThread "C2 CompilerThread6" daemon [_thread_in_native, id=134852, stack(0x0000009944100000,0x0000009944200000)]
  0x0000026331070030 JavaThread "C2 CompilerThread7" daemon [_thread_in_native, id=154860, stack(0x0000009944200000,0x0000009944300000)]

Other Threads:
  0x000002632bb4ed40 VMThread "VM Thread" [stack: 0x000000993ee00000,0x000000993ef00000] [id=151712]
  0x0000026332e12160 WatcherThread [stack: 0x000000993fd00000,0x000000993fe00000] [id=152504]
  0x0000026315d89f10 GCTaskThread "GC Thread#0" [stack: 0x000000993ed00000,0x000000993ee00000] [id=137152]
  0x00000263335adb50 GCTaskThread "GC Thread#1" [stack: 0x0000009940000000,0x0000009940100000] [id=112580]
  0x00000263335e8ce0 GCTaskThread "GC Thread#2" [stack: 0x0000009940100000,0x0000009940200000] [id=156084]
  0x00000263335e8fa0 GCTaskThread "GC Thread#3" [stack: 0x0000009940200000,0x0000009940300000] [id=157736]
  0x00000263334767c0 GCTaskThread "GC Thread#4" [stack: 0x0000009940300000,0x0000009940400000] [id=139028]
  0x0000026333477290 GCTaskThread "GC Thread#5" [stack: 0x0000009940400000,0x0000009940500000] [id=114460]
  0x00000263338343e0 GCTaskThread "GC Thread#6" [stack: 0x0000009940700000,0x0000009940800000] [id=103100]
  0x0000026315c053f0 GCTaskThread "GC Thread#7" [stack: 0x0000009940800000,0x0000009940900000] [id=149728]
  0x0000026333dadd00 GCTaskThread "GC Thread#8" [stack: 0x0000009940b00000,0x0000009940c00000] [id=148124]
  0x00000263336e1950 GCTaskThread "GC Thread#9" [stack: 0x0000009940900000,0x0000009940a00000] [id=147780]
  0x0000026333a31810 GCTaskThread "GC Thread#10" [stack: 0x0000009940e00000,0x0000009940f00000] [id=159184]
  0x0000026333a31ad0 GCTaskThread "GC Thread#11" [stack: 0x0000009940f00000,0x0000009941000000] [id=133404]
  0x0000026333a630f0 GCTaskThread "GC Thread#12" [stack: 0x0000009941100000,0x0000009941200000] [id=101072]

Threads with active compile tasks:
C2 CompilerThread0    17983 8838 % !   4       org.eclipse.jdt.internal.core.JarPackageFragmentRoot::computeChildren @ 249 (612 bytes)
C2 CompilerThread1    17983 8817       4       org.eclipse.jdt.internal.compiler.parser.Scanner::internalScanIdentifierOrKeyword (4773 bytes)
C2 CompilerThread2    17983 8869       4       org.eclipse.jdt.internal.core.JavaProjectElementInfo::addSuperPackageNames (47 bytes)
C2 CompilerThread3    17983 8864       4       org.eclipse.jdt.internal.core.util.HashtableOfArrayToObject::put (114 bytes)
C2 CompilerThread4    17984 9077       4       org.eclipse.jdt.internal.core.Openable::resource (28 bytes)
C2 CompilerThread5    17984 8868       4       lombok.core.configuration.BubblingConfigurationResolver::resolve (432 bytes)
C2 CompilerThread6    17984 8866       4       org.eclipse.jdt.internal.core.JavaModelCache::getInfo (156 bytes)
C2 CompilerThread7    17984 9068 % !   4       org.eclipse.jdt.internal.compiler.classfmt.ClassFileReader::<init> @ 63 (2158 bytes)

VM state: not at safepoint (normal execution)

VM Mutex/Monitor currently owned by a thread: None

Heap address: 0x00000000c0000000, size: 1024 MB, Compressed Oops mode: 32-bit

CDS archive(s) not mapped
Compressed class space mapped at: 0x0000000100000000-0x0000000140000000, reserved size: 1073741824
Narrow klass base: 0x0000000000000000, Narrow klass shift: 3, Narrow klass range: 0x140000000

GC Precious Log:
 CPUs: 16 total, 16 available
 Memory: 15999M
 Large Page Support: Disabled
 NUMA Support: Disabled
 Compressed Oops: Enabled (32-bit)
 Alignments: Space 512K, Generation 512K, Heap 2M
 Heap Min Capacity: 100M
 Heap Initial Capacity: 100M
 Heap Max Capacity: 1G
 Pre-touch: Disabled
 Parallel Workers: 13

Heap:
 PSYoungGen      total 20992K, used 12968K [0x00000000eab00000, 0x00000000ec280000, 0x0000000100000000)
  eden space 17920K, 56% used [0x00000000eab00000,0x00000000eb4f6870,0x00000000ebc80000)
  from space 3072K, 90% used [0x00000000ebf80000,0x00000000ec233b40,0x00000000ec280000)
  to   space 3072K, 0% used [0x00000000ebc80000,0x00000000ebc80000,0x00000000ebf80000)
 ParOldGen       total 90112K, used 88612K [0x00000000c0000000, 0x00000000c5800000, 0x00000000eab00000)
  object space 90112K, 98% used [0x00000000c0000000,0x00000000c5689388,0x00000000c5800000)
 Metaspace       used 69116K, committed 70400K, reserved 1114112K
  class space    used 7386K, committed 7936K, reserved 1048576K

Card table byte_map: [0x00000263293d0000,0x00000263295e0000] _byte_map_base: 0x0000026328dd0000

Marking Bits: (ParMarkBitMap*) 0x00007fff21ebd7d0
 Begin Bits: [0x0000026329740000, 0x000002632a740000)
 End Bits:   [0x000002632a740000, 0x000002632b740000)

Polling page: 0x0000026315e30000

Metaspace:

Usage:
  Non-class:     60.28 MB used.
      Class:      7.21 MB used.
       Both:     67.50 MB used.

Virtual space:
  Non-class space:       64.00 MB reserved,      61.00 MB ( 95%) committed,  1 nodes.
      Class space:        1.00 GB reserved,       7.75 MB ( <1%) committed,  1 nodes.
             Both:        1.06 GB reserved,      68.75 MB (  6%) committed. 

Chunk freelists:
   Non-Class:  2.35 MB
       Class:  8.29 MB
        Both:  10.63 MB

MaxMetaspaceSize: unlimited
CompressedClassSpaceSize: 1.00 GB
Initial GC threshold: 21.00 MB
Current GC threshold: 112.81 MB
CDS: off
MetaspaceReclaimPolicy: balanced
 - commit_granule_bytes: 65536.
 - commit_granule_words: 8192.
 - virtual_space_node_default_size: 8388608.
 - enlarge_chunks_in_place: 1.
 - new_chunks_are_fully_committed: 0.
 - uncommit_free_chunks: 1.
 - use_allocation_guard: 0.
 - handle_deallocations: 1.


Internal statistics:

num_allocs_failed_limit: 9.
num_arena_births: 828.
num_arena_deaths: 14.
num_vsnodes_births: 2.
num_vsnodes_deaths: 0.
num_space_committed: 1100.
num_space_uncommitted: 0.
num_chunks_returned_to_freelist: 23.
num_chunks_taken_from_freelist: 3548.
num_chunk_merges: 15.
num_chunk_splits: 2177.
num_chunks_enlarged: 1220.
num_inconsistent_stats: 0.

CodeHeap 'non-profiled nmethods': size=119168Kb used=4579Kb max_used=4877Kb free=114589Kb
 bounds [0x0000026321d80000, 0x0000026322250000, 0x00000263291e0000]
CodeHeap 'profiled nmethods': size=119104Kb used=16465Kb max_used=16983Kb free=102639Kb
 bounds [0x000002631a1e0000, 0x000002631b280000, 0x0000026321630000]
CodeHeap 'non-nmethods': size=7488Kb used=1965Kb max_used=3096Kb free=5523Kb
 bounds [0x0000026321630000, 0x0000026321950000, 0x0000026321d80000]
 total_blobs=8333 nmethods=7612 adapters=629
 compilation: enabled
              stopped_count=0, restarted_count=0
 full_count=0

Compilation events (20 events):
Event: 17.824 Thread 0x0000026330eecc40 nmethod 8834 0x000002631a8aa690 code [0x000002631a8aa840, 0x000002631a8aa9e8]
Event: 17.824 Thread 0x0000026334d9cc90 nmethod 8833 0x000002631aa8d010 code [0x000002631aa8d300, 0x000002631aa8e088]
Event: 17.824 Thread 0x0000026330eecc40 8831   !   3       lombok.eclipse.EclipseAST::$SWITCH_TABLE$lombok$core$AST$Kind (157 bytes)
Event: 17.824 Thread 0x0000026334d9cc90 8832   !   3       lombok.core.AST::readConfiguration (58 bytes)
Event: 17.825 Thread 0x0000026330eecc40 nmethod 8831 0x000002631a3c3d90 code [0x000002631a3c3fa0, 0x000002631a3c4668]
Event: 17.825 Thread 0x0000026330eecc40 8836       3       lombok.eclipse.EclipseAST::buildTree (183 bytes)
Event: 17.825 Thread 0x0000026334d9cc90 nmethod 8832 0x000002631a746d10 code [0x000002631a746f20, 0x000002631a747528]
Event: 17.825 Thread 0x0000026330eecc40 nmethod 8836 0x000002631a647b10 code [0x000002631a647ea0, 0x000002631a6494d8]
Event: 17.832 Thread 0x00000263310695f0 8837       4       org.eclipse.core.runtime.Path::computeSegments (163 bytes)
Event: 17.833 Thread 0x0000026330eebf80 8838 % !   4       org.eclipse.jdt.internal.core.JarPackageFragmentRoot::computeChildren @ 249 (612 bytes)
Event: 17.835 Thread 0x0000026330eecc40 8839   !   3       org.eclipse.jdt.internal.core.JavaModelManager::addInvalidArchive (64 bytes)
Event: 17.835 Thread 0x0000026334d9cc90 8840       3       org.eclipse.jdt.internal.core.JavaModelManager$InvalidArchiveInfo::<init> (15 bytes)
Event: 17.835 Thread 0x0000026334d9cc90 nmethod 8840 0x000002631aa4da90 code [0x000002631aa4dc20, 0x000002631aa4dd98]
Event: 17.835 Thread 0x0000026334d9cc90 8841       3       java.util.KeyValueHolder::<init> (21 bytes)
Event: 17.836 Thread 0x0000026334d9cc90 nmethod 8841 0x000002631ac34b90 code [0x000002631ac34d60, 0x000002631ac351b8]
Event: 17.836 Thread 0x0000026330eecc40 nmethod 8839 0x000002631ad53990 code [0x000002631ad53be0, 0x000002631ad54568]
Event: 17.844 Thread 0x0000026330eecc40 8842       3       org.eclipse.jdt.internal.compiler.lookup.PackageBinding::getType0 (18 bytes)
Event: 17.844 Thread 0x0000026334d9cc90 8843       3       org.eclipse.jdt.internal.compiler.lookup.PackageBinding::hasType0Any (28 bytes)
Event: 17.845 Thread 0x0000026330eecc40 nmethod 8842 0x000002631ab39b10 code [0x000002631ab39cc0, 0x000002631ab39e68]
Event: 17.845 Thread 0x0000026330eecc40 8844       3       org.eclipse.jdt.internal.compiler.parser.Parser::resetModifiers (24 bytes)

GC Heap History (20 events):
Event: 17.670 GC heap before
{Heap before GC invocations=66 (full 6):
 PSYoungGen      total 17408K, used 17395K [0x00000000eab00000, 0x00000000ebf00000, 0x0000000100000000)
  eden space 15872K, 100% used [0x00000000eab00000,0x00000000eba80000,0x00000000eba80000)
  from space 1536K, 99% used [0x00000000eba80000,0x00000000ebbfce38,0x00000000ebc00000)
  to   space 2048K, 0% used [0x00000000ebd00000,0x00000000ebd00000,0x00000000ebf00000)
 ParOldGen       total 90112K, used 84760K [0x00000000c0000000, 0x00000000c5800000, 0x00000000eab00000)
  object space 90112K, 94% used [0x00000000c0000000,0x00000000c52c62b0,0x00000000c5800000)
 Metaspace       used 68731K, committed 69952K, reserved 1114112K
  class space    used 7353K, committed 7872K, reserved 1048576K
}
Event: 17.672 GC heap after
{Heap after GC invocations=66 (full 6):
 PSYoungGen      total 17920K, used 2024K [0x00000000eab00000, 0x00000000ec080000, 0x0000000100000000)
  eden space 15872K, 0% used [0x00000000eab00000,0x00000000eab00000,0x00000000eba80000)
  from space 2048K, 98% used [0x00000000ebd00000,0x00000000ebefa038,0x00000000ebf00000)
  to   space 2560K, 0% used [0x00000000eba80000,0x00000000eba80000,0x00000000ebd00000)
 ParOldGen       total 90112K, used 84978K [0x00000000c0000000, 0x00000000c5800000, 0x00000000eab00000)
  object space 90112K, 94% used [0x00000000c0000000,0x00000000c52fcad0,0x00000000c5800000)
 Metaspace       used 68731K, committed 69952K, reserved 1114112K
  class space    used 7353K, committed 7872K, reserved 1048576K
}
Event: 17.697 GC heap before
{Heap before GC invocations=67 (full 6):
 PSYoungGen      total 17920K, used 17896K [0x00000000eab00000, 0x00000000ec080000, 0x0000000100000000)
  eden space 15872K, 100% used [0x00000000eab00000,0x00000000eba80000,0x00000000eba80000)
  from space 2048K, 98% used [0x00000000ebd00000,0x00000000ebefa038,0x00000000ebf00000)
  to   space 2560K, 0% used [0x00000000eba80000,0x00000000eba80000,0x00000000ebd00000)
 ParOldGen       total 90112K, used 84978K [0x00000000c0000000, 0x00000000c5800000, 0x00000000eab00000)
  object space 90112K, 94% used [0x00000000c0000000,0x00000000c52fcad0,0x00000000c5800000)
 Metaspace       used 68752K, committed 69952K, reserved 1114112K
  class space    used 7354K, committed 7872K, reserved 1048576K
}
Event: 17.704 GC heap after
{Heap after GC invocations=67 (full 6):
 PSYoungGen      total 18432K, used 2434K [0x00000000eab00000, 0x00000000ec100000, 0x0000000100000000)
  eden space 15872K, 0% used [0x00000000eab00000,0x00000000eab00000,0x00000000eba80000)
  from space 2560K, 95% used [0x00000000eba80000,0x00000000ebce0a18,0x00000000ebd00000)
  to   space 2560K, 0% used [0x00000000ebe80000,0x00000000ebe80000,0x00000000ec100000)
 ParOldGen       total 90112K, used 85042K [0x00000000c0000000, 0x00000000c5800000, 0x00000000eab00000)
  object space 90112K, 94% used [0x00000000c0000000,0x00000000c530cad0,0x00000000c5800000)
 Metaspace       used 68752K, committed 69952K, reserved 1114112K
  class space    used 7354K, committed 7872K, reserved 1048576K
}
Event: 17.724 GC heap before
{Heap before GC invocations=68 (full 6):
 PSYoungGen      total 18432K, used 18306K [0x00000000eab00000, 0x00000000ec100000, 0x0000000100000000)
  eden space 15872K, 100% used [0x00000000eab00000,0x00000000eba80000,0x00000000eba80000)
  from space 2560K, 95% used [0x00000000eba80000,0x00000000ebce0a18,0x00000000ebd00000)
  to   space 2560K, 0% used [0x00000000ebe80000,0x00000000ebe80000,0x00000000ec100000)
 ParOldGen       total 90112K, used 85042K [0x00000000c0000000, 0x00000000c5800000, 0x00000000eab00000)
  object space 90112K, 94% used [0x00000000c0000000,0x00000000c530cad0,0x00000000c5800000)
 Metaspace       used 68762K, committed 70016K, reserved 1114112K
  class space    used 7356K, committed 7872K, reserved 1048576K
}
Event: 17.726 GC heap after
{Heap after GC invocations=68 (full 6):
 PSYoungGen      total 18432K, used 2547K [0x00000000eab00000, 0x00000000ec100000, 0x0000000100000000)
  eden space 15872K, 0% used [0x00000000eab00000,0x00000000eab00000,0x00000000eba80000)
  from space 2560K, 99% used [0x00000000ebe80000,0x00000000ec0fce38,0x00000000ec100000)
  to   space 2560K, 0% used [0x00000000eba80000,0x00000000eba80000,0x00000000ebd00000)
 ParOldGen       total 90112K, used 85058K [0x00000000c0000000, 0x00000000c5800000, 0x00000000eab00000)
  object space 90112K, 94% used [0x00000000c0000000,0x00000000c5310ad0,0x00000000c5800000)
 Metaspace       used 68762K, committed 70016K, reserved 1114112K
  class space    used 7356K, committed 7872K, reserved 1048576K
}
Event: 17.740 GC heap before
{Heap before GC invocations=69 (full 6):
 PSYoungGen      total 18432K, used 18419K [0x00000000eab00000, 0x00000000ec100000, 0x0000000100000000)
  eden space 15872K, 100% used [0x00000000eab00000,0x00000000eba80000,0x00000000eba80000)
  from space 2560K, 99% used [0x00000000ebe80000,0x00000000ec0fce38,0x00000000ec100000)
  to   space 2560K, 0% used [0x00000000eba80000,0x00000000eba80000,0x00000000ebd00000)
 ParOldGen       total 90112K, used 85058K [0x00000000c0000000, 0x00000000c5800000, 0x00000000eab00000)
  object space 90112K, 94% used [0x00000000c0000000,0x00000000c5310ad0,0x00000000c5800000)
 Metaspace       used 68766K, committed 70016K, reserved 1114112K
  class space    used 7357K, committed 7872K, reserved 1048576K
}
Event: 17.741 GC heap after
{Heap after GC invocations=69 (full 6):
 PSYoungGen      total 18432K, used 2525K [0x00000000eab00000, 0x00000000ec080000, 0x0000000100000000)
  eden space 15872K, 0% used [0x00000000eab00000,0x00000000eab00000,0x00000000eba80000)
  from space 2560K, 98% used [0x00000000eba80000,0x00000000ebcf77b8,0x00000000ebd00000)
  to   space 2560K, 0% used [0x00000000ebe00000,0x00000000ebe00000,0x00000000ec080000)
 ParOldGen       total 90112K, used 85349K [0x00000000c0000000, 0x00000000c5800000, 0x00000000eab00000)
  object space 90112K, 94% used [0x00000000c0000000,0x00000000c5359700,0x00000000c5800000)
 Metaspace       used 68766K, committed 70016K, reserved 1114112K
  class space    used 7357K, committed 7872K, reserved 1048576K
}
Event: 17.755 GC heap before
{Heap before GC invocations=70 (full 6):
 PSYoungGen      total 18432K, used 18397K [0x00000000eab00000, 0x00000000ec080000, 0x0000000100000000)
  eden space 15872K, 100% used [0x00000000eab00000,0x00000000eba80000,0x00000000eba80000)
  from space 2560K, 98% used [0x00000000eba80000,0x00000000ebcf77b8,0x00000000ebd00000)
  to   space 2560K, 0% used [0x00000000ebe00000,0x00000000ebe00000,0x00000000ec080000)
 ParOldGen       total 90112K, used 85349K [0x00000000c0000000, 0x00000000c5800000, 0x00000000eab00000)
  object space 90112K, 94% used [0x00000000c0000000,0x00000000c5359700,0x00000000c5800000)
 Metaspace       used 68801K, committed 70016K, reserved 1114112K
  class space    used 7360K, committed 7872K, reserved 1048576K
}
Event: 17.756 GC heap after
{Heap after GC invocations=70 (full 6):
 PSYoungGen      total 18432K, used 2537K [0x00000000eab00000, 0x00000000ec080000, 0x0000000100000000)
  eden space 15872K, 0% used [0x00000000eab00000,0x00000000eab00000,0x00000000eba80000)
  from space 2560K, 99% used [0x00000000ebe00000,0x00000000ec07a4d8,0x00000000ec080000)
  to   space 2560K, 0% used [0x00000000eba80000,0x00000000eba80000,0x00000000ebd00000)
 ParOldGen       total 90112K, used 85509K [0x00000000c0000000, 0x00000000c5800000, 0x00000000eab00000)
  object space 90112K, 94% used [0x00000000c0000000,0x00000000c5381700,0x00000000c5800000)
 Metaspace       used 68801K, committed 70016K, reserved 1114112K
  class space    used 7360K, committed 7872K, reserved 1048576K
}
Event: 17.766 GC heap before
{Heap before GC invocations=71 (full 6):
 PSYoungGen      total 18432K, used 18409K [0x00000000eab00000, 0x00000000ec080000, 0x0000000100000000)
  eden space 15872K, 100% used [0x00000000eab00000,0x00000000eba80000,0x00000000eba80000)
  from space 2560K, 99% used [0x00000000ebe00000,0x00000000ec07a4d8,0x00000000ec080000)
  to   space 2560K, 0% used [0x00000000eba80000,0x00000000eba80000,0x00000000ebd00000)
 ParOldGen       total 90112K, used 85509K [0x00000000c0000000, 0x00000000c5800000, 0x00000000eab00000)
  object space 90112K, 94% used [0x00000000c0000000,0x00000000c5381700,0x00000000c5800000)
 Metaspace       used 68811K, committed 70016K, reserved 1114112K
  class space    used 7360K, committed 7872K, reserved 1048576K
}
Event: 17.767 GC heap after
{Heap after GC invocations=71 (full 6):
 PSYoungGen      total 18432K, used 2537K [0x00000000eab00000, 0x00000000ec080000, 0x0000000100000000)
  eden space 15872K, 0% used [0x00000000eab00000,0x00000000eab00000,0x00000000eba80000)
  from space 2560K, 99% used [0x00000000eba80000,0x00000000ebcfa4d8,0x00000000ebd00000)
  to   space 2560K, 0% used [0x00000000ebe00000,0x00000000ebe00000,0x00000000ec080000)
 ParOldGen       total 90112K, used 85802K [0x00000000c0000000, 0x00000000c5800000, 0x00000000eab00000)
  object space 90112K, 95% used [0x00000000c0000000,0x00000000c53ca9e0,0x00000000c5800000)
 Metaspace       used 68811K, committed 70016K, reserved 1114112K
  class space    used 7360K, committed 7872K, reserved 1048576K
}
Event: 17.782 GC heap before
{Heap before GC invocations=72 (full 6):
 PSYoungGen      total 18432K, used 18409K [0x00000000eab00000, 0x00000000ec080000, 0x0000000100000000)
  eden space 15872K, 100% used [0x00000000eab00000,0x00000000eba80000,0x00000000eba80000)
  from space 2560K, 99% used [0x00000000eba80000,0x00000000ebcfa4d8,0x00000000ebd00000)
  to   space 2560K, 0% used [0x00000000ebe00000,0x00000000ebe00000,0x00000000ec080000)
 ParOldGen       total 90112K, used 85802K [0x00000000c0000000, 0x00000000c5800000, 0x00000000eab00000)
  object space 90112K, 95% used [0x00000000c0000000,0x00000000c53ca9e0,0x00000000c5800000)
 Metaspace       used 68817K, committed 70016K, reserved 1114112K
  class space    used 7362K, committed 7872K, reserved 1048576K
}
Event: 17.783 GC heap after
{Heap after GC invocations=72 (full 6):
 PSYoungGen      total 19456K, used 2249K [0x00000000eab00000, 0x00000000ec080000, 0x0000000100000000)
  eden space 16896K, 0% used [0x00000000eab00000,0x00000000eab00000,0x00000000ebb80000)
  from space 2560K, 87% used [0x00000000ebe00000,0x00000000ec032400,0x00000000ec080000)
  to   space 2560K, 0% used [0x00000000ebb80000,0x00000000ebb80000,0x00000000ebe00000)
 ParOldGen       total 90112K, used 86249K [0x00000000c0000000, 0x00000000c5800000, 0x00000000eab00000)
  object space 90112K, 95% used [0x00000000c0000000,0x00000000c543a688,0x00000000c5800000)
 Metaspace       used 68817K, committed 70016K, reserved 1114112K
  class space    used 7362K, committed 7872K, reserved 1048576K
}
Event: 17.796 GC heap before
{Heap before GC invocations=73 (full 6):
 PSYoungGen      total 19456K, used 19145K [0x00000000eab00000, 0x00000000ec080000, 0x0000000100000000)
  eden space 16896K, 100% used [0x00000000eab00000,0x00000000ebb80000,0x00000000ebb80000)
  from space 2560K, 87% used [0x00000000ebe00000,0x00000000ec032400,0x00000000ec080000)
  to   space 2560K, 0% used [0x00000000ebb80000,0x00000000ebb80000,0x00000000ebe00000)
 ParOldGen       total 90112K, used 86249K [0x00000000c0000000, 0x00000000c5800000, 0x00000000eab00000)
  object space 90112K, 95% used [0x00000000c0000000,0x00000000c543a688,0x00000000c5800000)
 Metaspace       used 68826K, committed 70016K, reserved 1114112K
  class space    used 7363K, committed 7872K, reserved 1048576K
}
Event: 17.797 GC heap after
{Heap after GC invocations=73 (full 6):
 PSYoungGen      total 19456K, used 2377K [0x00000000eab00000, 0x00000000ec080000, 0x0000000100000000)
  eden space 16896K, 0% used [0x00000000eab00000,0x00000000eab00000,0x00000000ebb80000)
  from space 2560K, 92% used [0x00000000ebb80000,0x00000000ebdd2400,0x00000000ebe00000)
  to   space 2560K, 0% used [0x00000000ebe00000,0x00000000ebe00000,0x00000000ec080000)
 ParOldGen       total 90112K, used 86249K [0x00000000c0000000, 0x00000000c5800000, 0x00000000eab00000)
  object space 90112K, 95% used [0x00000000c0000000,0x00000000c543a688,0x00000000c5800000)
 Metaspace       used 68826K, committed 70016K, reserved 1114112K
  class space    used 7363K, committed 7872K, reserved 1048576K
}
Event: 17.817 GC heap before
{Heap before GC invocations=74 (full 6):
 PSYoungGen      total 19456K, used 19273K [0x00000000eab00000, 0x00000000ec080000, 0x0000000100000000)
  eden space 16896K, 100% used [0x00000000eab00000,0x00000000ebb80000,0x00000000ebb80000)
  from space 2560K, 92% used [0x00000000ebb80000,0x00000000ebdd2400,0x00000000ebe00000)
  to   space 2560K, 0% used [0x00000000ebe00000,0x00000000ebe00000,0x00000000ec080000)
 ParOldGen       total 90112K, used 86249K [0x00000000c0000000, 0x00000000c5800000, 0x00000000eab00000)
  object space 90112K, 95% used [0x00000000c0000000,0x00000000c543a688,0x00000000c5800000)
 Metaspace       used 68839K, committed 70080K, reserved 1114112K
  class space    used 7364K, committed 7872K, reserved 1048576K
}
Event: 17.819 GC heap after
{Heap after GC invocations=74 (full 6):
 PSYoungGen      total 19456K, used 2537K [0x00000000eab00000, 0x00000000ec080000, 0x0000000100000000)
  eden space 16896K, 0% used [0x00000000eab00000,0x00000000eab00000,0x00000000ebb80000)
  from space 2560K, 99% used [0x00000000ebe00000,0x00000000ec07a400,0x00000000ec080000)
  to   space 2560K, 0% used [0x00000000ebb80000,0x00000000ebb80000,0x00000000ebe00000)
 ParOldGen       total 90112K, used 86281K [0x00000000c0000000, 0x00000000c5800000, 0x00000000eab00000)
  object space 90112K, 95% used [0x00000000c0000000,0x00000000c5442688,0x00000000c5800000)
 Metaspace       used 68839K, committed 70080K, reserved 1114112K
  class space    used 7364K, committed 7872K, reserved 1048576K
}
Event: 17.831 GC heap before
{Heap before GC invocations=75 (full 6):
 PSYoungGen      total 19456K, used 19433K [0x00000000eab00000, 0x00000000ec080000, 0x0000000100000000)
  eden space 16896K, 100% used [0x00000000eab00000,0x00000000ebb80000,0x00000000ebb80000)
  from space 2560K, 99% used [0x00000000ebe00000,0x00000000ec07a400,0x00000000ec080000)
  to   space 2560K, 0% used [0x00000000ebb80000,0x00000000ebb80000,0x00000000ebe00000)
 ParOldGen       total 90112K, used 86281K [0x00000000c0000000, 0x00000000c5800000, 0x00000000eab00000)
  object space 90112K, 95% used [0x00000000c0000000,0x00000000c5442688,0x00000000c5800000)
 Metaspace       used 68870K, committed 70144K, reserved 1114112K
  class space    used 7366K, committed 7936K, reserved 1048576K
}
Event: 17.832 GC heap after
{Heap after GC invocations=75 (full 6):
 PSYoungGen      total 19456K, used 2528K [0x00000000eab00000, 0x00000000ec080000, 0x0000000100000000)
  eden space 16896K, 0% used [0x00000000eab00000,0x00000000eab00000,0x00000000ebb80000)
  from space 2560K, 98% used [0x00000000ebb80000,0x00000000ebdf8000,0x00000000ebe00000)
  to   space 2560K, 0% used [0x00000000ebe00000,0x00000000ebe00000,0x00000000ec080000)
 ParOldGen       total 90112K, used 86538K [0x00000000c0000000, 0x00000000c5800000, 0x00000000eab00000)
  object space 90112K, 96% used [0x00000000c0000000,0x00000000c5482a88,0x00000000c5800000)
 Metaspace       used 68870K, committed 70144K, reserved 1114112K
  class space    used 7366K, committed 7936K, reserved 1048576K
}

Dll operation events (12 events):
Event: 0.013 Loaded shared library c:\Users\aDMINISTRATOR\.vscode\extensions\redhat.java-1.30.0-win32-x64\jre\17.0.10-win32-x86_64\bin\java.dll
Event: 0.147 Loaded shared library c:\Users\aDMINISTRATOR\.vscode\extensions\redhat.java-1.30.0-win32-x64\jre\17.0.10-win32-x86_64\bin\zip.dll
Event: 0.161 Loaded shared library C:\Users\aDMINISTRATOR\.vscode\extensions\redhat.java-1.30.0-win32-x64\jre\17.0.10-win32-x86_64\bin\instrument.dll
Event: 0.195 Loaded shared library C:\Users\aDMINISTRATOR\.vscode\extensions\redhat.java-1.30.0-win32-x64\jre\17.0.10-win32-x86_64\bin\net.dll
Event: 0.201 Loaded shared library C:\Users\aDMINISTRATOR\.vscode\extensions\redhat.java-1.30.0-win32-x64\jre\17.0.10-win32-x86_64\bin\nio.dll
Event: 0.213 Loaded shared library C:\Users\aDMINISTRATOR\.vscode\extensions\redhat.java-1.30.0-win32-x64\jre\17.0.10-win32-x86_64\bin\zip.dll
Event: 0.234 Loaded shared library C:\Users\aDMINISTRATOR\.vscode\extensions\redhat.java-1.30.0-win32-x64\jre\17.0.10-win32-x86_64\bin\jimage.dll
Event: 0.411 Loaded shared library c:\Users\aDMINISTRATOR\.vscode\extensions\redhat.java-1.30.0-win32-x64\jre\17.0.10-win32-x86_64\bin\verify.dll
Event: 1.642 Loaded shared library C:\Users\aDMINISTRATOR\AppData\Roaming\Code\User\globalStorage\redhat.java\1.30.0\config_win\org.eclipse.equinox.launcher\org.eclipse.equinox.launcher.win32.win32.x86_64_1.2.900.v20240213-1244\eclipse_11900.dll
Event: 4.512 Loaded shared library C:\Users\aDMINISTRATOR\AppData\Local\Temp\jna--1830954323\jna7114265922835752791.dll
Event: 5.777 Loaded shared library C:\Users\aDMINISTRATOR\.vscode\extensions\redhat.java-1.30.0-win32-x64\jre\17.0.10-win32-x86_64\bin\sunmscapi.dll
Event: 6.136 Loaded shared library C:\Users\aDMINISTRATOR\.vscode\extensions\redhat.java-1.30.0-win32-x64\jre\17.0.10-win32-x86_64\bin\extnet.dll

Deoptimization events (20 events):
Event: 17.575 Thread 0x000002633425b280 DEOPT PACKING pc=0x0000026321dc64bc sp=0x0000009941dfe210
Event: 17.575 Thread 0x000002633425b280 DEOPT UNPACKING pc=0x00000263216866a3 sp=0x0000009941dfe1d0 mode 2
Event: 17.608 Thread 0x000002633425b280 DEOPT PACKING pc=0x000002631afe6222 sp=0x0000009941dfdee0
Event: 17.608 Thread 0x000002633425b280 DEOPT UNPACKING pc=0x0000026321686e43 sp=0x0000009941dfd400 mode 0
Event: 17.684 Thread 0x000002633425b280 Uncommon trap: trap_request=0xffffff45 fr.pc=0x000002632215a464 relative=0x0000000000000d04
Event: 17.684 Thread 0x000002633425b280 Uncommon trap: reason=unstable_if action=reinterpret pc=0x000002632215a464 method=org.eclipse.jdt.internal.core.util.MementoTokenizer.escape(Ljava/lang/StringBuilder;Ljava/lang/String;)V @ 19 c2
Event: 17.684 Thread 0x000002633425b280 DEOPT PACKING pc=0x000002632215a464 sp=0x0000009941dfda40
Event: 17.684 Thread 0x000002633425b280 DEOPT UNPACKING pc=0x00000263216866a3 sp=0x0000009941dfda28 mode 2
Event: 17.746 Thread 0x0000026333830980 DEOPT PACKING pc=0x000002631b0cfb7c sp=0x00000099417fc010
Event: 17.746 Thread 0x0000026333830980 DEOPT UNPACKING pc=0x0000026321686e43 sp=0x00000099417fb530 mode 0
Event: 17.765 Thread 0x0000026333830980 Uncommon trap: trap_request=0xffffff45 fr.pc=0x0000026321df2f44 relative=0x0000000000001d24
Event: 17.765 Thread 0x0000026333830980 Uncommon trap: reason=unstable_if action=reinterpret pc=0x0000026321df2f44 method=jdk.internal.jimage.ImageLocation.verifyName(Ljava/lang/String;Ljava/lang/String;IIIIIILjdk/internal/jimage/ImageStrings;)Z @ 27 c2
Event: 17.765 Thread 0x0000026333830980 DEOPT PACKING pc=0x0000026321df2f44 sp=0x00000099417f8660
Event: 17.765 Thread 0x0000026333830980 DEOPT UNPACKING pc=0x00000263216866a3 sp=0x00000099417f8558 mode 2
Event: 17.788 Thread 0x0000026333830980 Uncommon trap: trap_request=0xffffff45 fr.pc=0x00000263221a9460 relative=0x0000000000000140
Event: 17.788 Thread 0x0000026333830980 Uncommon trap: reason=unstable_if action=reinterpret pc=0x00000263221a9460 method=java.util.regex.Pattern$Branch.match(Ljava/util/regex/Matcher;ILjava/lang/CharSequence;)Z @ 35 c2
Event: 17.788 Thread 0x0000026333830980 DEOPT PACKING pc=0x00000263221a9460 sp=0x00000099417fccc0
Event: 17.788 Thread 0x0000026333830980 DEOPT UNPACKING pc=0x00000263216866a3 sp=0x00000099417fcc58 mode 2
Event: 17.844 Thread 0x0000026333830980 DEOPT PACKING pc=0x000002631abc0aec sp=0x00000099417fd3d0
Event: 17.844 Thread 0x0000026333830980 DEOPT UNPACKING pc=0x0000026321686e43 sp=0x00000099417fc980 mode 0

Classes unloaded (7 events):
Event: 4.256 Thread 0x000002632bb4ed40 Unloading class 0x0000000100252400 'java/lang/invoke/LambdaForm$MH+0x0000000100252400'
Event: 4.256 Thread 0x000002632bb4ed40 Unloading class 0x0000000100252000 'java/lang/invoke/LambdaForm$MH+0x0000000100252000'
Event: 4.256 Thread 0x000002632bb4ed40 Unloading class 0x0000000100251c00 'java/lang/invoke/LambdaForm$MH+0x0000000100251c00'
Event: 4.256 Thread 0x000002632bb4ed40 Unloading class 0x0000000100251800 'java/lang/invoke/LambdaForm$MH+0x0000000100251800'
Event: 4.256 Thread 0x000002632bb4ed40 Unloading class 0x0000000100251400 'java/lang/invoke/LambdaForm$BMH+0x0000000100251400'
Event: 4.256 Thread 0x000002632bb4ed40 Unloading class 0x0000000100251000 'java/lang/invoke/LambdaForm$DMH+0x0000000100251000'
Event: 4.256 Thread 0x000002632bb4ed40 Unloading class 0x000000010024c400 'java/lang/invoke/LambdaForm$DMH+0x000000010024c400'

Classes redefined (0 events):
No events

Internal exceptions (20 events):
Event: 16.626 Thread 0x0000026333830980 Exception <a 'sun/nio/fs/WindowsException'{0x00000000eb1e7210}> (0x00000000eb1e7210) 
thrown [s\src\hotspot\share\prims\jni.cpp, line 516]
Event: 16.638 Thread 0x0000026333830980 Exception <a 'sun/nio/fs/WindowsException'{0x00000000eb1e7d60}> (0x00000000eb1e7d60) 
thrown [s\src\hotspot\share\prims\jni.cpp, line 516]
Event: 16.642 Thread 0x0000026333830980 Exception <a 'sun/nio/fs/WindowsException'{0x00000000eb1e8a48}> (0x00000000eb1e8a48) 
thrown [s\src\hotspot\share\prims\jni.cpp, line 516]
Event: 16.658 Thread 0x0000026333830980 Exception <a 'sun/nio/fs/WindowsException'{0x00000000eb1e9ba0}> (0x00000000eb1e9ba0) 
thrown [s\src\hotspot\share\prims\jni.cpp, line 516]
Event: 16.690 Thread 0x0000026333830980 Exception <a 'sun/nio/fs/WindowsException'{0x00000000eaebdcc0}> (0x00000000eaebdcc0) 
thrown [s\src\hotspot\share\prims\jni.cpp, line 516]
Event: 16.732 Thread 0x0000026333830980 Exception <a 'sun/nio/fs/WindowsException'{0x00000000eaec1100}> (0x00000000eaec1100) 
thrown [s\src\hotspot\share\prims\jni.cpp, line 516]
Event: 16.759 Thread 0x0000026333830980 Exception <a 'sun/nio/fs/WindowsException'{0x00000000eaec3e88}> (0x00000000eaec3e88) 
thrown [s\src\hotspot\share\prims\jni.cpp, line 516]
Event: 16.816 Thread 0x0000026333830980 Exception <a 'sun/nio/fs/WindowsException'{0x00000000eab00440}> (0x00000000eab00440) 
thrown [s\src\hotspot\share\prims\jni.cpp, line 516]
Event: 16.847 Thread 0x0000026333830980 Exception <a 'sun/nio/fs/WindowsException'{0x00000000eab01a30}> (0x00000000eab01a30) 
thrown [s\src\hotspot\share\prims\jni.cpp, line 516]
Event: 16.865 Thread 0x0000026333830980 Exception <a 'sun/nio/fs/WindowsException'{0x00000000eab00ec8}> (0x00000000eab00ec8) 
thrown [s\src\hotspot\share\prims\jni.cpp, line 516]
Event: 16.875 Thread 0x0000026333830980 Exception <a 'sun/nio/fs/WindowsException'{0x00000000eb1e35a8}> (0x00000000eb1e35a8) 
thrown [s\src\hotspot\share\prims\jni.cpp, line 516]
Event: 16.894 Thread 0x0000026333830980 Exception <a 'sun/nio/fs/WindowsException'{0x00000000eb07f7d8}> (0x00000000eb07f7d8) 
thrown [s\src\hotspot\share\prims\jni.cpp, line 516]
Event: 16.961 Thread 0x0000026334c1cec0 Exception <a 'java/lang/NoSuchMethodError'{0x00000000eabc29b8}: 'java.lang.Object java.lang.invoke.DirectMethodHandle$Holder.invokeSpecial(java.lang.Object, java.lang.Object, int, long)'> (0x00000000eabc29b8) 
thrown [s\src\hotspot\share\interpreter\linkResolver.cpp, line 759]
Event: 16.967 Thread 0x0000026333830980 Exception <a 'sun/nio/fs/WindowsException'{0x00000000eabf06f8}> (0x00000000eabf06f8) 
thrown [s\src\hotspot\share\prims\jni.cpp, line 516]
Event: 16.983 Thread 0x0000026333830980 Exception <a 'sun/nio/fs/WindowsException'{0x00000000eae8b4f8}> (0x00000000eae8b4f8) 
thrown [s\src\hotspot\share\prims\jni.cpp, line 516]
Event: 16.987 Thread 0x0000026334257fe0 Exception <a 'java/lang/ArrayIndexOutOfBoundsException'{0x00000000eaf597c8}: Index 713 out of bounds for length 712> (0x00000000eaf597c8) 
thrown [s\src\hotspot\share\interpreter\interpreterRuntime.cpp, line 428]
Event: 16.996 Thread 0x0000026333830980 Exception <a 'sun/nio/fs/WindowsException'{0x00000000eb096f28}> (0x00000000eb096f28) 
thrown [s\src\hotspot\share\prims\jni.cpp, line 516]
Event: 17.008 Thread 0x0000026333830980 Exception <a 'sun/nio/fs/WindowsException'{0x00000000eb1da410}> (0x00000000eb1da410) 
thrown [s\src\hotspot\share\prims\jni.cpp, line 516]
Event: 17.067 Thread 0x0000026333830980 Exception <a 'sun/nio/fs/WindowsException'{0x00000000eab00738}> (0x00000000eab00738) 
thrown [s\src\hotspot\share\prims\jni.cpp, line 516]
Event: 17.625 Thread 0x000002633425b280 Exception <a 'java/lang/IncompatibleClassChangeError'{0x00000000eb58af38}: Found class java.lang.Object, but interface was expected> (0x00000000eb58af38) 
thrown [s\src\hotspot\share\interpreter\linkResolver.cpp, line 826]

VM Operations (20 events):
Event: 17.724 Executing VM operation: ParallelGCFailedAllocation
Event: 17.726 Executing VM operation: ParallelGCFailedAllocation done
Event: 17.740 Executing VM operation: ParallelGCFailedAllocation
Event: 17.741 Executing VM operation: ParallelGCFailedAllocation done
Event: 17.746 Executing VM operation: HandshakeAllThreads
Event: 17.746 Executing VM operation: HandshakeAllThreads done
Event: 17.748 Executing VM operation: HandshakeAllThreads
Event: 17.748 Executing VM operation: HandshakeAllThreads done
Event: 17.755 Executing VM operation: ParallelGCFailedAllocation
Event: 17.756 Executing VM operation: ParallelGCFailedAllocation done
Event: 17.766 Executing VM operation: ParallelGCFailedAllocation
Event: 17.767 Executing VM operation: ParallelGCFailedAllocation done
Event: 17.782 Executing VM operation: ParallelGCFailedAllocation
Event: 17.783 Executing VM operation: ParallelGCFailedAllocation done
Event: 17.796 Executing VM operation: ParallelGCFailedAllocation
Event: 17.797 Executing VM operation: ParallelGCFailedAllocation done
Event: 17.817 Executing VM operation: ParallelGCFailedAllocation
Event: 17.819 Executing VM operation: ParallelGCFailedAllocation done
Event: 17.831 Executing VM operation: ParallelGCFailedAllocation
Event: 17.832 Executing VM operation: ParallelGCFailedAllocation done

Events (20 events):
Event: 17.160 loading class java/util/stream/ReduceOps$4 done
Event: 17.162 loading class java/util/stream/ReduceOps$4ReducingSink
Event: 17.162 loading class java/util/stream/ReduceOps$4ReducingSink done
Event: 17.255 Thread 0x00000263357be520 Thread exited: 0x00000263357be520
Event: 17.255 Thread 0x000002633425ad70 Thread exited: 0x000002633425ad70
Event: 17.263 Thread 0x0000026334258f10 Thread exited: 0x0000026334258f10
Event: 17.267 Thread 0x0000026334256180 Thread exited: 0x0000026334256180
Event: 17.270 Thread 0x00000263357bfe70 Thread exited: 0x00000263357bfe70
Event: 17.348 Thread 0x000002633425c1b0 Thread exited: 0x000002633425c1b0
Event: 17.348 Thread 0x0000026334255c70 Thread exited: 0x0000026334255c70
Event: 17.349 Thread 0x0000026334255250 Thread exited: 0x0000026334255250
Event: 17.349 Thread 0x0000026334256690 Thread exited: 0x0000026334256690
Event: 17.356 Thread 0x0000026334254830 Thread exited: 0x0000026334254830
Event: 17.356 Thread 0x00000263357c0da0 Thread exited: 0x00000263357c0da0
Event: 17.356 Thread 0x00000263342570b0 Thread exited: 0x00000263342570b0
Event: 17.356 Thread 0x000002633425a860 Thread exited: 0x000002633425a860
Event: 17.356 Thread 0x0000026334256ba0 Thread exited: 0x0000026334256ba0
Event: 17.497 Thread 0x00000263357bea30 Thread exited: 0x00000263357bea30
Event: 17.743 loading class java/util/regex/Pattern$LazyLoop
Event: 17.744 loading class java/util/regex/Pattern$LazyLoop done


Dynamic libraries:
0x00007ff7ac2e0000 - 0x00007ff7ac2ee000 	c:\Users\aDMINISTRATOR\.vscode\extensions\redhat.java-1.30.0-win32-x64\jre\17.0.10-win32-x86_64\bin\java.exe
0x00007fff7f6f0000 - 0x00007fff7f8e8000 	C:\Windows\SYSTEM32\ntdll.dll
0x00007fff7edc0000 - 0x00007fff7ee7d000 	C:\Windows\System32\KERNEL32.DLL
0x00007fff7cdd0000 - 0x00007fff7d0c6000 	C:\Windows\System32\KERNELBASE.dll
0x00007fff7d570000 - 0x00007fff7d670000 	C:\Windows\System32\ucrtbase.dll
0x00007fff611a0000 - 0x00007fff611bb000 	c:\Users\aDMINISTRATOR\.vscode\extensions\redhat.java-1.30.0-win32-x64\jre\17.0.10-win32-x86_64\bin\VCRUNTIME140.dll
0x00007fff611f0000 - 0x00007fff61207000 	c:\Users\aDMINISTRATOR\.vscode\extensions\redhat.java-1.30.0-win32-x64\jre\17.0.10-win32-x86_64\bin\jli.dll
0x00007fff7e950000 - 0x00007fff7eaee000 	C:\Windows\System32\USER32.dll
0x00007fff7cda0000 - 0x00007fff7cdc2000 	C:\Windows\System32\win32u.dll
0x00007fff68dc0000 - 0x00007fff6905a000 	C:\Windows\WinSxS\amd64_microsoft.windows.common-controls_6595b64144ccf1df_6.0.19041.3636_none_60b6a03d71f818d5\COMCTL32.dll
0x00007fff7da00000 - 0x00007fff7da2b000 	C:\Windows\System32\GDI32.dll
0x00007fff7f610000 - 0x00007fff7f6ae000 	C:\Windows\System32\msvcrt.dll
0x00007fff7d260000 - 0x00007fff7d377000 	C:\Windows\System32\gdi32full.dll
0x00007fff7d0d0000 - 0x00007fff7d16d000 	C:\Windows\System32\msvcp_win.dll
0x00007fff7d950000 - 0x00007fff7d982000 	C:\Windows\System32\IMM32.DLL
0x00007fff61be0000 - 0x00007fff61bec000 	c:\Users\aDMINISTRATOR\.vscode\extensions\redhat.java-1.30.0-win32-x64\jre\17.0.10-win32-x86_64\bin\vcruntime140_1.dll
0x00007fff38ac0000 - 0x00007fff38b4d000 	c:\Users\aDMINISTRATOR\.vscode\extensions\redhat.java-1.30.0-win32-x64\jre\17.0.10-win32-x86_64\bin\msvcp140.dll
0x00007fff21320000 - 0x00007fff21f82000 	c:\Users\aDMINISTRATOR\.vscode\extensions\redhat.java-1.30.0-win32-x64\jre\17.0.10-win32-x86_64\bin\server\jvm.dll
0x00007fff7df90000 - 0x00007fff7e040000 	C:\Windows\System32\ADVAPI32.dll
0x00007fff7d8b0000 - 0x00007fff7d950000 	C:\Windows\System32\sechost.dll
0x00007fff7d780000 - 0x00007fff7d8a5000 	C:\Windows\System32\RPCRT4.dll
0x00007fff7d230000 - 0x00007fff7d257000 	C:\Windows\System32\bcrypt.dll
0x00007fff7cc00000 - 0x00007fff7cc4b000 	C:\Windows\SYSTEM32\POWRPROF.dll
0x00007fff720f0000 - 0x00007fff72117000 	C:\Windows\SYSTEM32\WINMM.dll
0x00007fff720e0000 - 0x00007fff720e9000 	C:\Windows\SYSTEM32\WSOCK32.dll
0x00007fff73970000 - 0x00007fff7397a000 	C:\Windows\SYSTEM32\VERSION.dll
0x00007fff7e1f0000 - 0x00007fff7e25b000 	C:\Windows\System32\WS2_32.dll
0x00007fff7cbe0000 - 0x00007fff7cbf2000 	C:\Windows\SYSTEM32\UMPDC.dll
0x00007fff7aa90000 - 0x00007fff7aaa2000 	C:\Windows\SYSTEM32\kernel.appcore.dll
0x00007fff619d0000 - 0x00007fff619da000 	c:\Users\aDMINISTRATOR\.vscode\extensions\redhat.java-1.30.0-win32-x64\jre\17.0.10-win32-x86_64\bin\jimage.dll
0x00007fff72170000 - 0x00007fff72354000 	C:\Windows\SYSTEM32\DBGHELP.DLL
0x00007fff71a80000 - 0x00007fff71ab4000 	C:\Windows\SYSTEM32\dbgcore.DLL
0x00007fff7d4e0000 - 0x00007fff7d562000 	C:\Windows\System32\bcryptPrimitives.dll
0x00007fff61920000 - 0x00007fff6192e000 	c:\Users\aDMINISTRATOR\.vscode\extensions\redhat.java-1.30.0-win32-x64\jre\17.0.10-win32-x86_64\bin\instrument.dll
0x00007fff3f550000 - 0x00007fff3f575000 	c:\Users\aDMINISTRATOR\.vscode\extensions\redhat.java-1.30.0-win32-x64\jre\17.0.10-win32-x86_64\bin\java.dll
0x00007fff60ed0000 - 0x00007fff60ee8000 	c:\Users\aDMINISTRATOR\.vscode\extensions\redhat.java-1.30.0-win32-x64\jre\17.0.10-win32-x86_64\bin\zip.dll
0x00007fff7ee80000 - 0x00007fff7f5eb000 	C:\Windows\System32\SHELL32.dll
0x00007fff7ac90000 - 0x00007fff7b42e000 	C:\Windows\SYSTEM32\windows.storage.dll
0x00007fff7da90000 - 0x00007fff7dde3000 	C:\Windows\System32\combase.dll
0x00007fff7c700000 - 0x00007fff7c72e000 	C:\Windows\SYSTEM32\Wldp.dll
0x00007fff7ecf0000 - 0x00007fff7edbd000 	C:\Windows\System32\OLEAUT32.dll
0x00007fff7ded0000 - 0x00007fff7df7d000 	C:\Windows\System32\SHCORE.dll
0x00007fff7eb70000 - 0x00007fff7ebc5000 	C:\Windows\System32\shlwapi.dll
0x00007fff7ccd0000 - 0x00007fff7ccf5000 	C:\Windows\SYSTEM32\profapi.dll
0x00007fff50b40000 - 0x00007fff50b59000 	C:\Users\aDMINISTRATOR\.vscode\extensions\redhat.java-1.30.0-win32-x64\jre\17.0.10-win32-x86_64\bin\net.dll
0x00007fff757d0000 - 0x00007fff758da000 	C:\Windows\SYSTEM32\WINHTTP.dll
0x00007fff7c460000 - 0x00007fff7c4ca000 	C:\Windows\system32\mswsock.dll
0x00007fff4fc20000 - 0x00007fff4fc36000 	C:\Users\aDMINISTRATOR\.vscode\extensions\redhat.java-1.30.0-win32-x64\jre\17.0.10-win32-x86_64\bin\nio.dll
0x00007fff61340000 - 0x00007fff61350000 	c:\Users\aDMINISTRATOR\.vscode\extensions\redhat.java-1.30.0-win32-x64\jre\17.0.10-win32-x86_64\bin\verify.dll
0x00007fff3e4d0000 - 0x00007fff3e50e000 	C:\Users\aDMINISTRATOR\AppData\Roaming\Code\User\globalStorage\redhat.java\1.30.0\config_win\org.eclipse.equinox.launcher\org.eclipse.equinox.launcher.win32.win32.x86_64_1.2.900.v20240213-1244\eclipse_11900.dll
0x00007fff7e260000 - 0x00007fff7e38b000 	C:\Windows\System32\ole32.dll
0x00007fff7c660000 - 0x00007fff7c678000 	C:\Windows\SYSTEM32\CRYPTSP.dll
0x00007fff7bd90000 - 0x00007fff7bdc4000 	C:\Windows\system32\rsaenh.dll
0x00007fff7cc90000 - 0x00007fff7ccbe000 	C:\Windows\SYSTEM32\USERENV.dll
0x00007fff7c650000 - 0x00007fff7c65c000 	C:\Windows\SYSTEM32\CRYPTBASE.dll
0x00007fff7c150000 - 0x00007fff7c18b000 	C:\Windows\SYSTEM32\IPHLPAPI.DLL
0x00007fff7e420000 - 0x00007fff7e428000 	C:\Windows\System32\NSI.dll
0x00007fff77fe0000 - 0x00007fff77ff7000 	C:\Windows\SYSTEM32\dhcpcsvc6.DLL
0x00007fff77f90000 - 0x00007fff77fad000 	C:\Windows\SYSTEM32\dhcpcsvc.DLL
0x00007fff7c190000 - 0x00007fff7c25b000 	C:\Windows\SYSTEM32\DNSAPI.dll
0x00007fff3bd60000 - 0x00007fff3bda5000 	C:\Users\aDMINISTRATOR\AppData\Local\Temp\jna--1830954323\jna7114265922835752791.dll
0x00007fff7d990000 - 0x00007fff7d998000 	C:\Windows\System32\PSAPI.DLL
0x00007fff61310000 - 0x00007fff6131e000 	C:\Users\aDMINISTRATOR\.vscode\extensions\redhat.java-1.30.0-win32-x64\jre\17.0.10-win32-x86_64\bin\sunmscapi.dll
0x00007fff7d380000 - 0x00007fff7d4dd000 	C:\Windows\System32\CRYPT32.dll
0x00007fff7c770000 - 0x00007fff7c798000 	C:\Windows\SYSTEM32\ncrypt.dll
0x00007fff7c730000 - 0x00007fff7c76b000 	C:\Windows\SYSTEM32\NTASN1.dll
0x00007fff76d20000 - 0x00007fff76d2a000 	C:\Windows\System32\rasadhlp.dll
0x00007fff77f10000 - 0x00007fff77f90000 	C:\Windows\System32\fwpuclnt.dll
0x00007fff61300000 - 0x00007fff61309000 	C:\Users\aDMINISTRATOR\.vscode\extensions\redhat.java-1.30.0-win32-x64\jre\17.0.10-win32-x86_64\bin\extnet.dll

dbghelp: loaded successfully - version: 4.0.5 - missing functions: none
symbol engine: initialized successfully - sym options: 0x614 - pdb path: .;c:\Users\aDMINISTRATOR\.vscode\extensions\redhat.java-1.30.0-win32-x64\jre\17.0.10-win32-x86_64\bin;C:\Windows\SYSTEM32;C:\Windows\WinSxS\amd64_microsoft.windows.common-controls_6595b64144ccf1df_6.0.19041.3636_none_60b6a03d71f818d5;c:\Users\aDMINISTRATOR\.vscode\extensions\redhat.java-1.30.0-win32-x64\jre\17.0.10-win32-x86_64\bin\server;C:\Users\aDMINISTRATOR\AppData\Roaming\Code\User\globalStorage\redhat.java\1.30.0\config_win\org.eclipse.equinox.launcher\org.eclipse.equinox.launcher.win32.win32.x86_64_1.2.900.v20240213-1244;C:\Users\aDMINISTRATOR\AppData\Local\Temp\jna--1830954323

VM Arguments:
jvm_args: --add-modules=ALL-SYSTEM --add-opens=java.base/java.util=ALL-UNNAMED --add-opens=java.base/java.lang=ALL-UNNAMED --add-opens=java.base/sun.nio.fs=ALL-UNNAMED -Declipse.application=org.eclipse.jdt.ls.core.id1 -Dosgi.bundles.defaultStartLevel=4 -Declipse.product=org.eclipse.jdt.ls.core.product -Djava.import.generatesMetadataFilesAtProjectRoot=false -DDetectVMInstallationsJob.disabled=true -Dfile.encoding=utf8 -XX:+UseParallelGC -XX:GCTimeRatio=4 -XX:AdaptiveSizePolicyWeight=90 -Dsun.zip.disableMemoryMapping=true -Xmx1G -Xms100m -Xlog:disable -javaagent:c:\Users\aDMINISTRATOR\.vscode\extensions\redhat.java-1.30.0-win32-x64\lombok\lombok-1.18.32.jar -XX:+HeapDumpOnOutOfMemoryError -XX:HeapDumpPath=c:\Users\aDMINISTRATOR\AppData\Roaming\Code\User\workspaceStorage\615ccf0f16dc16ebe47b9a3c97cb4bae\redhat.java -Daether.dependencyCollector.impl=bf 
java_command: c:\Users\aDMINISTRATOR\.vscode\extensions\redhat.java-1.30.0-win32-x64\server\plugins\org.eclipse.equinox.launcher_1.6.800.v20240330-1250.jar -configuration c:\Users\aDMINISTRATOR\AppData\Roaming\Code\User\globalStorage\redhat.java\1.30.0\config_win -data c:\Users\aDMINISTRATOR\AppData\Roaming\Code\User\workspaceStorage\615ccf0f16dc16ebe47b9a3c97cb4bae\redhat.java\jdt_ws --pipe=\\.\pipe\lsp-9d08d37ee0048ff7c6b9bf713977ff3b-sock
java_class_path (initial): c:\Users\aDMINISTRATOR\.vscode\extensions\redhat.java-1.30.0-win32-x64\server\plugins\org.eclipse.equinox.launcher_1.6.800.v20240330-1250.jar
Launcher Type: SUN_STANDARD

[Global flags]
    uintx AdaptiveSizePolicyWeight                 = 90                                        {product} {command line}
     intx CICompilerCount                          = 12                                        {product} {ergonomic}
    uintx GCTimeRatio                              = 4                                         {product} {command line}
     bool HeapDumpOnOutOfMemoryError               = true                                   {manageable} {command line}
    ccstr HeapDumpPath                             = c:\Users\aDMINISTRATOR\AppData\Roaming\Code\User\workspaceStorage\615ccf0f16dc16ebe47b9a3c97cb4bae\redhat.java         {manageable} {command line}
   size_t InitialHeapSize                          = 104857600                                 {product} {command line}
   size_t MaxHeapSize                              = 1073741824                                {product} {command line}
   size_t MaxNewSize                               = 357564416                                 {product} {ergonomic}
   size_t MinHeapDeltaBytes                        = 524288                                    {product} {ergonomic}
   size_t MinHeapSize                              = 104857600                                 {product} {command line}
   size_t NewSize                                  = 34603008                                  {product} {ergonomic}
    uintx NonNMethodCodeHeapSize                   = 7602480                                {pd product} {ergonomic}
    uintx NonProfiledCodeHeapSize                  = 122027880                              {pd product} {ergonomic}
   size_t OldSize                                  = 70254592                                  {product} {ergonomic}
    uintx ProfiledCodeHeapSize                     = 122027880                              {pd product} {ergonomic}
    uintx ReservedCodeCacheSize                    = 251658240                              {pd product} {ergonomic}
     bool SegmentedCodeCache                       = true                                      {product} {ergonomic}
   size_t SoftMaxHeapSize                          = 1073741824                             {manageable} {ergonomic}
     bool UseCompressedClassPointers               = true                           {product lp64_product} {ergonomic}
     bool UseCompressedOops                        = true                           {product lp64_product} {ergonomic}
     bool UseLargePagesIndividualAllocation        = false                                  {pd product} {ergonomic}
     bool UseParallelGC                            = true                                      {product} {command line}

Logging:
Log output configuration:
 #0: stdout all=off uptime,level,tags
 #1: stderr all=off uptime,level,tags

Environment Variables:
PATH=C:\Program Files\Common Files\Oracle\Java\javapath;C:\Windows\system32;C:\Windows;C:\Windows\System32\Wbem;C:\Windows\System32\WindowsPowerShell\v1.0\;C:\Windows\System32\OpenSSH\;C:\maven\apache-maven-3.8.8\bin;C:\Program Files\Java\jdk-20;C:\ProgramData\chocolatey\bin;C:\Program Files\Disk Usage\;C:\Program Files\Git\cmd;C:\Program Files\nodejs\;C:\Program Files\MySQL\MySQL Shell 8.0\bin\;C:\Users\aDMINISTRATOR\AppData\Local\Microsoft\WindowsApps;C:\Users\aDMINISTRATOR\AppData\Roaming\npm\;C:\Users\aDMINISTRATOR\AppData\Local\Programs\Microsoft VS Code\bin;C:\nginx;C:\Users\aDMINISTRATOR\AppData\Roaming\npm\node_modules\pm2\bin
USERNAME=ADMINISTRATOR
OS=Windows_NT
PROCESSOR_IDENTIFIER=Intel64 Family 6 Model 165 Stepping 5, GenuineIntel
TMP=C:\Users\ADMINI~1\AppData\Local\Temp
TEMP=C:\Users\ADMINI~1\AppData\Local\Temp



Periodic native trim disabled


---------------  S Y S T E M  ---------------

OS:
 Windows 10 , 64 bit Build 19041 (10.0.19041.3636)
OS uptime: 18 days 5:34 hours
Hyper-V virtualization detected

CPU: total 16 (initial active 16) (8 cores per cpu, 2 threads per core) family 6 model 165 stepping 5 microcode 0xffffffff, cx8, cmov, fxsr, ht, mmx, 3dnowpref, sse, sse2, sse3, ssse3, sse4.1, sse4.2, popcnt, lzcnt, tsc, avx, avx2, aes, erms, clmul, bmi1, bmi2, adx, fma, vzeroupper, clflush, clflushopt, hv
Processor Information for all 16 processors :
  Max Mhz: 2904, Current Mhz: 2904, Mhz Limit: 2904

Memory: 4k page, system-wide physical 15999M (4409M free)
TotalPageFile size 30136M (AvailPageFile size 200M)
current process WorkingSet (physical memory assigned to process): 323M, peak: 323M
current process commit charge ("private bytes"): 379M, peak: 949M

vm_info: OpenJDK 64-Bit Server VM (17.0.10+7) for windows-amd64 JRE (17.0.10+7), built on Jan 16 2024 23:25:11 by "admin" with MS VC++ 16.10 / 16.11 (VS2019)

END.
