#
# There is insufficient memory for the Java Runtime Environment to continue.
# Native memory allocation (malloc) failed to allocate 1019696 bytes for Chunk::new
# Possible reasons:
#   The system is out of physical RAM or swap space
#   The process is running with CompressedOops enabled, and the Java Heap may be blocking the growth of the native heap
# Possible solutions:
#   Reduce memory load on the system
#   Increase physical memory or swap space
#   Check if swap backing store is full
#   Decrease Java heap size (-Xmx/-Xms)
#   Decrease number of Java threads
#   Decrease Java thread stack sizes (-Xss)
#   Set larger code cache with -XX:ReservedCodeCacheSize=
#   JVM is running with Unscaled Compressed Oops mode in which the Java heap is
#     placed in the first 4GB address space. The Java Heap base address is the
#     maximum limit for the native heap growth. Please use -XX:HeapBaseMinAddress
#     to set the Java Heap base and to place the Java Heap above 4GB virtual address.
# This output file may be truncated or incomplete.
#
#  Out of Memory Error (arena.cpp:191), pid=136452, tid=150496
#
# JRE version: OpenJDK Runtime Environment Temurin-17.0.10+7 (17.0.10+7) (build 17.0.10+7)
# Java VM: OpenJDK 64-Bit Server VM Temurin-17.0.10+7 (17.0.10+7, mixed mode, tiered, compressed oops, compressed class ptrs, parallel gc, windows-amd64)
# No core dump will be written. Minidumps are not enabled by default on client versions of Windows
#

---------------  S U M M A R Y ------------

Command Line: --add-modules=ALL-SYSTEM --add-opens=java.base/java.util=ALL-UNNAMED --add-opens=java.base/java.lang=ALL-UNNAMED --add-opens=java.base/sun.nio.fs=ALL-UNNAMED -Declipse.application=org.eclipse.jdt.ls.core.id1 -Dosgi.bundles.defaultStartLevel=4 -Declipse.product=org.eclipse.jdt.ls.core.product -Djava.import.generatesMetadataFilesAtProjectRoot=false -DDetectVMInstallationsJob.disabled=true -Dfile.encoding=utf8 -XX:+UseParallelGC -XX:GCTimeRatio=4 -XX:AdaptiveSizePolicyWeight=90 -Dsun.zip.disableMemoryMapping=true -Xmx1G -Xms100m -Xlog:disable -javaagent:c:\Users\aDMINISTRATOR\.vscode\extensions\redhat.java-1.30.0-win32-x64\lombok\lombok-1.18.32.jar c:\Users\aDMINISTRATOR\.vscode\extensions\redhat.java-1.30.0-win32-x64\server\plugins\org.eclipse.equinox.launcher_1.6.800.v20240330-1250.jar -configuration c:\Users\aDMINISTRATOR\AppData\Roaming\Code\User\globalStorage\redhat.java\1.30.0\config_ss_win -data c:\Users\aDMINISTRATOR\AppData\Roaming\Code\User\workspaceStorage\615ccf0f16dc16ebe47b9a3c97cb4bae\redhat.java\ss_ws --pipe=\\.\pipe\lsp-d12a214e20c11fe3e184f14a85d79a43-sock

Host: Intel(R) Core(TM) i7-10700F CPU @ 2.90GHz, 16 cores, 15G,  Windows 10 , 64 bit Build 19041 (10.0.19041.3636)
Time: Tue May  7 13:11:05 2024 Hora oficial do Brasil elapsed time: 29.702311 seconds (0d 0h 0m 29s)

---------------  T H R E A D  ---------------

Current thread (0x0000019ce5cdd360):  JavaThread "C2 CompilerThread0" daemon [_thread_in_native, id=150496, stack(0x0000008e6d700000,0x0000008e6d800000)]


Current CompileTask:
C2:  29703 4617   !   4       org.eclipse.osgi.internal.loader.classpath.ClasspathManager::findLocalClass (210 bytes)

Stack: [0x0000008e6d700000,0x0000008e6d800000]
Native frames: (J=compiled Java code, j=interpreted, Vv=VM code, C=native code)
V  [jvm.dll+0x67d2c9]
V  [jvm.dll+0x834afa]
V  [jvm.dll+0x8365be]
V  [jvm.dll+0x836c23]
V  [jvm.dll+0x2477ff]
V  [jvm.dll+0xac514]
V  [jvm.dll+0xacb5c]
V  [jvm.dll+0x2aed1f]
V  [jvm.dll+0x584b67]
V  [jvm.dll+0x2228a2]
V  [jvm.dll+0x222c8f]
V  [jvm.dll+0x21bdb6]
V  [jvm.dll+0x219201]
V  [jvm.dll+0x1a502d]
V  [jvm.dll+0x2290de]
V  [jvm.dll+0x2272ac]
V  [jvm.dll+0x7e9bb7]
V  [jvm.dll+0x7e3fba]
V  [jvm.dll+0x67c1b5]
C  [ucrtbase.dll+0x21bb2]
C  [KERNEL32.DLL+0x17344]
C  [ntdll.dll+0x526b1]


---------------  P R O C E S S  ---------------

Threads class SMR info:
_java_thread_list=0x0000019ce99341f0, length=48, elements={
0x0000019ccca3d890, 0x0000019ce08d2010, 0x0000019ce08d3540, 0x0000019ce5caa670,
0x0000019ce5cab610, 0x0000019ce5cb3450, 0x0000019ce5cb99e0, 0x0000019ce5cdd360,
0x0000019ce5cde020, 0x0000019ce5ce6d40, 0x0000019ce5dfe5f0, 0x0000019ce7c031d0,
0x0000019ce81bd050, 0x0000019ce81be050, 0x0000019ce7e56090, 0x0000019ce7ee0ea0,
0x0000019ce808af10, 0x0000019ce80890b0, 0x0000019ce8089ad0, 0x0000019ce7f86310,
0x0000019ce870e830, 0x0000019ce808b420, 0x0000019ce80895c0, 0x0000019ce8089fe0,
0x0000019ce808aa00, 0x0000019ce808be40, 0x0000019ce808b930, 0x0000019ce808c350,
0x0000019ce7c4c4b0, 0x0000019ce7c51ac0, 0x0000019ce7c4ba90, 0x0000019ce7c51fd0,
0x0000019ce7c4f240, 0x0000019ce7c4c9c0, 0x0000019ce7c4f750, 0x0000019ce7c4d3e0,
0x0000019ce7c4d8f0, 0x0000019ce7c4ced0, 0x0000019ce7c50b90, 0x0000019ce7c4b070,
0x0000019ce7c524e0, 0x0000019ce7c4fc60, 0x0000019ce7c50170, 0x0000019ce7c50680,
0x0000019ce7c4e310, 0x0000019ce7c510a0, 0x0000019ce7c515b0, 0x0000019ce7cffc90
}

Java Threads: ( => current thread )
  0x0000019ccca3d890 JavaThread "main" [_thread_blocked, id=138712, stack(0x0000008e6ce00000,0x0000008e6cf00000)]
  0x0000019ce08d2010 JavaThread "Reference Handler" daemon [_thread_blocked, id=134724, stack(0x0000008e6d100000,0x0000008e6d200000)]
  0x0000019ce08d3540 JavaThread "Finalizer" daemon [_thread_blocked, id=148100, stack(0x0000008e6d200000,0x0000008e6d300000)]
  0x0000019ce5caa670 JavaThread "Signal Dispatcher" daemon [_thread_blocked, id=147800, stack(0x0000008e6d300000,0x0000008e6d400000)]
  0x0000019ce5cab610 JavaThread "Attach Listener" daemon [_thread_blocked, id=147304, stack(0x0000008e6d400000,0x0000008e6d500000)]
  0x0000019ce5cb3450 JavaThread "Service Thread" daemon [_thread_blocked, id=143480, stack(0x0000008e6d500000,0x0000008e6d600000)]
  0x0000019ce5cb99e0 JavaThread "Monitor Deflation Thread" daemon [_thread_blocked, id=156560, stack(0x0000008e6d600000,0x0000008e6d700000)]
=>0x0000019ce5cdd360 JavaThread "C2 CompilerThread0" daemon [_thread_in_native, id=150496, stack(0x0000008e6d700000,0x0000008e6d800000)]
  0x0000019ce5cde020 JavaThread "C1 CompilerThread0" daemon [_thread_blocked, id=157516, stack(0x0000008e6d800000,0x0000008e6d900000)]
  0x0000019ce5ce6d40 JavaThread "Sweeper thread" daemon [_thread_blocked, id=155588, stack(0x0000008e6d900000,0x0000008e6da00000)]
  0x0000019ce5dfe5f0 JavaThread "Common-Cleaner" daemon [_thread_blocked, id=155740, stack(0x0000008e6da00000,0x0000008e6db00000)]
  0x0000019ce7c031d0 JavaThread "Notification Thread" daemon [_thread_blocked, id=139512, stack(0x0000008e6db00000,0x0000008e6dc00000)]
  0x0000019ce81bd050 JavaThread "Active Thread: Equinox Container: 7d38db70-2b32-465f-9ea2-80eb0b314266" [_thread_blocked, id=157544, stack(0x0000008e6e000000,0x0000008e6e100000)]
  0x0000019ce81be050 JavaThread "Framework Event Dispatcher: Equinox Container: 7d38db70-2b32-465f-9ea2-80eb0b314266" daemon [_thread_blocked, id=152296, stack(0x0000008e6df00000,0x0000008e6e000000)]
  0x0000019ce7e56090 JavaThread "Start Level: Equinox Container: 7d38db70-2b32-465f-9ea2-80eb0b314266" daemon [_thread_blocked, id=87888, stack(0x0000008e6e400000,0x0000008e6e500000)]
  0x0000019ce7ee0ea0 JavaThread "SCR Component Actor" daemon [_thread_blocked, id=154820, stack(0x0000008e6e500000,0x0000008e6e600000)]
  0x0000019ce808af10 JavaThread "Worker-JM" [_thread_blocked, id=128440, stack(0x0000008e6ea00000,0x0000008e6eb00000)]
  0x0000019ce80890b0 JavaThread "Worker-0" [_thread_blocked, id=146836, stack(0x0000008e6ed00000,0x0000008e6ee00000)]
  0x0000019ce8089ad0 JavaThread "Worker-1" [_thread_blocked, id=157552, stack(0x0000008e6ef00000,0x0000008e6f000000)]
  0x0000019ce7f86310 JavaThread "C1 CompilerThread1" daemon [_thread_blocked, id=152252, stack(0x0000008e6e800000,0x0000008e6e900000)]
  0x0000019ce870e830 JavaThread "C1 CompilerThread2" daemon [_thread_blocked, id=139704, stack(0x0000008e6f300000,0x0000008e6f400000)]
  0x0000019ce808b420 JavaThread "JNA Cleaner" daemon [_thread_blocked, id=138744, stack(0x0000008e6e900000,0x0000008e6ea00000)]
  0x0000019ce80895c0 JavaThread "Thread-2" daemon [_thread_in_native, id=153608, stack(0x0000008e6f600000,0x0000008e6f700000)]
  0x0000019ce8089fe0 JavaThread "Thread-3" daemon [_thread_in_native, id=136508, stack(0x0000008e6f700000,0x0000008e6f800000)]
  0x0000019ce808aa00 JavaThread "Thread-4" daemon [_thread_in_native, id=155504, stack(0x0000008e6f800000,0x0000008e6f900000)]
  0x0000019ce808be40 JavaThread "Thread-5" daemon [_thread_in_native, id=134196, stack(0x0000008e6f900000,0x0000008e6fa00000)]
  0x0000019ce808b930 JavaThread "Thread-6" daemon [_thread_in_native, id=141712, stack(0x0000008e6fa00000,0x0000008e6fb00000)]
  0x0000019ce808c350 JavaThread "Thread-7" daemon [_thread_in_native, id=155012, stack(0x0000008e6fb00000,0x0000008e6fc00000)]
  0x0000019ce7c4c4b0 JavaThread "Thread-8" daemon [_thread_in_native, id=151792, stack(0x0000008e6fc00000,0x0000008e6fd00000)]
  0x0000019ce7c51ac0 JavaThread "Thread-9" daemon [_thread_in_native, id=132180, stack(0x0000008e6fd00000,0x0000008e6fe00000)]
  0x0000019ce7c4ba90 JavaThread "Thread-10" daemon [_thread_in_native, id=155360, stack(0x0000008e6fe00000,0x0000008e6ff00000)]
  0x0000019ce7c51fd0 JavaThread "Thread-11" daemon [_thread_in_native, id=153264, stack(0x0000008e6ff00000,0x0000008e70000000)]
  0x0000019ce7c4f240 JavaThread "Thread-12" daemon [_thread_in_native, id=141744, stack(0x0000008e70000000,0x0000008e70100000)]
  0x0000019ce7c4c9c0 JavaThread "Thread-13" daemon [_thread_in_native, id=137660, stack(0x0000008e70100000,0x0000008e70200000)]
  0x0000019ce7c4f750 JavaThread "Thread-14" daemon [_thread_in_native, id=123792, stack(0x0000008e70200000,0x0000008e70300000)]
  0x0000019ce7c4d3e0 JavaThread "Thread-15" daemon [_thread_in_native, id=145620, stack(0x0000008e70300000,0x0000008e70400000)]
  0x0000019ce7c4d8f0 JavaThread "Thread-16" daemon [_thread_in_native, id=154476, stack(0x0000008e70400000,0x0000008e70500000)]
  0x0000019ce7c4ced0 JavaThread "Thread-17" daemon [_thread_in_native, id=138756, stack(0x0000008e70500000,0x0000008e70600000)]
  0x0000019ce7c50b90 JavaThread "Thread-18" daemon [_thread_in_native, id=100160, stack(0x0000008e70600000,0x0000008e70700000)]
  0x0000019ce7c4b070 JavaThread "pool-2-thread-1" [_thread_blocked, id=142572, stack(0x0000008e70700000,0x0000008e70800000)]
  0x0000019ce7c524e0 JavaThread "WorkspaceEventsHandler" [_thread_blocked, id=152404, stack(0x0000008e70900000,0x0000008e70a00000)]
  0x0000019ce7c4fc60 JavaThread "pool-1-thread-1" [_thread_in_native, id=131200, stack(0x0000008e70a00000,0x0000008e70b00000)]
  0x0000019ce7c50170 JavaThread "ForkJoinPool.commonPool-worker-1" daemon [_thread_blocked, id=148392, stack(0x0000008e71000000,0x0000008e71100000)]
  0x0000019ce7c50680 JavaThread "ForkJoinPool.commonPool-worker-2" daemon [_thread_blocked, id=147656, stack(0x0000008e71100000,0x0000008e71200000)]
  0x0000019ce7c4e310 JavaThread "ForkJoinPool.commonPool-worker-3" daemon [_thread_blocked, id=149796, stack(0x0000008e71200000,0x0000008e71300000)]
  0x0000019ce7c510a0 JavaThread "ForkJoinPool.commonPool-worker-4" daemon [_thread_blocked, id=144080, stack(0x0000008e71300000,0x0000008e71400000)]
  0x0000019ce7c515b0 JavaThread "ForkJoinPool.commonPool-worker-5" daemon [_thread_blocked, id=143740, stack(0x0000008e70d00000,0x0000008e70e00000)]
  0x0000019ce7cffc90 JavaThread "C1 CompilerThread3" daemon [_thread_blocked, id=157008, stack(0x0000008e6f400000,0x0000008e6f500000)]

Other Threads:
  0x0000019cccafe040 VMThread "VM Thread" [stack: 0x0000008e6d000000,0x0000008e6d100000] [id=156628]
  0x0000019ce7c03cc0 WatcherThread [stack: 0x0000008e6dc00000,0x0000008e6dd00000] [id=140040]
  0x0000019ccca4cca0 GCTaskThread "GC Thread#0" [stack: 0x0000008e6cf00000,0x0000008e6d000000] [id=147432]
  0x0000019ce800fe80 GCTaskThread "GC Thread#1" [stack: 0x0000008e6dd00000,0x0000008e6de00000] [id=156160]
  0x0000019ce8283040 GCTaskThread "GC Thread#2" [stack: 0x0000008e6de00000,0x0000008e6df00000] [id=155060]
  0x0000019ce7ec96b0 GCTaskThread "GC Thread#3" [stack: 0x0000008e6e100000,0x0000008e6e200000] [id=157588]
  0x0000019ce840fbc0 GCTaskThread "GC Thread#4" [stack: 0x0000008e6e200000,0x0000008e6e300000] [id=114076]
  0x0000019ce840fe80 GCTaskThread "GC Thread#5" [stack: 0x0000008e6e300000,0x0000008e6e400000] [id=153644]
  0x0000019ce83f8000 GCTaskThread "GC Thread#6" [stack: 0x0000008e6e600000,0x0000008e6e700000] [id=130324]
  0x0000019ce7e386e0 GCTaskThread "GC Thread#7" [stack: 0x0000008e6e700000,0x0000008e6e800000] [id=129128]
  0x0000019ce7efc790 GCTaskThread "GC Thread#8" [stack: 0x0000008e6eb00000,0x0000008e6ec00000] [id=143704]
  0x0000019ce7efca50 GCTaskThread "GC Thread#9" [stack: 0x0000008e6ec00000,0x0000008e6ed00000] [id=61028]
  0x0000019ce8509b70 GCTaskThread "GC Thread#10" [stack: 0x0000008e6ee00000,0x0000008e6ef00000] [id=88988]
  0x0000019ce85db040 GCTaskThread "GC Thread#11" [stack: 0x0000008e6f100000,0x0000008e6f200000] [id=126020]
  0x0000019ce864b040 GCTaskThread "GC Thread#12" [stack: 0x0000008e6f200000,0x0000008e6f300000] [id=144088]

Threads with active compile tasks:
C2 CompilerThread0    29788 4617   !   4       org.eclipse.osgi.internal.loader.classpath.ClasspathManager::findLocalClass (210 bytes)

VM state: not at safepoint (normal execution)

VM Mutex/Monitor currently owned by a thread: None

Heap address: 0x00000000c0000000, size: 1024 MB, Compressed Oops mode: 32-bit

CDS archive(s) not mapped
Compressed class space mapped at: 0x0000000100000000-0x0000000140000000, reserved size: 1073741824
Narrow klass base: 0x0000000000000000, Narrow klass shift: 3, Narrow klass range: 0x140000000

GC Precious Log:
 CPUs: 16 total, 16 available
 Memory: 15999M
 Large Page Support: Disabled
 NUMA Support: Disabled
 Compressed Oops: Enabled (32-bit)
 Alignments: Space 512K, Generation 512K, Heap 2M
 Heap Min Capacity: 100M
 Heap Initial Capacity: 100M
 Heap Max Capacity: 1G
 Pre-touch: Disabled
 Parallel Workers: 13

Heap:
 PSYoungGen      total 19968K, used 18911K [0x00000000eab00000, 0x00000000ece80000, 0x0000000100000000)
  eden space 17408K, 94% used [0x00000000eab00000,0x00000000ebafd0f0,0x00000000ebc00000)
  from space 2560K, 99% used [0x00000000ec300000,0x00000000ec57ad18,0x00000000ec580000)
  to   space 7168K, 0% used [0x00000000ebc00000,0x00000000ebc00000,0x00000000ec300000)
 ParOldGen       total 68608K, used 25775K [0x00000000c0000000, 0x00000000c4300000, 0x00000000eab00000)
  object space 68608K, 37% used [0x00000000c0000000,0x00000000c192bc78,0x00000000c4300000)
 Metaspace       used 40909K, committed 41792K, reserved 1114112K
  class space    used 4102K, committed 4480K, reserved 1048576K

Card table byte_map: [0x0000019ccc3e0000,0x0000019ccc5f0000] _byte_map_base: 0x0000019ccbde0000

Marking Bits: (ParMarkBitMap*) 0x00007fff272cd7d0
 Begin Bits: [0x0000019cde6e0000, 0x0000019cdf6e0000)
 End Bits:   [0x0000019cdf6e0000, 0x0000019ce06e0000)

Polling page: 0x0000019ccaa10000

Metaspace:

Usage:
  Non-class:     35.94 MB used.
      Class:      4.01 MB used.
       Both:     39.95 MB used.

Virtual space:
  Non-class space:       64.00 MB reserved,      36.44 MB ( 57%) committed,  1 nodes.
      Class space:        1.00 GB reserved,       4.38 MB ( <1%) committed,  1 nodes.
             Both:        1.06 GB reserved,      40.81 MB (  4%) committed. 

Chunk freelists:
   Non-Class:  10.73 MB
       Class:  11.67 MB
        Both:  22.40 MB

MaxMetaspaceSize: unlimited
CompressedClassSpaceSize: 1.00 GB
Initial GC threshold: 21.00 MB
Current GC threshold: 58.38 MB
CDS: off
MetaspaceReclaimPolicy: balanced
 - commit_granule_bytes: 65536.
 - commit_granule_words: 8192.
 - virtual_space_node_default_size: 8388608.
 - enlarge_chunks_in_place: 1.
 - new_chunks_are_fully_committed: 0.
 - uncommit_free_chunks: 1.
 - use_allocation_guard: 0.
 - handle_deallocations: 1.


Internal statistics:

num_allocs_failed_limit: 6.
num_arena_births: 378.
num_arena_deaths: 14.
num_vsnodes_births: 2.
num_vsnodes_deaths: 0.
num_space_committed: 653.
num_space_uncommitted: 0.
num_chunks_returned_to_freelist: 20.
num_chunks_taken_from_freelist: 1669.
num_chunk_merges: 5.
num_chunk_splits: 1072.
num_chunks_enlarged: 729.
num_inconsistent_stats: 0.

CodeHeap 'non-profiled nmethods': size=119168Kb used=2454Kb max_used=2454Kb free=116713Kb
 bounds [0x0000019cd7280000, 0x0000019cd74f0000, 0x0000019cde6e0000]
CodeHeap 'profiled nmethods': size=119104Kb used=10163Kb max_used=10163Kb free=108940Kb
 bounds [0x0000019ccf6e0000, 0x0000019cd00d0000, 0x0000019cd6b30000]
CodeHeap 'non-nmethods': size=7488Kb used=2988Kb max_used=3073Kb free=4499Kb
 bounds [0x0000019cd6b30000, 0x0000019cd6e80000, 0x0000019cd7280000]
 total_blobs=5270 nmethods=4636 adapters=545
 compilation: enabled
              stopped_count=0, restarted_count=0
 full_count=0

Compilation events (20 events):
Event: 29.552 Thread 0x0000019ce7f86310 nmethod 4603 0x0000019cd007b090 code [0x0000019cd007be20, 0x0000019cd0087158]
Event: 29.554 Thread 0x0000019ce7f86310 4627       3       java.util.Arrays::copyOfRange (64 bytes)
Event: 29.554 Thread 0x0000019ce7cffc90 4628       3       org.eclipse.jdt.internal.compiler.parser.Parser::pushOnIntStack (54 bytes)
Event: 29.554 Thread 0x0000019ce5cde020 4629       3       org.eclipse.jdt.internal.compiler.ast.ASTNode::<init> (11 bytes)
Event: 29.554 Thread 0x0000019ce5cde020 nmethod 4629 0x0000019cd0089010 code [0x0000019cd00891a0, 0x0000019cd0089318]
Event: 29.554 Thread 0x0000019ce7cffc90 nmethod 4628 0x0000019cd0089410 code [0x0000019cd00895c0, 0x0000019cd00898a8]
Event: 29.555 Thread 0x0000019ce7f86310 nmethod 4627 0x0000019cd0089a10 code [0x0000019cd0089c80, 0x0000019cd008a578]
Event: 29.569 Thread 0x0000019ce870e830 nmethod 4615 0x0000019cd008a910 code [0x0000019cd008f5c0, 0x0000019cd00c35c8]
Event: 29.593 Thread 0x0000019ce7f86310 4631       1       java.net.JarURLConnection::getEntryName (5 bytes)
Event: 29.593 Thread 0x0000019ce5cde020 4632       3       sun.net.www.protocol.jar.JarFileFactory::urlFor (77 bytes)
Event: 29.593 Thread 0x0000019ce870e830 4633       3       sun.net.www.protocol.jar.JarFileFactory::urlKey (39 bytes)
Event: 29.593 Thread 0x0000019ce7cffc90 4634       3       java.net.URLConnection::setUseCaches (10 bytes)
Event: 29.594 Thread 0x0000019ce7f86310 nmethod 4631 0x0000019cd74e5110 code [0x0000019cd74e52a0, 0x0000019cd74e5378]
Event: 29.594 Thread 0x0000019ce7f86310 4635       3       java.net.URLConnection::checkConnected (19 bytes)
Event: 29.594 Thread 0x0000019ce7cffc90 nmethod 4634 0x0000019cd00ca410 code [0x0000019cd00ca5c0, 0x0000019cd00ca848]
Event: 29.594 Thread 0x0000019ce7f86310 nmethod 4635 0x0000019cd00ca990 code [0x0000019cd00cab40, 0x0000019cd00cad68]
Event: 29.594 Thread 0x0000019ce7cffc90 4636       3       sun.net.www.protocol.jar.JarURLConnection::getUseCaches (8 bytes)
Event: 29.594 Thread 0x0000019ce7cffc90 nmethod 4636 0x0000019cd00cae90 code [0x0000019cd00cb040, 0x0000019cd00cb208]
Event: 29.594 Thread 0x0000019ce870e830 nmethod 4633 0x0000019cd00cb310 code [0x0000019cd00cb560, 0x0000019cd00cbbc8]
Event: 29.594 Thread 0x0000019ce5cde020 nmethod 4632 0x0000019cd00cbe10 code [0x0000019cd00cc0a0, 0x0000019cd00cc9e8]

GC Heap History (20 events):
Event: 24.820 GC heap before
{Heap before GC invocations=9 (full 1):
 PSYoungGen      total 26624K, used 26607K [0x00000000eab00000, 0x00000000eca80000, 0x0000000100000000)
  eden space 24064K, 100% used [0x00000000eab00000,0x00000000ec280000,0x00000000ec280000)
  from space 2560K, 99% used [0x00000000ec300000,0x00000000ec57bf80,0x00000000ec580000)
  to   space 4096K, 0% used [0x00000000ec680000,0x00000000ec680000,0x00000000eca80000)
 ParOldGen       total 68608K, used 8612K [0x00000000c0000000, 0x00000000c4300000, 0x00000000eab00000)
  object space 68608K, 12% used [0x00000000c0000000,0x00000000c0869340,0x00000000c4300000)
 Metaspace       used 33898K, committed 34560K, reserved 1114112K
  class space    used 3350K, committed 3648K, reserved 1048576K
}
Event: 24.826 GC heap after
{Heap after GC invocations=9 (full 1):
 PSYoungGen      total 27136K, used 4082K [0x00000000eab00000, 0x00000000ecc00000, 0x0000000100000000)
  eden space 23040K, 0% used [0x00000000eab00000,0x00000000eab00000,0x00000000ec180000)
  from space 4096K, 99% used [0x00000000ec680000,0x00000000eca7cb60,0x00000000eca80000)
  to   space 5120K, 0% used [0x00000000ec180000,0x00000000ec180000,0x00000000ec680000)
 ParOldGen       total 68608K, used 9028K [0x00000000c0000000, 0x00000000c4300000, 0x00000000eab00000)
  object space 68608K, 13% used [0x00000000c0000000,0x00000000c08d1380,0x00000000c4300000)
 Metaspace       used 33898K, committed 34560K, reserved 1114112K
  class space    used 3350K, committed 3648K, reserved 1048576K
}
Event: 24.942 GC heap before
{Heap before GC invocations=10 (full 1):
 PSYoungGen      total 27136K, used 12681K [0x00000000eab00000, 0x00000000ecc00000, 0x0000000100000000)
  eden space 23040K, 37% used [0x00000000eab00000,0x00000000eb365920,0x00000000ec180000)
  from space 4096K, 99% used [0x00000000ec680000,0x00000000eca7cb60,0x00000000eca80000)
  to   space 5120K, 0% used [0x00000000ec180000,0x00000000ec180000,0x00000000ec680000)
 ParOldGen       total 68608K, used 9028K [0x00000000c0000000, 0x00000000c4300000, 0x00000000eab00000)
  object space 68608K, 13% used [0x00000000c0000000,0x00000000c08d1380,0x00000000c4300000)
 Metaspace       used 35161K, committed 35840K, reserved 1114112K
  class space    used 3483K, committed 3776K, reserved 1048576K
}
Event: 24.944 GC heap after
{Heap after GC invocations=10 (full 1):
 PSYoungGen      total 27136K, used 3840K [0x00000000eab00000, 0x00000000eca00000, 0x0000000100000000)
  eden space 23040K, 0% used [0x00000000eab00000,0x00000000eab00000,0x00000000ec180000)
  from space 4096K, 93% used [0x00000000ec180000,0x00000000ec5401c0,0x00000000ec580000)
  to   space 4096K, 0% used [0x00000000ec600000,0x00000000ec600000,0x00000000eca00000)
 ParOldGen       total 68608K, used 9862K [0x00000000c0000000, 0x00000000c4300000, 0x00000000eab00000)
  object space 68608K, 14% used [0x00000000c0000000,0x00000000c09a1888,0x00000000c4300000)
 Metaspace       used 35161K, committed 35840K, reserved 1114112K
  class space    used 3483K, committed 3776K, reserved 1048576K
}
Event: 24.944 GC heap before
{Heap before GC invocations=11 (full 2):
 PSYoungGen      total 27136K, used 3840K [0x00000000eab00000, 0x00000000eca00000, 0x0000000100000000)
  eden space 23040K, 0% used [0x00000000eab00000,0x00000000eab00000,0x00000000ec180000)
  from space 4096K, 93% used [0x00000000ec180000,0x00000000ec5401c0,0x00000000ec580000)
  to   space 4096K, 0% used [0x00000000ec600000,0x00000000ec600000,0x00000000eca00000)
 ParOldGen       total 68608K, used 9862K [0x00000000c0000000, 0x00000000c4300000, 0x00000000eab00000)
  object space 68608K, 14% used [0x00000000c0000000,0x00000000c09a1888,0x00000000c4300000)
 Metaspace       used 35161K, committed 35840K, reserved 1114112K
  class space    used 3483K, committed 3776K, reserved 1048576K
}
Event: 24.963 GC heap after
{Heap after GC invocations=11 (full 2):
 PSYoungGen      total 27136K, used 0K [0x00000000eab00000, 0x00000000eca00000, 0x0000000100000000)
  eden space 23040K, 0% used [0x00000000eab00000,0x00000000eab00000,0x00000000ec180000)
  from space 4096K, 0% used [0x00000000ec180000,0x00000000ec180000,0x00000000ec580000)
  to   space 4096K, 0% used [0x00000000ec600000,0x00000000ec600000,0x00000000eca00000)
 ParOldGen       total 68608K, used 12495K [0x00000000c0000000, 0x00000000c4300000, 0x00000000eab00000)
  object space 68608K, 18% used [0x00000000c0000000,0x00000000c0c33f18,0x00000000c4300000)
 Metaspace       used 35161K, committed 35840K, reserved 1114112K
  class space    used 3483K, committed 3776K, reserved 1048576K
}
Event: 26.558 GC heap before
{Heap before GC invocations=12 (full 2):
 PSYoungGen      total 27136K, used 23040K [0x00000000eab00000, 0x00000000eca00000, 0x0000000100000000)
  eden space 23040K, 100% used [0x00000000eab00000,0x00000000ec180000,0x00000000ec180000)
  from space 4096K, 0% used [0x00000000ec180000,0x00000000ec180000,0x00000000ec580000)
  to   space 4096K, 0% used [0x00000000ec600000,0x00000000ec600000,0x00000000eca00000)
 ParOldGen       total 68608K, used 12495K [0x00000000c0000000, 0x00000000c4300000, 0x00000000eab00000)
  object space 68608K, 18% used [0x00000000c0000000,0x00000000c0c33f18,0x00000000c4300000)
 Metaspace       used 37810K, committed 38592K, reserved 1114112K
  class space    used 3776K, committed 4160K, reserved 1048576K
}
Event: 26.559 GC heap after
{Heap after GC invocations=12 (full 2):
 PSYoungGen      total 25088K, used 2203K [0x00000000eab00000, 0x00000000ec880000, 0x0000000100000000)
  eden space 22528K, 0% used [0x00000000eab00000,0x00000000eab00000,0x00000000ec100000)
  from space 2560K, 86% used [0x00000000ec600000,0x00000000ec826ed0,0x00000000ec880000)
  to   space 3072K, 0% used [0x00000000ec280000,0x00000000ec280000,0x00000000ec580000)
 ParOldGen       total 68608K, used 12503K [0x00000000c0000000, 0x00000000c4300000, 0x00000000eab00000)
  object space 68608K, 18% used [0x00000000c0000000,0x00000000c0c35f18,0x00000000c4300000)
 Metaspace       used 37810K, committed 38592K, reserved 1114112K
  class space    used 3776K, committed 4160K, reserved 1048576K
}
Event: 26.633 GC heap before
{Heap before GC invocations=13 (full 2):
 PSYoungGen      total 25088K, used 24731K [0x00000000eab00000, 0x00000000ec880000, 0x0000000100000000)
  eden space 22528K, 100% used [0x00000000eab00000,0x00000000ec100000,0x00000000ec100000)
  from space 2560K, 86% used [0x00000000ec600000,0x00000000ec826ed0,0x00000000ec880000)
  to   space 3072K, 0% used [0x00000000ec280000,0x00000000ec280000,0x00000000ec580000)
 ParOldGen       total 68608K, used 12503K [0x00000000c0000000, 0x00000000c4300000, 0x00000000eab00000)
  object space 68608K, 18% used [0x00000000c0000000,0x00000000c0c35f18,0x00000000c4300000)
 Metaspace       used 37999K, committed 38720K, reserved 1114112K
  class space    used 3795K, committed 4160K, reserved 1048576K
}
Event: 26.636 GC heap after
{Heap after GC invocations=13 (full 2):
 PSYoungGen      total 24576K, used 2048K [0x00000000eab00000, 0x00000000ec680000, 0x0000000100000000)
  eden space 22016K, 0% used [0x00000000eab00000,0x00000000eab00000,0x00000000ec080000)
  from space 2560K, 80% used [0x00000000ec280000,0x00000000ec480010,0x00000000ec500000)
  to   space 1536K, 0% used [0x00000000ec500000,0x00000000ec500000,0x00000000ec680000)
 ParOldGen       total 68608K, used 14540K [0x00000000c0000000, 0x00000000c4300000, 0x00000000eab00000)
  object space 68608K, 21% used [0x00000000c0000000,0x00000000c0e333c0,0x00000000c4300000)
 Metaspace       used 37999K, committed 38720K, reserved 1114112K
  class space    used 3795K, committed 4160K, reserved 1048576K
}
Event: 26.738 GC heap before
{Heap before GC invocations=14 (full 2):
 PSYoungGen      total 24576K, used 24064K [0x00000000eab00000, 0x00000000ec680000, 0x0000000100000000)
  eden space 22016K, 100% used [0x00000000eab00000,0x00000000ec080000,0x00000000ec080000)
  from space 2560K, 80% used [0x00000000ec280000,0x00000000ec480010,0x00000000ec500000)
  to   space 1536K, 0% used [0x00000000ec500000,0x00000000ec500000,0x00000000ec680000)
 ParOldGen       total 68608K, used 14540K [0x00000000c0000000, 0x00000000c4300000, 0x00000000eab00000)
  object space 68608K, 21% used [0x00000000c0000000,0x00000000c0e333c0,0x00000000c4300000)
 Metaspace       used 38068K, committed 38848K, reserved 1114112K
  class space    used 3797K, committed 4160K, reserved 1048576K
}
Event: 26.740 GC heap after
{Heap after GC invocations=14 (full 2):
 PSYoungGen      total 23552K, used 1536K [0x00000000eab00000, 0x00000000ec880000, 0x0000000100000000)
  eden space 22016K, 0% used [0x00000000eab00000,0x00000000eab00000,0x00000000ec080000)
  from space 1536K, 100% used [0x00000000ec500000,0x00000000ec680000,0x00000000ec680000)
  to   space 4096K, 0% used [0x00000000ec080000,0x00000000ec080000,0x00000000ec480000)
 ParOldGen       total 68608K, used 16644K [0x00000000c0000000, 0x00000000c4300000, 0x00000000eab00000)
  object space 68608K, 24% used [0x00000000c0000000,0x00000000c10413d0,0x00000000c4300000)
 Metaspace       used 38068K, committed 38848K, reserved 1114112K
  class space    used 3797K, committed 4160K, reserved 1048576K
}
Event: 26.793 GC heap before
{Heap before GC invocations=15 (full 2):
 PSYoungGen      total 23552K, used 23552K [0x00000000eab00000, 0x00000000ec880000, 0x0000000100000000)
  eden space 22016K, 100% used [0x00000000eab00000,0x00000000ec080000,0x00000000ec080000)
  from space 1536K, 100% used [0x00000000ec500000,0x00000000ec680000,0x00000000ec680000)
  to   space 4096K, 0% used [0x00000000ec080000,0x00000000ec080000,0x00000000ec480000)
 ParOldGen       total 68608K, used 16644K [0x00000000c0000000, 0x00000000c4300000, 0x00000000eab00000)
  object space 68608K, 24% used [0x00000000c0000000,0x00000000c10413d0,0x00000000c4300000)
 Metaspace       used 38130K, committed 38912K, reserved 1114112K
  class space    used 3810K, committed 4160K, reserved 1048576K
}
Event: 26.795 GC heap after
{Heap after GC invocations=15 (full 2):
 PSYoungGen      total 24576K, used 2112K [0x00000000eab00000, 0x00000000ec680000, 0x0000000100000000)
  eden space 22016K, 0% used [0x00000000eab00000,0x00000000eab00000,0x00000000ec080000)
  from space 2560K, 82% used [0x00000000ec080000,0x00000000ec290010,0x00000000ec300000)
  to   space 3072K, 0% used [0x00000000ec380000,0x00000000ec380000,0x00000000ec680000)
 ParOldGen       total 68608K, used 18220K [0x00000000c0000000, 0x00000000c4300000, 0x00000000eab00000)
  object space 68608K, 26% used [0x00000000c0000000,0x00000000c11cb3d0,0x00000000c4300000)
 Metaspace       used 38130K, committed 38912K, reserved 1114112K
  class space    used 3810K, committed 4160K, reserved 1048576K
}
Event: 26.824 GC heap before
{Heap before GC invocations=16 (full 2):
 PSYoungGen      total 24576K, used 24128K [0x00000000eab00000, 0x00000000ec680000, 0x0000000100000000)
  eden space 22016K, 100% used [0x00000000eab00000,0x00000000ec080000,0x00000000ec080000)
  from space 2560K, 82% used [0x00000000ec080000,0x00000000ec290010,0x00000000ec300000)
  to   space 3072K, 0% used [0x00000000ec380000,0x00000000ec380000,0x00000000ec680000)
 ParOldGen       total 68608K, used 18220K [0x00000000c0000000, 0x00000000c4300000, 0x00000000eab00000)
  object space 68608K, 26% used [0x00000000c0000000,0x00000000c11cb3d0,0x00000000c4300000)
 Metaspace       used 38130K, committed 38912K, reserved 1114112K
  class space    used 3810K, committed 4160K, reserved 1048576K
}
Event: 26.826 GC heap after
{Heap after GC invocations=16 (full 2):
 PSYoungGen      total 24576K, used 2176K [0x00000000eab00000, 0x00000000ec600000, 0x0000000100000000)
  eden space 22016K, 0% used [0x00000000eab00000,0x00000000eab00000,0x00000000ec080000)
  from space 2560K, 85% used [0x00000000ec380000,0x00000000ec5a0000,0x00000000ec600000)
  to   space 2560K, 0% used [0x00000000ec080000,0x00000000ec080000,0x00000000ec300000)
 ParOldGen       total 68608K, used 20175K [0x00000000c0000000, 0x00000000c4300000, 0x00000000eab00000)
  object space 68608K, 29% used [0x00000000c0000000,0x00000000c13b3c68,0x00000000c4300000)
 Metaspace       used 38130K, committed 38912K, reserved 1114112K
  class space    used 3810K, committed 4160K, reserved 1048576K
}
Event: 26.859 GC heap before
{Heap before GC invocations=17 (full 2):
 PSYoungGen      total 24576K, used 24192K [0x00000000eab00000, 0x00000000ec600000, 0x0000000100000000)
  eden space 22016K, 100% used [0x00000000eab00000,0x00000000ec080000,0x00000000ec080000)
  from space 2560K, 85% used [0x00000000ec380000,0x00000000ec5a0000,0x00000000ec600000)
  to   space 2560K, 0% used [0x00000000ec080000,0x00000000ec080000,0x00000000ec300000)
 ParOldGen       total 68608K, used 20175K [0x00000000c0000000, 0x00000000c4300000, 0x00000000eab00000)
  object space 68608K, 29% used [0x00000000c0000000,0x00000000c13b3c68,0x00000000c4300000)
 Metaspace       used 38130K, committed 38912K, reserved 1114112K
  class space    used 3810K, committed 4160K, reserved 1048576K
}
Event: 26.861 GC heap after
{Heap after GC invocations=17 (full 2):
 PSYoungGen      total 24576K, used 2304K [0x00000000eab00000, 0x00000000ec580000, 0x0000000100000000)
  eden space 22016K, 0% used [0x00000000eab00000,0x00000000eab00000,0x00000000ec080000)
  from space 2560K, 90% used [0x00000000ec080000,0x00000000ec2c0010,0x00000000ec300000)
  to   space 2560K, 0% used [0x00000000ec300000,0x00000000ec300000,0x00000000ec580000)
 ParOldGen       total 68608K, used 22183K [0x00000000c0000000, 0x00000000c4300000, 0x00000000eab00000)
  object space 68608K, 32% used [0x00000000c0000000,0x00000000c15a9c68,0x00000000c4300000)
 Metaspace       used 38130K, committed 38912K, reserved 1114112K
  class space    used 3810K, committed 4160K, reserved 1048576K
}
Event: 27.356 GC heap before
{Heap before GC invocations=18 (full 2):
 PSYoungGen      total 24576K, used 24320K [0x00000000eab00000, 0x00000000ec580000, 0x0000000100000000)
  eden space 22016K, 100% used [0x00000000eab00000,0x00000000ec080000,0x00000000ec080000)
  from space 2560K, 90% used [0x00000000ec080000,0x00000000ec2c0010,0x00000000ec300000)
  to   space 2560K, 0% used [0x00000000ec300000,0x00000000ec300000,0x00000000ec580000)
 ParOldGen       total 68608K, used 22183K [0x00000000c0000000, 0x00000000c4300000, 0x00000000eab00000)
  object space 68608K, 32% used [0x00000000c0000000,0x00000000c15a9c68,0x00000000c4300000)
 Metaspace       used 38700K, committed 39488K, reserved 1114112K
  class space    used 3863K, committed 4224K, reserved 1048576K
}
Event: 27.359 GC heap after
{Heap after GC invocations=18 (full 2):
 PSYoungGen      total 19968K, used 2539K [0x00000000eab00000, 0x00000000ece80000, 0x0000000100000000)
  eden space 17408K, 0% used [0x00000000eab00000,0x00000000eab00000,0x00000000ebc00000)
  from space 2560K, 99% used [0x00000000ec300000,0x00000000ec57ad18,0x00000000ec580000)
  to   space 7168K, 0% used [0x00000000ebc00000,0x00000000ebc00000,0x00000000ec300000)
 ParOldGen       total 68608K, used 25775K [0x00000000c0000000, 0x00000000c4300000, 0x00000000eab00000)
  object space 68608K, 37% used [0x00000000c0000000,0x00000000c192bc78,0x00000000c4300000)
 Metaspace       used 38700K, committed 39488K, reserved 1114112K
  class space    used 3863K, committed 4224K, reserved 1048576K
}

Dll operation events (10 events):
Event: 0.170 Loaded shared library c:\Users\aDMINISTRATOR\.vscode\extensions\redhat.java-1.30.0-win32-x64\jre\17.0.10-win32-x86_64\bin\java.dll
Event: 0.484 Loaded shared library c:\Users\aDMINISTRATOR\.vscode\extensions\redhat.java-1.30.0-win32-x64\jre\17.0.10-win32-x86_64\bin\zip.dll
Event: 0.548 Loaded shared library C:\Users\aDMINISTRATOR\.vscode\extensions\redhat.java-1.30.0-win32-x64\jre\17.0.10-win32-x86_64\bin\instrument.dll
Event: 0.616 Loaded shared library C:\Users\aDMINISTRATOR\.vscode\extensions\redhat.java-1.30.0-win32-x64\jre\17.0.10-win32-x86_64\bin\net.dll
Event: 0.691 Loaded shared library C:\Users\aDMINISTRATOR\.vscode\extensions\redhat.java-1.30.0-win32-x64\jre\17.0.10-win32-x86_64\bin\nio.dll
Event: 0.748 Loaded shared library C:\Users\aDMINISTRATOR\.vscode\extensions\redhat.java-1.30.0-win32-x64\jre\17.0.10-win32-x86_64\bin\zip.dll
Event: 0.889 Loaded shared library C:\Users\aDMINISTRATOR\.vscode\extensions\redhat.java-1.30.0-win32-x64\jre\17.0.10-win32-x86_64\bin\jimage.dll
Event: 2.718 Loaded shared library c:\Users\aDMINISTRATOR\.vscode\extensions\redhat.java-1.30.0-win32-x64\jre\17.0.10-win32-x86_64\bin\verify.dll
Event: 14.510 Loaded shared library C:\Users\aDMINISTRATOR\AppData\Roaming\Code\User\globalStorage\redhat.java\1.30.0\config_ss_win\org.eclipse.equinox.launcher\org.eclipse.equinox.launcher.win32.win32.x86_64_1.2.900.v20240213-1244\eclipse_11900.dll
Event: 24.348 Loaded shared library C:\Users\aDMINISTRATOR\AppData\Local\Temp\jna--1830954323\jna5690199838690532570.dll

Deoptimization events (20 events):
Event: 27.678 Thread 0x0000019ce7c4fc60 DEOPT PACKING pc=0x0000019cd73b498c sp=0x0000008e70afd200
Event: 27.678 Thread 0x0000019ce7c4fc60 DEOPT UNPACKING pc=0x0000019cd6b866a3 sp=0x0000008e70afd170 mode 2
Event: 27.678 Thread 0x0000019ce7c4e310 Uncommon trap: trap_request=0xffffffde fr.pc=0x0000019cd73b498c relative=0x0000000000000bec
Event: 27.678 Thread 0x0000019ce7c510a0 DEOPT PACKING pc=0x0000019ccfe9579e sp=0x0000008e713fdf20
Event: 27.678 Thread 0x0000019ce7c4e310 Uncommon trap: reason=class_check action=maybe_recompile pc=0x0000019cd73b498c method=java.util.concurrent.ConcurrentHashMap.putVal(Ljava/lang/Object;Ljava/lang/Object;Z)Ljava/lang/Object; @ 242 c2
Event: 27.678 Thread 0x0000019ce7c4e310 DEOPT PACKING pc=0x0000019cd73b498c sp=0x0000008e712fdce0
Event: 27.678 Thread 0x0000019ce7c510a0 DEOPT UNPACKING pc=0x0000019cd6b86e43 sp=0x0000008e713fd410 mode 0
Event: 27.678 Thread 0x0000019ce7c4e310 DEOPT UNPACKING pc=0x0000019cd6b866a3 sp=0x0000008e712fdc50 mode 2
Event: 27.679 Thread 0x0000019ce7c510a0 DEOPT PACKING pc=0x0000019ccfe9579e sp=0x0000008e713fdf20
Event: 27.679 Thread 0x0000019ce7c510a0 DEOPT UNPACKING pc=0x0000019cd6b86e43 sp=0x0000008e713fd410 mode 0
Event: 27.679 Thread 0x0000019ce7c515b0 Uncommon trap: trap_request=0xffffffde fr.pc=0x0000019cd73b498c relative=0x0000000000000bec
Event: 27.679 Thread 0x0000019ce7c515b0 Uncommon trap: reason=class_check action=maybe_recompile pc=0x0000019cd73b498c method=java.util.concurrent.ConcurrentHashMap.putVal(Ljava/lang/Object;Ljava/lang/Object;Z)Ljava/lang/Object; @ 242 c2
Event: 27.679 Thread 0x0000019ce7c515b0 DEOPT PACKING pc=0x0000019cd73b498c sp=0x0000008e70dfe270
Event: 27.679 Thread 0x0000019ce7c515b0 DEOPT UNPACKING pc=0x0000019cd6b866a3 sp=0x0000008e70dfe1e0 mode 2
Event: 27.679 Thread 0x0000019ce7c50170 DEOPT PACKING pc=0x0000019ccfe9579e sp=0x0000008e710fdd30
Event: 27.679 Thread 0x0000019ce7c50170 DEOPT UNPACKING pc=0x0000019cd6b86e43 sp=0x0000008e710fd220 mode 0
Event: 27.680 Thread 0x0000019ce7c510a0 Uncommon trap: trap_request=0xffffffde fr.pc=0x0000019cd73b498c relative=0x0000000000000bec
Event: 27.680 Thread 0x0000019ce7c510a0 Uncommon trap: reason=class_check action=maybe_recompile pc=0x0000019cd73b498c method=java.util.concurrent.ConcurrentHashMap.putVal(Ljava/lang/Object;Ljava/lang/Object;Z)Ljava/lang/Object; @ 242 c2
Event: 27.680 Thread 0x0000019ce7c510a0 DEOPT PACKING pc=0x0000019cd73b498c sp=0x0000008e713fe260
Event: 27.680 Thread 0x0000019ce7c510a0 DEOPT UNPACKING pc=0x0000019cd6b866a3 sp=0x0000008e713fe1d0 mode 2

Classes unloaded (7 events):
Event: 18.358 Thread 0x0000019cccafe040 Unloading class 0x000000010021e400 'java/lang/invoke/LambdaForm$MH+0x000000010021e400'
Event: 18.359 Thread 0x0000019cccafe040 Unloading class 0x000000010021e000 'java/lang/invoke/LambdaForm$MH+0x000000010021e000'
Event: 18.359 Thread 0x0000019cccafe040 Unloading class 0x000000010021dc00 'java/lang/invoke/LambdaForm$MH+0x000000010021dc00'
Event: 18.359 Thread 0x0000019cccafe040 Unloading class 0x000000010021d800 'java/lang/invoke/LambdaForm$MH+0x000000010021d800'
Event: 18.359 Thread 0x0000019cccafe040 Unloading class 0x000000010021d400 'java/lang/invoke/LambdaForm$BMH+0x000000010021d400'
Event: 18.359 Thread 0x0000019cccafe040 Unloading class 0x000000010021d000 'java/lang/invoke/LambdaForm$DMH+0x000000010021d000'
Event: 18.359 Thread 0x0000019cccafe040 Unloading class 0x0000000100218400 'java/lang/invoke/LambdaForm$DMH+0x0000000100218400'

Classes redefined (0 events):
No events

Internal exceptions (20 events):
Event: 24.481 Thread 0x0000019ce7e56090 Exception <a 'java/io/FileNotFoundException'{0x00000000eb8ff510}> (0x00000000eb8ff510) 
thrown [s\src\hotspot\share\prims\jni.cpp, line 516]
Event: 24.510 Thread 0x0000019ce7e56090 Exception <a 'java/lang/UnsatisfiedLinkError'{0x00000000eb9920b0}: Não foi possível encontrar o procedimento especificado.
> (0x00000000eb9920b0) 
thrown [s\src\hotspot\share\prims\jni.cpp, line 535]
Event: 24.569 Thread 0x0000019ccca3d890 Exception <a 'java/lang/NoSuchMethodError'{0x00000000ebb9c108}: 'java.lang.Object java.lang.invoke.DirectMethodHandle$Holder.invokeStatic(java.lang.Object, java.lang.Object, long, java.lang.Object)'> (0x00000000ebb9c108) 
thrown [s\src\hotspot\share\interpreter\linkResolver.cpp, line 759]
Event: 24.569 Thread 0x0000019ccca3d890 Exception <a 'java/lang/NoSuchMethodError'{0x00000000ebb9fba0}: 'java.lang.Object java.lang.invoke.DirectMethodHandle$Holder.invokeStaticInit(java.lang.Object, java.lang.Object, long, java.lang.Object)'> (0x00000000ebb9fba0) 
thrown [s\src\hotspot\share\interpreter\linkResolver.cpp, line 759]
Event: 24.570 Thread 0x0000019ccca3d890 Exception <a 'java/lang/NoSuchMethodError'{0x00000000ebba61b0}: 'java.lang.Object java.lang.invoke.DirectMethodHandle$Holder.newInvokeSpecial(java.lang.Object, java.lang.Object, long)'> (0x00000000ebba61b0) 
thrown [s\src\hotspot\share\interpreter\linkResolver.cpp, line 759]
Event: 24.759 Thread 0x0000019ccca3d890 Exception <a 'java/lang/NoSuchMethodError'{0x00000000ebf12110}: 'void java.lang.invoke.DirectMethodHandle$Holder.invokeStatic(java.lang.Object, java.lang.Object, java.lang.Object, java.lang.Object)'> (0x00000000ebf12110) 
thrown [s\src\hotspot\share\interpreter\linkResolver.cpp, line 759]
Event: 24.881 Thread 0x0000019ccca3d890 Exception <a 'java/lang/NoSuchMethodError'{0x00000000eb067e38}: 'void java.lang.invoke.DirectMethodHandle$Holder.invokeSpecial(java.lang.Object, java.lang.Object, java.lang.Object, java.lang.Object, java.lang.Object, java.lang.Object)'> (0x00000000eb067e38) 
thrown [s\src\hotspot\share\interpreter\linkResolver.cpp, line 759]
Event: 24.882 Thread 0x0000019ccca3d890 Exception <a 'java/lang/IncompatibleClassChangeError'{0x00000000eb0716e8}: Found class java.lang.Object, but interface was expected> (0x00000000eb0716e8) 
thrown [s\src\hotspot\share\interpreter\linkResolver.cpp, line 826]
Event: 26.111 Thread 0x0000019ce7c4fc60 Exception <a 'java/io/FileNotFoundException'{0x00000000eb23d1a0}> (0x00000000eb23d1a0) 
thrown [s\src\hotspot\share\prims\jni.cpp, line 516]
Event: 26.151 Thread 0x0000019ce7c4fc60 Exception <a 'sun/nio/fs/WindowsException'{0x00000000eb3b7338}> (0x00000000eb3b7338) 
thrown [s\src\hotspot\share\prims\jni.cpp, line 516]
Event: 26.152 Thread 0x0000019ce8089ad0 Exception <a 'java/io/FileNotFoundException'{0x00000000eadd7458}> (0x00000000eadd7458) 
thrown [s\src\hotspot\share\prims\jni.cpp, line 516]
Event: 26.152 Thread 0x0000019ce8089ad0 Exception <a 'java/io/FileNotFoundException'{0x00000000eadd84c0}> (0x00000000eadd84c0) 
thrown [s\src\hotspot\share\prims\jni.cpp, line 516]
Event: 26.152 Thread 0x0000019ce8089ad0 Exception <a 'java/io/FileNotFoundException'{0x00000000eadd9298}> (0x00000000eadd9298) 
thrown [s\src\hotspot\share\prims\jni.cpp, line 516]
Event: 26.362 Thread 0x0000019ce7c4fc60 Exception <a 'java/lang/NoSuchMethodError'{0x00000000eb73b278}: 'int java.lang.invoke.DirectMethodHandle$Holder.invokeVirtual(java.lang.Object, java.lang.Object)'> (0x00000000eb73b278) 
thrown [s\src\hotspot\share\interpreter\linkResolver.cpp, line 759]
Event: 26.385 Thread 0x0000019ce8089ad0 Exception <a 'java/lang/NoSuchMethodError'{0x00000000eb8444b8}: 'java.lang.Object java.lang.invoke.Invokers$Holder.invoke_MT(java.lang.Object, java.lang.Object, java.lang.Object)'> (0x00000000eb8444b8) 
thrown [s\src\hotspot\share\interpreter\linkResolver.cpp, line 759]
Event: 26.594 Thread 0x0000019ce8089ad0 Exception <a 'java/io/FileNotFoundException'{0x00000000eba439e8}> (0x00000000eba439e8) 
thrown [s\src\hotspot\share\prims\jni.cpp, line 516]
Event: 26.594 Thread 0x0000019ce8089ad0 Exception <a 'java/io/FileNotFoundException'{0x00000000eba44f88}> (0x00000000eba44f88) 
thrown [s\src\hotspot\share\prims\jni.cpp, line 516]
Event: 26.595 Thread 0x0000019ce8089ad0 Exception <a 'java/lang/NoSuchMethodError'{0x00000000eba56fa8}: 'void java.lang.invoke.DirectMethodHandle$Holder.invokeStaticInit(java.lang.Object, java.lang.Object, java.lang.Object)'> (0x00000000eba56fa8) 
thrown [s\src\hotspot\share\interpreter\linkResolver.cpp, line 759]
Event: 27.030 Thread 0x0000019ce7c4fc60 Implicit null exception at 0x0000019cd7410c83 to 0x0000019cd7410f84
Event: 27.087 Thread 0x0000019ce7c50170 Exception <a 'java/lang/NoSuchMethodError'{0x00000000ebd743c8}: 'java.lang.Object java.lang.invoke.DirectMethodHandle$Holder.invokeInterface(java.lang.Object, java.lang.Object, java.lang.Object)'> (0x00000000ebd743c8) 
thrown [s\src\hotspot\share\interpreter\linkResolver.cpp, line 759]

VM Operations (20 events):
Event: 26.558 Executing VM operation: ParallelGCFailedAllocation
Event: 26.559 Executing VM operation: ParallelGCFailedAllocation done
Event: 26.633 Executing VM operation: ParallelGCFailedAllocation
Event: 26.636 Executing VM operation: ParallelGCFailedAllocation done
Event: 26.738 Executing VM operation: ParallelGCFailedAllocation
Event: 26.740 Executing VM operation: ParallelGCFailedAllocation done
Event: 26.793 Executing VM operation: ParallelGCFailedAllocation
Event: 26.795 Executing VM operation: ParallelGCFailedAllocation done
Event: 26.824 Executing VM operation: ParallelGCFailedAllocation
Event: 26.826 Executing VM operation: ParallelGCFailedAllocation done
Event: 26.859 Executing VM operation: ParallelGCFailedAllocation
Event: 26.861 Executing VM operation: ParallelGCFailedAllocation done
Event: 27.356 Executing VM operation: ParallelGCFailedAllocation
Event: 27.360 Executing VM operation: ParallelGCFailedAllocation done
Event: 27.656 Executing VM operation: HandshakeAllThreads
Event: 27.656 Executing VM operation: HandshakeAllThreads done
Event: 28.657 Executing VM operation: Cleanup
Event: 28.657 Executing VM operation: Cleanup done
Event: 29.496 Executing VM operation: HandshakeAllThreads
Event: 29.496 Executing VM operation: HandshakeAllThreads done

Events (20 events):
Event: 27.146 Thread 0x0000019ce7c515b0 Thread added: 0x0000019ce7c515b0
Event: 27.280 loading class sun/nio/cs/ThreadLocalCoders
Event: 27.280 loading class sun/nio/cs/ThreadLocalCoders done
Event: 27.280 loading class sun/nio/cs/ThreadLocalCoders$1
Event: 27.280 loading class sun/nio/cs/ThreadLocalCoders$Cache
Event: 27.280 loading class sun/nio/cs/ThreadLocalCoders$Cache done
Event: 27.280 loading class sun/nio/cs/ThreadLocalCoders$1 done
Event: 27.280 loading class sun/nio/cs/ThreadLocalCoders$2
Event: 27.280 loading class sun/nio/cs/ThreadLocalCoders$2 done
Event: 27.355 Thread 0x0000019ce9b91f80 Thread exited: 0x0000019ce9b91f80
Event: 27.518 Thread 0x0000019ce92839e0 Thread exited: 0x0000019ce92839e0
Event: 27.518 Thread 0x0000019ce8adda40 Thread exited: 0x0000019ce8adda40
Event: 27.661 Thread 0x0000019cea8de9c0 Thread added: 0x0000019cea8de9c0
Event: 27.681 loading class java/lang/ExceptionInInitializerError
Event: 27.681 loading class java/lang/ExceptionInInitializerError done
Event: 27.682 Thread 0x0000019cf2ae8000 Thread added: 0x0000019cf2ae8000
Event: 28.083 Thread 0x0000019cf2ae8000 Thread exited: 0x0000019cf2ae8000
Event: 28.428 Thread 0x0000019cea8de9c0 Thread exited: 0x0000019cea8de9c0
Event: 28.428 Thread 0x0000019ce7cffc90 Thread exited: 0x0000019ce7cffc90
Event: 29.545 Thread 0x0000019ce7cffc90 Thread added: 0x0000019ce7cffc90


Dynamic libraries:
0x00007ff7ac2e0000 - 0x00007ff7ac2ee000 	c:\Users\aDMINISTRATOR\.vscode\extensions\redhat.java-1.30.0-win32-x64\jre\17.0.10-win32-x86_64\bin\java.exe
0x00007fff7f6f0000 - 0x00007fff7f8e8000 	C:\Windows\SYSTEM32\ntdll.dll
0x00007fff7edc0000 - 0x00007fff7ee7d000 	C:\Windows\System32\KERNEL32.DLL
0x00007fff7cdd0000 - 0x00007fff7d0c6000 	C:\Windows\System32\KERNELBASE.dll
0x00007fff7d570000 - 0x00007fff7d670000 	C:\Windows\System32\ucrtbase.dll
0x00007fff61650000 - 0x00007fff61667000 	c:\Users\aDMINISTRATOR\.vscode\extensions\redhat.java-1.30.0-win32-x64\jre\17.0.10-win32-x86_64\bin\jli.dll
0x00007fff5fb40000 - 0x00007fff5fb5b000 	c:\Users\aDMINISTRATOR\.vscode\extensions\redhat.java-1.30.0-win32-x64\jre\17.0.10-win32-x86_64\bin\VCRUNTIME140.dll
0x00007fff7e950000 - 0x00007fff7eaee000 	C:\Windows\System32\USER32.dll
0x00007fff7cda0000 - 0x00007fff7cdc2000 	C:\Windows\System32\win32u.dll
0x00007fff68dc0000 - 0x00007fff6905a000 	C:\Windows\WinSxS\amd64_microsoft.windows.common-controls_6595b64144ccf1df_6.0.19041.3636_none_60b6a03d71f818d5\COMCTL32.dll
0x00007fff7da00000 - 0x00007fff7da2b000 	C:\Windows\System32\GDI32.dll
0x00007fff7f610000 - 0x00007fff7f6ae000 	C:\Windows\System32\msvcrt.dll
0x00007fff7d260000 - 0x00007fff7d377000 	C:\Windows\System32\gdi32full.dll
0x00007fff7d0d0000 - 0x00007fff7d16d000 	C:\Windows\System32\msvcp_win.dll
0x00007fff7d950000 - 0x00007fff7d982000 	C:\Windows\System32\IMM32.DLL
0x00007fff7a1b0000 - 0x00007fff7a1bc000 	c:\Users\aDMINISTRATOR\.vscode\extensions\redhat.java-1.30.0-win32-x64\jre\17.0.10-win32-x86_64\bin\vcruntime140_1.dll
0x00007fff3e980000 - 0x00007fff3ea0d000 	c:\Users\aDMINISTRATOR\.vscode\extensions\redhat.java-1.30.0-win32-x64\jre\17.0.10-win32-x86_64\bin\msvcp140.dll
0x00007fff26730000 - 0x00007fff27392000 	c:\Users\aDMINISTRATOR\.vscode\extensions\redhat.java-1.30.0-win32-x64\jre\17.0.10-win32-x86_64\bin\server\jvm.dll
0x00007fff7df90000 - 0x00007fff7e040000 	C:\Windows\System32\ADVAPI32.dll
0x00007fff7d8b0000 - 0x00007fff7d950000 	C:\Windows\System32\sechost.dll
0x00007fff7d780000 - 0x00007fff7d8a5000 	C:\Windows\System32\RPCRT4.dll
0x00007fff7d230000 - 0x00007fff7d257000 	C:\Windows\System32\bcrypt.dll
0x00007fff7cc00000 - 0x00007fff7cc4b000 	C:\Windows\SYSTEM32\POWRPROF.dll
0x00007fff720e0000 - 0x00007fff720e9000 	C:\Windows\SYSTEM32\WSOCK32.dll
0x00007fff720f0000 - 0x00007fff72117000 	C:\Windows\SYSTEM32\WINMM.dll
0x00007fff73970000 - 0x00007fff7397a000 	C:\Windows\SYSTEM32\VERSION.dll
0x00007fff7e1f0000 - 0x00007fff7e25b000 	C:\Windows\System32\WS2_32.dll
0x00007fff7cbe0000 - 0x00007fff7cbf2000 	C:\Windows\SYSTEM32\UMPDC.dll
0x00007fff7aa90000 - 0x00007fff7aaa2000 	C:\Windows\SYSTEM32\kernel.appcore.dll
0x00007fff68260000 - 0x00007fff6826a000 	c:\Users\aDMINISTRATOR\.vscode\extensions\redhat.java-1.30.0-win32-x64\jre\17.0.10-win32-x86_64\bin\jimage.dll
0x00007fff72170000 - 0x00007fff72354000 	C:\Windows\SYSTEM32\DBGHELP.DLL
0x00007fff71a80000 - 0x00007fff71ab4000 	C:\Windows\SYSTEM32\dbgcore.DLL
0x00007fff7d4e0000 - 0x00007fff7d562000 	C:\Windows\System32\bcryptPrimitives.dll
0x00007fff68130000 - 0x00007fff6813e000 	c:\Users\aDMINISTRATOR\.vscode\extensions\redhat.java-1.30.0-win32-x64\jre\17.0.10-win32-x86_64\bin\instrument.dll
0x00007fff5fb10000 - 0x00007fff5fb35000 	c:\Users\aDMINISTRATOR\.vscode\extensions\redhat.java-1.30.0-win32-x64\jre\17.0.10-win32-x86_64\bin\java.dll
0x00007fff511d0000 - 0x00007fff511e8000 	c:\Users\aDMINISTRATOR\.vscode\extensions\redhat.java-1.30.0-win32-x64\jre\17.0.10-win32-x86_64\bin\zip.dll
0x00007fff7ee80000 - 0x00007fff7f5eb000 	C:\Windows\System32\SHELL32.dll
0x00007fff7ac90000 - 0x00007fff7b42e000 	C:\Windows\SYSTEM32\windows.storage.dll
0x00007fff7da90000 - 0x00007fff7dde3000 	C:\Windows\System32\combase.dll
0x00007fff7c700000 - 0x00007fff7c72e000 	C:\Windows\SYSTEM32\Wldp.dll
0x00007fff7ecf0000 - 0x00007fff7edbd000 	C:\Windows\System32\OLEAUT32.dll
0x00007fff7ded0000 - 0x00007fff7df7d000 	C:\Windows\System32\SHCORE.dll
0x00007fff7eb70000 - 0x00007fff7ebc5000 	C:\Windows\System32\shlwapi.dll
0x00007fff7ccd0000 - 0x00007fff7ccf5000 	C:\Windows\SYSTEM32\profapi.dll
0x00007fff51160000 - 0x00007fff51179000 	C:\Users\aDMINISTRATOR\.vscode\extensions\redhat.java-1.30.0-win32-x64\jre\17.0.10-win32-x86_64\bin\net.dll
0x00007fff757d0000 - 0x00007fff758da000 	C:\Windows\SYSTEM32\WINHTTP.dll
0x00007fff7c460000 - 0x00007fff7c4ca000 	C:\Windows\system32\mswsock.dll
0x00007fff51140000 - 0x00007fff51156000 	C:\Users\aDMINISTRATOR\.vscode\extensions\redhat.java-1.30.0-win32-x64\jre\17.0.10-win32-x86_64\bin\nio.dll
0x00007fff68020000 - 0x00007fff68030000 	c:\Users\aDMINISTRATOR\.vscode\extensions\redhat.java-1.30.0-win32-x64\jre\17.0.10-win32-x86_64\bin\verify.dll
0x00007fff4dde0000 - 0x00007fff4de1e000 	C:\Users\aDMINISTRATOR\AppData\Roaming\Code\User\globalStorage\redhat.java\1.30.0\config_ss_win\org.eclipse.equinox.launcher\org.eclipse.equinox.launcher.win32.win32.x86_64_1.2.900.v20240213-1244\eclipse_11900.dll
0x00007fff7e260000 - 0x00007fff7e38b000 	C:\Windows\System32\ole32.dll
0x00007fff7c660000 - 0x00007fff7c678000 	C:\Windows\SYSTEM32\CRYPTSP.dll
0x00007fff7bd90000 - 0x00007fff7bdc4000 	C:\Windows\system32\rsaenh.dll
0x00007fff7cc90000 - 0x00007fff7ccbe000 	C:\Windows\SYSTEM32\USERENV.dll
0x00007fff7c650000 - 0x00007fff7c65c000 	C:\Windows\SYSTEM32\CRYPTBASE.dll
0x00007fff7c150000 - 0x00007fff7c18b000 	C:\Windows\SYSTEM32\IPHLPAPI.DLL
0x00007fff7e420000 - 0x00007fff7e428000 	C:\Windows\System32\NSI.dll
0x00007fff77fe0000 - 0x00007fff77ff7000 	C:\Windows\SYSTEM32\dhcpcsvc6.DLL
0x00007fff77f90000 - 0x00007fff77fad000 	C:\Windows\SYSTEM32\dhcpcsvc.DLL
0x00007fff7c190000 - 0x00007fff7c25b000 	C:\Windows\SYSTEM32\DNSAPI.dll
0x00007fff3e8b0000 - 0x00007fff3e8f5000 	C:\Users\aDMINISTRATOR\AppData\Local\Temp\jna--1830954323\jna5690199838690532570.dll
0x00007fff7d990000 - 0x00007fff7d998000 	C:\Windows\System32\PSAPI.DLL

dbghelp: loaded successfully - version: 4.0.5 - missing functions: none
symbol engine: initialized successfully - sym options: 0x614 - pdb path: .;c:\Users\aDMINISTRATOR\.vscode\extensions\redhat.java-1.30.0-win32-x64\jre\17.0.10-win32-x86_64\bin;C:\Windows\SYSTEM32;C:\Windows\WinSxS\amd64_microsoft.windows.common-controls_6595b64144ccf1df_6.0.19041.3636_none_60b6a03d71f818d5;c:\Users\aDMINISTRATOR\.vscode\extensions\redhat.java-1.30.0-win32-x64\jre\17.0.10-win32-x86_64\bin\server;C:\Users\aDMINISTRATOR\AppData\Roaming\Code\User\globalStorage\redhat.java\1.30.0\config_ss_win\org.eclipse.equinox.launcher\org.eclipse.equinox.launcher.win32.win32.x86_64_1.2.900.v20240213-1244;C:\Users\aDMINISTRATOR\AppData\Local\Temp\jna--1830954323

VM Arguments:
jvm_args: --add-modules=ALL-SYSTEM --add-opens=java.base/java.util=ALL-UNNAMED --add-opens=java.base/java.lang=ALL-UNNAMED --add-opens=java.base/sun.nio.fs=ALL-UNNAMED -Declipse.application=org.eclipse.jdt.ls.core.id1 -Dosgi.bundles.defaultStartLevel=4 -Declipse.product=org.eclipse.jdt.ls.core.product -Djava.import.generatesMetadataFilesAtProjectRoot=false -DDetectVMInstallationsJob.disabled=true -Dfile.encoding=utf8 -XX:+UseParallelGC -XX:GCTimeRatio=4 -XX:AdaptiveSizePolicyWeight=90 -Dsun.zip.disableMemoryMapping=true -Xmx1G -Xms100m -Xlog:disable -javaagent:c:\Users\aDMINISTRATOR\.vscode\extensions\redhat.java-1.30.0-win32-x64\lombok\lombok-1.18.32.jar 
java_command: c:\Users\aDMINISTRATOR\.vscode\extensions\redhat.java-1.30.0-win32-x64\server\plugins\org.eclipse.equinox.launcher_1.6.800.v20240330-1250.jar -configuration c:\Users\aDMINISTRATOR\AppData\Roaming\Code\User\globalStorage\redhat.java\1.30.0\config_ss_win -data c:\Users\aDMINISTRATOR\AppData\Roaming\Code\User\workspaceStorage\615ccf0f16dc16ebe47b9a3c97cb4bae\redhat.java\ss_ws --pipe=\\.\pipe\lsp-d12a214e20c11fe3e184f14a85d79a43-sock
java_class_path (initial): c:\Users\aDMINISTRATOR\.vscode\extensions\redhat.java-1.30.0-win32-x64\server\plugins\org.eclipse.equinox.launcher_1.6.800.v20240330-1250.jar
Launcher Type: SUN_STANDARD

[Global flags]
    uintx AdaptiveSizePolicyWeight                 = 90                                        {product} {command line}
     intx CICompilerCount                          = 12                                        {product} {ergonomic}
    uintx GCTimeRatio                              = 4                                         {product} {command line}
   size_t InitialHeapSize                          = 104857600                                 {product} {command line}
   size_t MaxHeapSize                              = 1073741824                                {product} {command line}
   size_t MaxNewSize                               = 357564416                                 {product} {ergonomic}
   size_t MinHeapDeltaBytes                        = 524288                                    {product} {ergonomic}
   size_t MinHeapSize                              = 104857600                                 {product} {command line}
   size_t NewSize                                  = 34603008                                  {product} {ergonomic}
    uintx NonNMethodCodeHeapSize                   = 7602480                                {pd product} {ergonomic}
    uintx NonProfiledCodeHeapSize                  = 122027880                              {pd product} {ergonomic}
   size_t OldSize                                  = 70254592                                  {product} {ergonomic}
    uintx ProfiledCodeHeapSize                     = 122027880                              {pd product} {ergonomic}
    uintx ReservedCodeCacheSize                    = 251658240                              {pd product} {ergonomic}
     bool SegmentedCodeCache                       = true                                      {product} {ergonomic}
   size_t SoftMaxHeapSize                          = 1073741824                             {manageable} {ergonomic}
     bool UseCompressedClassPointers               = true                           {product lp64_product} {ergonomic}
     bool UseCompressedOops                        = true                           {product lp64_product} {ergonomic}
     bool UseLargePagesIndividualAllocation        = false                                  {pd product} {ergonomic}
     bool UseParallelGC                            = true                                      {product} {command line}

Logging:
Log output configuration:
 #0: stdout all=off uptime,level,tags
 #1: stderr all=off uptime,level,tags

Environment Variables:
PATH=C:\Program Files\Common Files\Oracle\Java\javapath;C:\Windows\system32;C:\Windows;C:\Windows\System32\Wbem;C:\Windows\System32\WindowsPowerShell\v1.0\;C:\Windows\System32\OpenSSH\;C:\maven\apache-maven-3.8.8\bin;C:\Program Files\Java\jdk-20;C:\ProgramData\chocolatey\bin;C:\Program Files\Disk Usage\;C:\Program Files\Git\cmd;C:\Program Files\nodejs\;C:\Program Files\MySQL\MySQL Shell 8.0\bin\;C:\Users\aDMINISTRATOR\AppData\Local\Microsoft\WindowsApps;C:\Users\aDMINISTRATOR\AppData\Roaming\npm\;C:\Users\aDMINISTRATOR\AppData\Local\Programs\Microsoft VS Code\bin;C:\nginx;C:\Users\aDMINISTRATOR\AppData\Roaming\npm\node_modules\pm2\bin
USERNAME=ADMINISTRATOR
OS=Windows_NT
PROCESSOR_IDENTIFIER=Intel64 Family 6 Model 165 Stepping 5, GenuineIntel
TMP=C:\Users\ADMINI~1\AppData\Local\Temp
TEMP=C:\Users\ADMINI~1\AppData\Local\Temp



Periodic native trim disabled


---------------  S Y S T E M  ---------------

OS:
 Windows 10 , 64 bit Build 19041 (10.0.19041.3636)
OS uptime: 18 days 4:54 hours
Hyper-V virtualization detected

CPU: total 16 (initial active 16) (8 cores per cpu, 2 threads per core) family 6 model 165 stepping 5 microcode 0xffffffff, cx8, cmov, fxsr, ht, mmx, 3dnowpref, sse, sse2, sse3, ssse3, sse4.1, sse4.2, popcnt, lzcnt, tsc, avx, avx2, aes, erms, clmul, bmi1, bmi2, adx, fma, vzeroupper, clflush, clflushopt, hv
Processor Information for all 16 processors :
  Max Mhz: 2904, Current Mhz: 2904, Mhz Limit: 2904

Memory: 4k page, system-wide physical 15999M (4371M free)
TotalPageFile size 30136M (AvailPageFile size 50M)
current process WorkingSet (physical memory assigned to process): 199M, peak: 200M
current process commit charge ("private bytes"): 309M, peak: 310M

vm_info: OpenJDK 64-Bit Server VM (17.0.10+7) for windows-amd64 JRE (17.0.10+7), built on Jan 16 2024 23:25:11 by "admin" with MS VC++ 16.10 / 16.11 (VS2019)

END.
